{"C:\\Users\\yami2\\OneDrive\\Desktop\\Third Year stuff\\Software Design\\Lucs-Project-Live\\Lucs-Project\\Back-end\\routes\\allocations.js": {"path":"C:\\Users\\yami2\\OneDrive\\Desktop\\Third Year stuff\\Software Design\\Lucs-Project-Live\\Lucs-Project\\Back-end\\routes\\allocations.js","statementMap":{"0":{"start":{"line":1,"column":16},"end":{"line":1,"column":34}},"1":{"start":{"line":2,"column":15},"end":{"line":2,"column":31}},"2":{"start":{"line":3,"column":48},"end":{"line":3,"column":68}},"3":{"start":{"line":10,"column":0},"end":{"line":18,"column":3}},"4":{"start":{"line":11,"column":4},"end":{"line":17,"column":5}},"5":{"start":{"line":12,"column":28},"end":{"line":12,"column":54}},"6":{"start":{"line":13,"column":8},"end":{"line":13,"column":30}},"7":{"start":{"line":15,"column":8},"end":{"line":15,"column":27}},"8":{"start":{"line":16,"column":8},"end":{"line":16,"column":53}},"9":{"start":{"line":21,"column":0},"end":{"line":32,"column":3}},"10":{"start":{"line":22,"column":4},"end":{"line":31,"column":5}},"11":{"start":{"line":23,"column":22},"end":{"line":26,"column":10}},"12":{"start":{"line":27,"column":8},"end":{"line":27,"column":24}},"13":{"start":{"line":29,"column":8},"end":{"line":29,"column":27}},"14":{"start":{"line":30,"column":8},"end":{"line":30,"column":53}},"15":{"start":{"line":35,"column":0},"end":{"line":46,"column":3}},"16":{"start":{"line":36,"column":4},"end":{"line":45,"column":5}},"17":{"start":{"line":37,"column":32},"end":{"line":40,"column":10}},"18":{"start":{"line":41,"column":8},"end":{"line":41,"column":34}},"19":{"start":{"line":43,"column":8},"end":{"line":43,"column":27}},"20":{"start":{"line":44,"column":8},"end":{"line":44,"column":53}},"21":{"start":{"line":53,"column":0},"end":{"line":62,"column":3}},"22":{"start":{"line":54,"column":4},"end":{"line":61,"column":5}},"23":{"start":{"line":56,"column":30},"end":{"line":56,"column":63}},"24":{"start":{"line":57,"column":8},"end":{"line":57,"column":110}},"25":{"start":{"line":59,"column":8},"end":{"line":59,"column":27}},"26":{"start":{"line":60,"column":8},"end":{"line":60,"column":53}},"27":{"start":{"line":65,"column":0},"end":{"line":80,"column":3}},"28":{"start":{"line":66,"column":4},"end":{"line":79,"column":5}},"29":{"start":{"line":68,"column":24},"end":{"line":70,"column":10}},"30":{"start":{"line":72,"column":8},"end":{"line":74,"column":9}},"31":{"start":{"line":73,"column":12},"end":{"line":73,"column":77}},"32":{"start":{"line":75,"column":8},"end":{"line":75,"column":76}},"33":{"start":{"line":77,"column":8},"end":{"line":77,"column":27}},"34":{"start":{"line":78,"column":8},"end":{"line":78,"column":53}},"35":{"start":{"line":82,"column":0},"end":{"line":82,"column":24}}},"fnMap":{"0":{"name":"(anonymous_0)","decl":{"start":{"line":10,"column":16},"end":{"line":10,"column":17}},"loc":{"start":{"line":10,"column":36},"end":{"line":18,"column":1}},"line":10},"1":{"name":"(anonymous_1)","decl":{"start":{"line":21,"column":32},"end":{"line":21,"column":33}},"loc":{"start":{"line":21,"column":52},"end":{"line":32,"column":1}},"line":21},"2":{"name":"(anonymous_2)","decl":{"start":{"line":35,"column":32},"end":{"line":35,"column":33}},"loc":{"start":{"line":35,"column":52},"end":{"line":46,"column":1}},"line":35},"3":{"name":"(anonymous_3)","decl":{"start":{"line":53,"column":17},"end":{"line":53,"column":18}},"loc":{"start":{"line":53,"column":37},"end":{"line":62,"column":1}},"line":53},"4":{"name":"(anonymous_4)","decl":{"start":{"line":65,"column":22},"end":{"line":65,"column":23}},"loc":{"start":{"line":65,"column":42},"end":{"line":80,"column":1}},"line":65}},"branchMap":{"0":{"loc":{"start":{"line":72,"column":8},"end":{"line":74,"column":9}},"type":"if","locations":[{"start":{"line":72,"column":8},"end":{"line":74,"column":9}},{"start":{},"end":{}}],"line":72}},"s":{"0":1,"1":1,"2":1,"3":1,"4":2,"5":2,"6":1,"7":1,"8":1,"9":1,"10":1,"11":1,"12":1,"13":0,"14":0,"15":1,"16":0,"17":0,"18":0,"19":0,"20":0,"21":1,"22":2,"23":2,"24":1,"25":1,"26":1,"27":1,"28":2,"29":2,"30":2,"31":1,"32":1,"33":0,"34":0,"35":1},"f":{"0":2,"1":1,"2":0,"3":2,"4":2},"b":{"0":[1,1]},"_coverageSchema":"1a1c01bbd47fc00a2c39e90264f33305004495a9","hash":"e4aa8cd47a126069784dc6abfb70e51ae940b0dd"}
,"C:\\Users\\yami2\\OneDrive\\Desktop\\Third Year stuff\\Software Design\\Lucs-Project-Live\\Lucs-Project\\Back-end\\routes\\geography.js": {"path":"C:\\Users\\yami2\\OneDrive\\Desktop\\Third Year stuff\\Software Design\\Lucs-Project-Live\\Lucs-Project\\Back-end\\routes\\geography.js","statementMap":{"0":{"start":{"line":1,"column":14},"end":{"line":1,"column":32}},"1":{"start":{"line":2,"column":13},"end":{"line":2,"column":29}},"2":{"start":{"line":3,"column":38},"end":{"line":3,"column":58}},"3":{"start":{"line":9,"column":0},"end":{"line":17,"column":3}},"4":{"start":{"line":10,"column":4},"end":{"line":16,"column":5}},"5":{"start":{"line":11,"column":24},"end":{"line":11,"column":48}},"6":{"start":{"line":12,"column":8},"end":{"line":12,"column":28}},"7":{"start":{"line":14,"column":8},"end":{"line":14,"column":27}},"8":{"start":{"line":15,"column":8},"end":{"line":15,"column":50}},"9":{"start":{"line":21,"column":0},"end":{"line":31,"column":3}},"10":{"start":{"line":22,"column":4},"end":{"line":30,"column":5}},"11":{"start":{"line":23,"column":29},"end":{"line":25,"column":10}},"12":{"start":{"line":26,"column":8},"end":{"line":26,"column":33}},"13":{"start":{"line":28,"column":8},"end":{"line":28,"column":27}},"14":{"start":{"line":29,"column":8},"end":{"line":29,"column":50}},"15":{"start":{"line":37,"column":0},"end":{"line":45,"column":3}},"16":{"start":{"line":38,"column":4},"end":{"line":44,"column":5}},"17":{"start":{"line":39,"column":29},"end":{"line":39,"column":57}},"18":{"start":{"line":40,"column":8},"end":{"line":40,"column":33}},"19":{"start":{"line":42,"column":8},"end":{"line":42,"column":27}},"20":{"start":{"line":43,"column":8},"end":{"line":43,"column":50}},"21":{"start":{"line":49,"column":0},"end":{"line":59,"column":3}},"22":{"start":{"line":50,"column":4},"end":{"line":58,"column":5}},"23":{"start":{"line":51,"column":20},"end":{"line":53,"column":10}},"24":{"start":{"line":54,"column":8},"end":{"line":54,"column":24}},"25":{"start":{"line":56,"column":8},"end":{"line":56,"column":27}},"26":{"start":{"line":57,"column":8},"end":{"line":57,"column":50}},"27":{"start":{"line":62,"column":0},"end":{"line":73,"column":3}},"28":{"start":{"line":63,"column":4},"end":{"line":72,"column":5}},"29":{"start":{"line":64,"column":29},"end":{"line":64,"column":71}},"30":{"start":{"line":65,"column":8},"end":{"line":67,"column":9}},"31":{"start":{"line":66,"column":12},"end":{"line":66,"column":79}},"32":{"start":{"line":68,"column":8},"end":{"line":68,"column":31}},"33":{"start":{"line":70,"column":8},"end":{"line":70,"column":27}},"34":{"start":{"line":71,"column":8},"end":{"line":71,"column":53}},"35":{"start":{"line":78,"column":0},"end":{"line":86,"column":3}},"36":{"start":{"line":79,"column":4},"end":{"line":85,"column":5}},"37":{"start":{"line":80,"column":20},"end":{"line":80,"column":40}},"38":{"start":{"line":81,"column":8},"end":{"line":81,"column":24}},"39":{"start":{"line":83,"column":8},"end":{"line":83,"column":27}},"40":{"start":{"line":84,"column":8},"end":{"line":84,"column":50}},"41":{"start":{"line":89,"column":0},"end":{"line":100,"column":3}},"42":{"start":{"line":90,"column":4},"end":{"line":99,"column":5}},"43":{"start":{"line":91,"column":19},"end":{"line":91,"column":53}},"44":{"start":{"line":92,"column":8},"end":{"line":94,"column":9}},"45":{"start":{"line":93,"column":12},"end":{"line":93,"column":68}},"46":{"start":{"line":95,"column":8},"end":{"line":95,"column":23}},"47":{"start":{"line":97,"column":8},"end":{"line":97,"column":27}},"48":{"start":{"line":98,"column":8},"end":{"line":98,"column":50}},"49":{"start":{"line":103,"column":0},"end":{"line":124,"column":3}},"50":{"start":{"line":104,"column":4},"end":{"line":123,"column":5}},"51":{"start":{"line":105,"column":35},"end":{"line":105,"column":55}},"52":{"start":{"line":107,"column":36},"end":{"line":112,"column":10}},"53":{"start":{"line":114,"column":8},"end":{"line":116,"column":9}},"54":{"start":{"line":115,"column":12},"end":{"line":115,"column":71}},"55":{"start":{"line":119,"column":8},"end":{"line":119,"column":48}},"56":{"start":{"line":121,"column":8},"end":{"line":121,"column":27}},"57":{"start":{"line":122,"column":8},"end":{"line":122,"column":53}},"58":{"start":{"line":126,"column":0},"end":{"line":126,"column":22}}},"fnMap":{"0":{"name":"(anonymous_0)","decl":{"start":{"line":9,"column":25},"end":{"line":9,"column":26}},"loc":{"start":{"line":9,"column":41},"end":{"line":17,"column":1}},"line":9},"1":{"name":"(anonymous_1)","decl":{"start":{"line":21,"column":44},"end":{"line":21,"column":45}},"loc":{"start":{"line":21,"column":60},"end":{"line":31,"column":1}},"line":21},"2":{"name":"(anonymous_2)","decl":{"start":{"line":37,"column":29},"end":{"line":37,"column":30}},"loc":{"start":{"line":37,"column":45},"end":{"line":45,"column":1}},"line":37},"3":{"name":"(anonymous_3)","decl":{"start":{"line":49,"column":40},"end":{"line":49,"column":41}},"loc":{"start":{"line":49,"column":56},"end":{"line":59,"column":1}},"line":49},"4":{"name":"(anonymous_4)","decl":{"start":{"line":62,"column":34},"end":{"line":62,"column":35}},"loc":{"start":{"line":62,"column":54},"end":{"line":73,"column":1}},"line":62},"5":{"name":"(anonymous_5)","decl":{"start":{"line":78,"column":21},"end":{"line":78,"column":22}},"loc":{"start":{"line":78,"column":37},"end":{"line":86,"column":1}},"line":78},"6":{"name":"(anonymous_6)","decl":{"start":{"line":89,"column":25},"end":{"line":89,"column":26}},"loc":{"start":{"line":89,"column":41},"end":{"line":100,"column":1}},"line":89},"7":{"name":"(anonymous_7)","decl":{"start":{"line":103,"column":37},"end":{"line":103,"column":38}},"loc":{"start":{"line":103,"column":57},"end":{"line":124,"column":1}},"line":103}},"branchMap":{"0":{"loc":{"start":{"line":65,"column":8},"end":{"line":67,"column":9}},"type":"if","locations":[{"start":{"line":65,"column":8},"end":{"line":67,"column":9}},{"start":{},"end":{}}],"line":65},"1":{"loc":{"start":{"line":92,"column":8},"end":{"line":94,"column":9}},"type":"if","locations":[{"start":{"line":92,"column":8},"end":{"line":94,"column":9}},{"start":{},"end":{}}],"line":92},"2":{"loc":{"start":{"line":114,"column":8},"end":{"line":116,"column":9}},"type":"if","locations":[{"start":{"line":114,"column":8},"end":{"line":116,"column":9}},{"start":{},"end":{}}],"line":114}},"s":{"0":1,"1":1,"2":1,"3":1,"4":2,"5":2,"6":1,"7":1,"8":1,"9":1,"10":1,"11":1,"12":1,"13":0,"14":0,"15":1,"16":0,"17":0,"18":0,"19":0,"20":0,"21":1,"22":0,"23":0,"24":0,"25":0,"26":0,"27":1,"28":0,"29":0,"30":0,"31":0,"32":0,"33":0,"34":0,"35":1,"36":0,"37":0,"38":0,"39":0,"40":0,"41":1,"42":2,"43":2,"44":2,"45":1,"46":1,"47":0,"48":0,"49":1,"50":2,"51":2,"52":2,"53":2,"54":1,"55":1,"56":0,"57":0,"58":1},"f":{"0":2,"1":1,"2":0,"3":0,"4":0,"5":0,"6":2,"7":2},"b":{"0":[0,0],"1":[1,1],"2":[1,1]},"_coverageSchema":"1a1c01bbd47fc00a2c39e90264f33305004495a9","hash":"6edee1a7420f8f61fbf0e41651717c219e22926a"}
,"C:\\Users\\yami2\\OneDrive\\Desktop\\Third Year stuff\\Software Design\\Lucs-Project-Live\\Lucs-Project\\Back-end\\routes\\grievances.js": {"path":"C:\\Users\\yami2\\OneDrive\\Desktop\\Third Year stuff\\Software Design\\Lucs-Project-Live\\Lucs-Project\\Back-end\\routes\\grievances.js","statementMap":{"0":{"start":{"line":1,"column":16},"end":{"line":1,"column":34}},"1":{"start":{"line":2,"column":15},"end":{"line":2,"column":31}},"2":{"start":{"line":3,"column":46},"end":{"line":3,"column":66}},"3":{"start":{"line":10,"column":0},"end":{"line":18,"column":3}},"4":{"start":{"line":11,"column":4},"end":{"line":17,"column":5}},"5":{"start":{"line":12,"column":27},"end":{"line":12,"column":52}},"6":{"start":{"line":13,"column":8},"end":{"line":13,"column":29}},"7":{"start":{"line":15,"column":8},"end":{"line":15,"column":27}},"8":{"start":{"line":16,"column":8},"end":{"line":16,"column":53}},"9":{"start":{"line":21,"column":0},"end":{"line":31,"column":3}},"10":{"start":{"line":22,"column":4},"end":{"line":30,"column":5}},"11":{"start":{"line":23,"column":27},"end":{"line":25,"column":10}},"12":{"start":{"line":26,"column":8},"end":{"line":26,"column":29}},"13":{"start":{"line":28,"column":8},"end":{"line":28,"column":27}},"14":{"start":{"line":29,"column":8},"end":{"line":29,"column":53}},"15":{"start":{"line":34,"column":0},"end":{"line":44,"column":3}},"16":{"start":{"line":35,"column":4},"end":{"line":43,"column":5}},"17":{"start":{"line":36,"column":27},"end":{"line":38,"column":10}},"18":{"start":{"line":39,"column":8},"end":{"line":39,"column":29}},"19":{"start":{"line":41,"column":8},"end":{"line":41,"column":27}},"20":{"start":{"line":42,"column":8},"end":{"line":42,"column":53}},"21":{"start":{"line":47,"column":0},"end":{"line":58,"column":3}},"22":{"start":{"line":48,"column":4},"end":{"line":57,"column":5}},"23":{"start":{"line":49,"column":26},"end":{"line":49,"column":65}},"24":{"start":{"line":50,"column":8},"end":{"line":52,"column":9}},"25":{"start":{"line":51,"column":12},"end":{"line":51,"column":76}},"26":{"start":{"line":53,"column":8},"end":{"line":53,"column":28}},"27":{"start":{"line":55,"column":8},"end":{"line":55,"column":27}},"28":{"start":{"line":56,"column":8},"end":{"line":56,"column":53}},"29":{"start":{"line":65,"column":0},"end":{"line":74,"column":3}},"30":{"start":{"line":66,"column":4},"end":{"line":73,"column":5}},"31":{"start":{"line":68,"column":29},"end":{"line":68,"column":61}},"32":{"start":{"line":69,"column":8},"end":{"line":69,"column":104}},"33":{"start":{"line":71,"column":8},"end":{"line":71,"column":27}},"34":{"start":{"line":72,"column":8},"end":{"line":72,"column":53}},"35":{"start":{"line":77,"column":0},"end":{"line":92,"column":3}},"36":{"start":{"line":78,"column":4},"end":{"line":91,"column":5}},"37":{"start":{"line":79,"column":30},"end":{"line":82,"column":9}},"38":{"start":{"line":84,"column":8},"end":{"line":86,"column":9}},"39":{"start":{"line":85,"column":12},"end":{"line":85,"column":76}},"40":{"start":{"line":87,"column":8},"end":{"line":87,"column":87}},"41":{"start":{"line":89,"column":8},"end":{"line":89,"column":27}},"42":{"start":{"line":90,"column":8},"end":{"line":90,"column":53}},"43":{"start":{"line":95,"column":0},"end":{"line":106,"column":3}},"44":{"start":{"line":96,"column":4},"end":{"line":105,"column":5}},"45":{"start":{"line":97,"column":24},"end":{"line":97,"column":90}},"46":{"start":{"line":98,"column":8},"end":{"line":100,"column":9}},"47":{"start":{"line":99,"column":12},"end":{"line":99,"column":76}},"48":{"start":{"line":101,"column":8},"end":{"line":101,"column":76}},"49":{"start":{"line":103,"column":8},"end":{"line":103,"column":27}},"50":{"start":{"line":104,"column":8},"end":{"line":104,"column":53}},"51":{"start":{"line":108,"column":0},"end":{"line":108,"column":24}}},"fnMap":{"0":{"name":"(anonymous_0)","decl":{"start":{"line":10,"column":16},"end":{"line":10,"column":17}},"loc":{"start":{"line":10,"column":36},"end":{"line":18,"column":1}},"line":10},"1":{"name":"(anonymous_1)","decl":{"start":{"line":21,"column":36},"end":{"line":21,"column":37}},"loc":{"start":{"line":21,"column":56},"end":{"line":31,"column":1}},"line":21},"2":{"name":"(anonymous_2)","decl":{"start":{"line":34,"column":41},"end":{"line":34,"column":42}},"loc":{"start":{"line":34,"column":61},"end":{"line":44,"column":1}},"line":34},"3":{"name":"(anonymous_3)","decl":{"start":{"line":47,"column":19},"end":{"line":47,"column":20}},"loc":{"start":{"line":47,"column":39},"end":{"line":58,"column":1}},"line":47},"4":{"name":"(anonymous_4)","decl":{"start":{"line":65,"column":17},"end":{"line":65,"column":18}},"loc":{"start":{"line":65,"column":37},"end":{"line":74,"column":1}},"line":65},"5":{"name":"(anonymous_5)","decl":{"start":{"line":77,"column":27},"end":{"line":77,"column":28}},"loc":{"start":{"line":77,"column":47},"end":{"line":92,"column":1}},"line":77},"6":{"name":"(anonymous_6)","decl":{"start":{"line":95,"column":22},"end":{"line":95,"column":23}},"loc":{"start":{"line":95,"column":42},"end":{"line":106,"column":1}},"line":95}},"branchMap":{"0":{"loc":{"start":{"line":50,"column":8},"end":{"line":52,"column":9}},"type":"if","locations":[{"start":{"line":50,"column":8},"end":{"line":52,"column":9}},{"start":{},"end":{}}],"line":50},"1":{"loc":{"start":{"line":84,"column":8},"end":{"line":86,"column":9}},"type":"if","locations":[{"start":{"line":84,"column":8},"end":{"line":86,"column":9}},{"start":{},"end":{}}],"line":84},"2":{"loc":{"start":{"line":98,"column":8},"end":{"line":100,"column":9}},"type":"if","locations":[{"start":{"line":98,"column":8},"end":{"line":100,"column":9}},{"start":{},"end":{}}],"line":98}},"s":{"0":1,"1":1,"2":1,"3":1,"4":2,"5":2,"6":1,"7":1,"8":1,"9":1,"10":1,"11":1,"12":1,"13":0,"14":0,"15":1,"16":0,"17":0,"18":0,"19":0,"20":0,"21":1,"22":2,"23":2,"24":2,"25":1,"26":1,"27":0,"28":0,"29":1,"30":2,"31":2,"32":1,"33":1,"34":1,"35":1,"36":2,"37":2,"38":2,"39":1,"40":1,"41":0,"42":0,"43":1,"44":2,"45":2,"46":2,"47":1,"48":1,"49":0,"50":0,"51":1},"f":{"0":2,"1":1,"2":0,"3":2,"4":2,"5":2,"6":2},"b":{"0":[1,1],"1":[1,1],"2":[1,1]},"_coverageSchema":"1a1c01bbd47fc00a2c39e90264f33305004495a9","hash":"f5b13b150f538bd03b8f47a51e46d86cc1d8edb7"}
,"C:\\Users\\yami2\\OneDrive\\Desktop\\Third Year stuff\\Software Design\\Lucs-Project-Live\\Lucs-Project\\Back-end\\routes\\notifications.js": {"path":"C:\\Users\\yami2\\OneDrive\\Desktop\\Third Year stuff\\Software Design\\Lucs-Project-Live\\Lucs-Project\\Back-end\\routes\\notifications.js","statementMap":{"0":{"start":{"line":1,"column":16},"end":{"line":1,"column":34}},"1":{"start":{"line":2,"column":15},"end":{"line":2,"column":31}},"2":{"start":{"line":3,"column":25},"end":{"line":3,"column":45}},"3":{"start":{"line":8,"column":0},"end":{"line":17,"column":3}},"4":{"start":{"line":9,"column":4},"end":{"line":16,"column":5}},"5":{"start":{"line":10,"column":22},"end":{"line":12,"column":10}},"6":{"start":{"line":13,"column":8},"end":{"line":13,"column":28}},"7":{"start":{"line":15,"column":8},"end":{"line":15,"column":53}},"8":{"start":{"line":20,"column":0},"end":{"line":30,"column":3}},"9":{"start":{"line":21,"column":4},"end":{"line":29,"column":5}},"10":{"start":{"line":22,"column":8},"end":{"line":25,"column":10}},"11":{"start":{"line":26,"column":8},"end":{"line":26,"column":36}},"12":{"start":{"line":28,"column":8},"end":{"line":28,"column":53}},"13":{"start":{"line":33,"column":0},"end":{"line":42,"column":3}},"14":{"start":{"line":34,"column":4},"end":{"line":41,"column":5}},"15":{"start":{"line":35,"column":8},"end":{"line":37,"column":11}},"16":{"start":{"line":38,"column":8},"end":{"line":38,"column":36}},"17":{"start":{"line":40,"column":8},"end":{"line":40,"column":53}},"18":{"start":{"line":47,"column":0},"end":{"line":58,"column":3}},"19":{"start":{"line":48,"column":4},"end":{"line":57,"column":5}},"20":{"start":{"line":49,"column":30},"end":{"line":53,"column":10}},"21":{"start":{"line":54,"column":8},"end":{"line":54,"column":32}},"22":{"start":{"line":56,"column":8},"end":{"line":56,"column":53}},"23":{"start":{"line":61,"column":0},"end":{"line":71,"column":3}},"24":{"start":{"line":62,"column":4},"end":{"line":70,"column":5}},"25":{"start":{"line":63,"column":8},"end":{"line":66,"column":10}},"26":{"start":{"line":67,"column":8},"end":{"line":67,"column":36}},"27":{"start":{"line":69,"column":8},"end":{"line":69,"column":53}},"28":{"start":{"line":74,"column":0},"end":{"line":84,"column":3}},"29":{"start":{"line":75,"column":4},"end":{"line":83,"column":5}},"30":{"start":{"line":76,"column":24},"end":{"line":78,"column":10}},"31":{"start":{"line":79,"column":8},"end":{"line":79,"column":94}},"32":{"start":{"line":79,"column":27},"end":{"line":79,"column":94}},"33":{"start":{"line":80,"column":8},"end":{"line":80,"column":36}},"34":{"start":{"line":82,"column":8},"end":{"line":82,"column":53}},"35":{"start":{"line":87,"column":0},"end":{"line":95,"column":3}},"36":{"start":{"line":88,"column":4},"end":{"line":94,"column":5}},"37":{"start":{"line":89,"column":64},"end":{"line":89,"column":72}},"38":{"start":{"line":90,"column":22},"end":{"line":90,"column":96}},"39":{"start":{"line":91,"column":8},"end":{"line":91,"column":36}},"40":{"start":{"line":93,"column":8},"end":{"line":93,"column":53}},"41":{"start":{"line":99,"column":4},"end":{"line":109,"column":5}},"42":{"start":{"line":100,"column":8},"end":{"line":106,"column":11}},"43":{"start":{"line":108,"column":8},"end":{"line":108,"column":71}},"44":{"start":{"line":112,"column":0},"end":{"line":112,"column":24}},"45":{"start":{"line":113,"column":0},"end":{"line":113,"column":55}}},"fnMap":{"0":{"name":"(anonymous_0)","decl":{"start":{"line":8,"column":41},"end":{"line":8,"column":42}},"loc":{"start":{"line":8,"column":61},"end":{"line":17,"column":1}},"line":8},"1":{"name":"(anonymous_1)","decl":{"start":{"line":20,"column":37},"end":{"line":20,"column":38}},"loc":{"start":{"line":20,"column":57},"end":{"line":30,"column":1}},"line":20},"2":{"name":"(anonymous_2)","decl":{"start":{"line":33,"column":41},"end":{"line":33,"column":42}},"loc":{"start":{"line":33,"column":61},"end":{"line":42,"column":1}},"line":33},"3":{"name":"(anonymous_3)","decl":{"start":{"line":47,"column":28},"end":{"line":47,"column":29}},"loc":{"start":{"line":47,"column":48},"end":{"line":58,"column":1}},"line":47},"4":{"name":"(anonymous_4)","decl":{"start":{"line":61,"column":36},"end":{"line":61,"column":37}},"loc":{"start":{"line":61,"column":56},"end":{"line":71,"column":1}},"line":61},"5":{"name":"(anonymous_5)","decl":{"start":{"line":74,"column":34},"end":{"line":74,"column":35}},"loc":{"start":{"line":74,"column":54},"end":{"line":84,"column":1}},"line":74},"6":{"name":"(anonymous_6)","decl":{"start":{"line":87,"column":17},"end":{"line":87,"column":18}},"loc":{"start":{"line":87,"column":37},"end":{"line":95,"column":1}},"line":87},"7":{"name":"createNotification","decl":{"start":{"line":98,"column":15},"end":{"line":98,"column":33}},"loc":{"start":{"line":98,"column":86},"end":{"line":110,"column":1}},"line":98}},"branchMap":{"0":{"loc":{"start":{"line":79,"column":8},"end":{"line":79,"column":94}},"type":"if","locations":[{"start":{"line":79,"column":8},"end":{"line":79,"column":94}},{"start":{},"end":{}}],"line":79},"1":{"loc":{"start":{"line":98,"column":69},"end":{"line":98,"column":84}},"type":"default-arg","locations":[{"start":{"line":98,"column":80},"end":{"line":98,"column":84}}],"line":98}},"s":{"0":1,"1":1,"2":1,"3":1,"4":3,"5":3,"6":2,"7":1,"8":1,"9":2,"10":2,"11":1,"12":1,"13":1,"14":3,"15":3,"16":2,"17":1,"18":1,"19":4,"20":4,"21":3,"22":1,"23":1,"24":2,"25":2,"26":1,"27":1,"28":1,"29":3,"30":3,"31":2,"32":1,"33":1,"34":1,"35":1,"36":3,"37":3,"38":3,"39":2,"40":1,"41":0,"42":0,"43":0,"44":1,"45":1},"f":{"0":3,"1":2,"2":3,"3":4,"4":2,"5":3,"6":3,"7":0},"b":{"0":[1,1],"1":[0]},"_coverageSchema":"1a1c01bbd47fc00a2c39e90264f33305004495a9","hash":"0866fdc511907844d70cb4ce62ff50794dd48313"}
,"C:\\Users\\yami2\\OneDrive\\Desktop\\Third Year stuff\\Software Design\\Lucs-Project-Live\\Lucs-Project\\Back-end\\routes\\reportImages.js": {"path":"C:\\Users\\yami2\\OneDrive\\Desktop\\Third Year stuff\\Software Design\\Lucs-Project-Live\\Lucs-Project\\Back-end\\routes\\reportImages.js","statementMap":{"0":{"start":{"line":1,"column":16},"end":{"line":1,"column":34}},"1":{"start":{"line":2,"column":15},"end":{"line":2,"column":31}},"2":{"start":{"line":3,"column":32},"end":{"line":3,"column":52}},"3":{"start":{"line":11,"column":0},"end":{"line":26,"column":3}},"4":{"start":{"line":12,"column":4},"end":{"line":25,"column":5}},"5":{"start":{"line":13,"column":23},"end":{"line":15,"column":10}},"6":{"start":{"line":17,"column":8},"end":{"line":19,"column":9}},"7":{"start":{"line":18,"column":12},"end":{"line":18,"column":89}},"8":{"start":{"line":21,"column":8},"end":{"line":21,"column":25}},"9":{"start":{"line":23,"column":8},"end":{"line":23,"column":27}},"10":{"start":{"line":24,"column":8},"end":{"line":24,"column":53}},"11":{"start":{"line":29,"column":0},"end":{"line":40,"column":3}},"12":{"start":{"line":30,"column":4},"end":{"line":39,"column":5}},"13":{"start":{"line":31,"column":22},"end":{"line":31,"column":63}},"14":{"start":{"line":32,"column":8},"end":{"line":34,"column":9}},"15":{"start":{"line":33,"column":12},"end":{"line":33,"column":72}},"16":{"start":{"line":35,"column":8},"end":{"line":35,"column":24}},"17":{"start":{"line":37,"column":8},"end":{"line":37,"column":27}},"18":{"start":{"line":38,"column":8},"end":{"line":38,"column":53}},"19":{"start":{"line":47,"column":0},"end":{"line":70,"column":3}},"20":{"start":{"line":48,"column":4},"end":{"line":69,"column":5}},"21":{"start":{"line":50,"column":25},"end":{"line":50,"column":44}},"22":{"start":{"line":53,"column":29},"end":{"line":53,"column":60}},"23":{"start":{"line":54,"column":8},"end":{"line":56,"column":9}},"24":{"start":{"line":55,"column":12},"end":{"line":55,"column":95}},"25":{"start":{"line":60,"column":25},"end":{"line":63,"column":10}},"26":{"start":{"line":65,"column":8},"end":{"line":65,"column":91}},"27":{"start":{"line":67,"column":8},"end":{"line":67,"column":27}},"28":{"start":{"line":68,"column":8},"end":{"line":68,"column":53}},"29":{"start":{"line":73,"column":0},"end":{"line":88,"column":3}},"30":{"start":{"line":74,"column":4},"end":{"line":87,"column":5}},"31":{"start":{"line":76,"column":24},"end":{"line":78,"column":10}},"32":{"start":{"line":80,"column":8},"end":{"line":82,"column":9}},"33":{"start":{"line":81,"column":12},"end":{"line":81,"column":72}},"34":{"start":{"line":83,"column":8},"end":{"line":83,"column":72}},"35":{"start":{"line":85,"column":8},"end":{"line":85,"column":27}},"36":{"start":{"line":86,"column":8},"end":{"line":86,"column":53}},"37":{"start":{"line":90,"column":0},"end":{"line":90,"column":24}}},"fnMap":{"0":{"name":"(anonymous_0)","decl":{"start":{"line":11,"column":32},"end":{"line":11,"column":33}},"loc":{"start":{"line":11,"column":52},"end":{"line":26,"column":1}},"line":11},"1":{"name":"(anonymous_1)","decl":{"start":{"line":29,"column":19},"end":{"line":29,"column":20}},"loc":{"start":{"line":29,"column":39},"end":{"line":40,"column":1}},"line":29},"2":{"name":"(anonymous_2)","decl":{"start":{"line":47,"column":33},"end":{"line":47,"column":34}},"loc":{"start":{"line":47,"column":53},"end":{"line":70,"column":1}},"line":47},"3":{"name":"(anonymous_3)","decl":{"start":{"line":73,"column":22},"end":{"line":73,"column":23}},"loc":{"start":{"line":73,"column":42},"end":{"line":88,"column":1}},"line":73}},"branchMap":{"0":{"loc":{"start":{"line":17,"column":8},"end":{"line":19,"column":9}},"type":"if","locations":[{"start":{"line":17,"column":8},"end":{"line":19,"column":9}},{"start":{},"end":{}}],"line":17},"1":{"loc":{"start":{"line":17,"column":12},"end":{"line":17,"column":42}},"type":"binary-expr","locations":[{"start":{"line":17,"column":12},"end":{"line":17,"column":19}},{"start":{"line":17,"column":23},"end":{"line":17,"column":42}}],"line":17},"2":{"loc":{"start":{"line":32,"column":8},"end":{"line":34,"column":9}},"type":"if","locations":[{"start":{"line":32,"column":8},"end":{"line":34,"column":9}},{"start":{},"end":{}}],"line":32},"3":{"loc":{"start":{"line":54,"column":8},"end":{"line":56,"column":9}},"type":"if","locations":[{"start":{"line":54,"column":8},"end":{"line":56,"column":9}},{"start":{},"end":{}}],"line":54},"4":{"loc":{"start":{"line":80,"column":8},"end":{"line":82,"column":9}},"type":"if","locations":[{"start":{"line":80,"column":8},"end":{"line":82,"column":9}},{"start":{},"end":{}}],"line":80}},"s":{"0":1,"1":1,"2":1,"3":1,"4":2,"5":2,"6":2,"7":1,"8":1,"9":0,"10":0,"11":1,"12":2,"13":2,"14":2,"15":1,"16":1,"17":0,"18":0,"19":1,"20":3,"21":3,"22":3,"23":3,"24":1,"25":2,"26":2,"27":0,"28":0,"29":1,"30":2,"31":2,"32":2,"33":1,"34":1,"35":0,"36":0,"37":1},"f":{"0":2,"1":2,"2":3,"3":2},"b":{"0":[1,1],"1":[2,2],"2":[1,1],"3":[1,2],"4":[1,1]},"_coverageSchema":"1a1c01bbd47fc00a2c39e90264f33305004495a9","hash":"44a108dfcb5ddc326fcbe7802d9d44ccf579f655"}
,"C:\\Users\\yami2\\OneDrive\\Desktop\\Third Year stuff\\Software Design\\Lucs-Project-Live\\Lucs-Project\\Back-end\\routes\\reports.js": {"path":"C:\\Users\\yami2\\OneDrive\\Desktop\\Third Year stuff\\Software Design\\Lucs-Project-Live\\Lucs-Project\\Back-end\\routes\\reports.js","statementMap":{"0":{"start":{"line":1,"column":14},"end":{"line":1,"column":32}},"1":{"start":{"line":2,"column":13},"end":{"line":2,"column":29}},"2":{"start":{"line":3,"column":53},"end":{"line":3,"column":73}},"3":{"start":{"line":4,"column":15},"end":{"line":4,"column":35}},"4":{"start":{"line":5,"column":28},"end":{"line":5,"column":48}},"5":{"start":{"line":7,"column":19},"end":{"line":7,"column":40}},"6":{"start":{"line":10,"column":20},"end":{"line":20,"column":2}},"7":{"start":{"line":22,"column":20},"end":{"line":22,"column":49}},"8":{"start":{"line":26,"column":4},"end":{"line":36,"column":5}},"9":{"start":{"line":27,"column":8},"end":{"line":32,"column":11}},"10":{"start":{"line":33,"column":8},"end":{"line":33,"column":57}},"11":{"start":{"line":35,"column":8},"end":{"line":35,"column":62}},"12":{"start":{"line":40,"column":4},"end":{"line":50,"column":5}},"13":{"start":{"line":41,"column":8},"end":{"line":47,"column":11}},"14":{"start":{"line":49,"column":8},"end":{"line":49,"column":55}},"15":{"start":{"line":53,"column":0},"end":{"line":61,"column":1}},"16":{"start":{"line":54,"column":4},"end":{"line":54,"column":61}},"17":{"start":{"line":55,"column":4},"end":{"line":55,"column":59}},"18":{"start":{"line":57,"column":4},"end":{"line":57,"column":72}},"19":{"start":{"line":58,"column":4},"end":{"line":58,"column":70}},"20":{"start":{"line":60,"column":4},"end":{"line":60,"column":96}},"21":{"start":{"line":64,"column":0},"end":{"line":72,"column":3}},"22":{"start":{"line":65,"column":4},"end":{"line":71,"column":5}},"23":{"start":{"line":66,"column":22},"end":{"line":66,"column":44}},"24":{"start":{"line":67,"column":8},"end":{"line":67,"column":26}},"25":{"start":{"line":69,"column":8},"end":{"line":69,"column":27}},"26":{"start":{"line":70,"column":8},"end":{"line":70,"column":50}},"27":{"start":{"line":75,"column":0},"end":{"line":83,"column":3}},"28":{"start":{"line":76,"column":4},"end":{"line":82,"column":5}},"29":{"start":{"line":77,"column":30},"end":{"line":77,"column":94}},"30":{"start":{"line":78,"column":8},"end":{"line":78,"column":34}},"31":{"start":{"line":80,"column":8},"end":{"line":80,"column":27}},"32":{"start":{"line":81,"column":8},"end":{"line":81,"column":50}},"33":{"start":{"line":86,"column":0},"end":{"line":121,"column":3}},"34":{"start":{"line":87,"column":4},"end":{"line":120,"column":5}},"35":{"start":{"line":88,"column":26},"end":{"line":88,"column":55}},"36":{"start":{"line":91,"column":8},"end":{"line":97,"column":10}},"37":{"start":{"line":99,"column":8},"end":{"line":115,"column":10}},"38":{"start":{"line":117,"column":8},"end":{"line":117,"column":91}},"39":{"start":{"line":119,"column":8},"end":{"line":119,"column":53}},"40":{"start":{"line":124,"column":0},"end":{"line":135,"column":3}},"41":{"start":{"line":125,"column":4},"end":{"line":134,"column":5}},"42":{"start":{"line":126,"column":22},"end":{"line":126,"column":58}},"43":{"start":{"line":127,"column":8},"end":{"line":129,"column":9}},"44":{"start":{"line":128,"column":12},"end":{"line":128,"column":70}},"45":{"start":{"line":130,"column":8},"end":{"line":130,"column":25}},"46":{"start":{"line":132,"column":8},"end":{"line":132,"column":27}},"47":{"start":{"line":133,"column":8},"end":{"line":133,"column":50}},"48":{"start":{"line":138,"column":0},"end":{"line":172,"column":3}},"49":{"start":{"line":139,"column":4},"end":{"line":171,"column":5}},"50":{"start":{"line":140,"column":25},"end":{"line":140,"column":38}},"51":{"start":{"line":143,"column":52},"end":{"line":143,"column":60}},"52":{"start":{"line":145,"column":28},"end":{"line":145,"column":46}},"53":{"start":{"line":147,"column":30},"end":{"line":147,"column":32}},"54":{"start":{"line":149,"column":8},"end":{"line":154,"column":9}},"55":{"start":{"line":150,"column":12},"end":{"line":150,"column":43}},"56":{"start":{"line":151,"column":12},"end":{"line":151,"column":45}},"57":{"start":{"line":153,"column":12},"end":{"line":153,"column":51}},"58":{"start":{"line":157,"column":8},"end":{"line":157,"column":106}},"59":{"start":{"line":159,"column":30},"end":{"line":161,"column":10}},"60":{"start":{"line":163,"column":8},"end":{"line":165,"column":9}},"61":{"start":{"line":164,"column":12},"end":{"line":164,"column":73}},"62":{"start":{"line":166,"column":8},"end":{"line":166,"column":80}},"63":{"start":{"line":169,"column":8},"end":{"line":169,"column":27}},"64":{"start":{"line":170,"column":8},"end":{"line":170,"column":53}},"65":{"start":{"line":175,"column":0},"end":{"line":186,"column":3}},"66":{"start":{"line":176,"column":4},"end":{"line":185,"column":5}},"67":{"start":{"line":177,"column":22},"end":{"line":177,"column":76}},"68":{"start":{"line":178,"column":8},"end":{"line":180,"column":9}},"69":{"start":{"line":179,"column":12},"end":{"line":179,"column":70}},"70":{"start":{"line":181,"column":8},"end":{"line":181,"column":70}},"71":{"start":{"line":183,"column":8},"end":{"line":183,"column":27}},"72":{"start":{"line":184,"column":8},"end":{"line":184,"column":50}},"73":{"start":{"line":192,"column":0},"end":{"line":201,"column":3}},"74":{"start":{"line":193,"column":4},"end":{"line":200,"column":5}},"75":{"start":{"line":194,"column":26},"end":{"line":196,"column":10}},"76":{"start":{"line":197,"column":8},"end":{"line":197,"column":28}},"77":{"start":{"line":199,"column":8},"end":{"line":199,"column":53}},"78":{"start":{"line":204,"column":0},"end":{"line":222,"column":3}},"79":{"start":{"line":205,"column":4},"end":{"line":221,"column":5}},"80":{"start":{"line":206,"column":31},"end":{"line":206,"column":39}},"81":{"start":{"line":207,"column":25},"end":{"line":207,"column":38}},"82":{"start":{"line":210,"column":8},"end":{"line":210,"column":58}},"83":{"start":{"line":213,"column":8},"end":{"line":216,"column":10}},"84":{"start":{"line":218,"column":8},"end":{"line":218,"column":71}},"85":{"start":{"line":220,"column":8},"end":{"line":220,"column":53}},"86":{"start":{"line":225,"column":0},"end":{"line":277,"column":3}},"87":{"start":{"line":226,"column":4},"end":{"line":276,"column":5}},"88":{"start":{"line":227,"column":31},"end":{"line":227,"column":39}},"89":{"start":{"line":228,"column":25},"end":{"line":228,"column":38}},"90":{"start":{"line":230,"column":8},"end":{"line":230,"column":58}},"91":{"start":{"line":231,"column":8},"end":{"line":234,"column":10}},"92":{"start":{"line":237,"column":23},"end":{"line":237,"column":54}},"93":{"start":{"line":238,"column":25},"end":{"line":238,"column":56}},"94":{"start":{"line":239,"column":21},"end":{"line":239,"column":67}},"95":{"start":{"line":242,"column":8},"end":{"line":248,"column":10}},"96":{"start":{"line":251,"column":23},"end":{"line":251,"column":65}},"97":{"start":{"line":252,"column":8},"end":{"line":271,"column":9}},"98":{"start":{"line":253,"column":12},"end":{"line":270,"column":14}},"99":{"start":{"line":273,"column":8},"end":{"line":273,"column":48}},"100":{"start":{"line":275,"column":8},"end":{"line":275,"column":53}},"101":{"start":{"line":280,"column":0},"end":{"line":292,"column":3}},"102":{"start":{"line":281,"column":4},"end":{"line":291,"column":5}},"103":{"start":{"line":282,"column":28},"end":{"line":287,"column":10}},"104":{"start":{"line":288,"column":8},"end":{"line":288,"column":30}},"105":{"start":{"line":290,"column":8},"end":{"line":290,"column":53}},"106":{"start":{"line":295,"column":0},"end":{"line":303,"column":3}},"107":{"start":{"line":296,"column":4},"end":{"line":302,"column":5}},"108":{"start":{"line":297,"column":29},"end":{"line":297,"column":37}},"109":{"start":{"line":298,"column":8},"end":{"line":298,"column":82}},"110":{"start":{"line":299,"column":8},"end":{"line":299,"column":48}},"111":{"start":{"line":301,"column":8},"end":{"line":301,"column":53}},"112":{"start":{"line":306,"column":0},"end":{"line":326,"column":3}},"113":{"start":{"line":307,"column":4},"end":{"line":325,"column":5}},"114":{"start":{"line":308,"column":25},"end":{"line":308,"column":38}},"115":{"start":{"line":310,"column":74},"end":{"line":310,"column":82}},"116":{"start":{"line":312,"column":30},"end":{"line":315,"column":9}},"117":{"start":{"line":317,"column":8},"end":{"line":319,"column":9}},"118":{"start":{"line":318,"column":12},"end":{"line":318,"column":92}},"119":{"start":{"line":321,"column":8},"end":{"line":321,"column":88}},"120":{"start":{"line":323,"column":8},"end":{"line":323,"column":48}},"121":{"start":{"line":324,"column":8},"end":{"line":324,"column":53}},"122":{"start":{"line":329,"column":0},"end":{"line":376,"column":3}},"123":{"start":{"line":330,"column":4},"end":{"line":375,"column":5}},"124":{"start":{"line":331,"column":25},"end":{"line":331,"column":38}},"125":{"start":{"line":332,"column":39},"end":{"line":332,"column":47}},"126":{"start":{"line":334,"column":8},"end":{"line":334,"column":68}},"127":{"start":{"line":335,"column":8},"end":{"line":341,"column":10}},"128":{"start":{"line":344,"column":8},"end":{"line":350,"column":10}},"129":{"start":{"line":353,"column":8},"end":{"line":369,"column":10}},"130":{"start":{"line":371,"column":8},"end":{"line":371,"column":100}},"131":{"start":{"line":372,"column":8},"end":{"line":372,"column":67}},"132":{"start":{"line":374,"column":8},"end":{"line":374,"column":53}},"133":{"start":{"line":381,"column":0},"end":{"line":397,"column":3}},"134":{"start":{"line":382,"column":4},"end":{"line":396,"column":5}},"135":{"start":{"line":383,"column":29},"end":{"line":383,"column":39}},"136":{"start":{"line":384,"column":28},"end":{"line":384,"column":89}},"137":{"start":{"line":385,"column":26},"end":{"line":385,"column":58}},"138":{"start":{"line":385,"column":47},"end":{"line":385,"column":57}},"139":{"start":{"line":388,"column":24},"end":{"line":392,"column":10}},"140":{"start":{"line":393,"column":8},"end":{"line":393,"column":26}},"141":{"start":{"line":395,"column":8},"end":{"line":395,"column":53}},"142":{"start":{"line":400,"column":0},"end":{"line":416,"column":3}},"143":{"start":{"line":401,"column":4},"end":{"line":415,"column":5}},"144":{"start":{"line":402,"column":25},"end":{"line":402,"column":38}},"145":{"start":{"line":404,"column":30},"end":{"line":407,"column":9}},"146":{"start":{"line":409,"column":8},"end":{"line":411,"column":9}},"147":{"start":{"line":410,"column":12},"end":{"line":410,"column":73}},"148":{"start":{"line":412,"column":8},"end":{"line":412,"column":79}},"149":{"start":{"line":414,"column":8},"end":{"line":414,"column":53}},"150":{"start":{"line":419,"column":0},"end":{"line":430,"column":3}},"151":{"start":{"line":420,"column":4},"end":{"line":429,"column":5}},"152":{"start":{"line":421,"column":24},"end":{"line":424,"column":10}},"153":{"start":{"line":425,"column":8},"end":{"line":425,"column":26}},"154":{"start":{"line":427,"column":8},"end":{"line":427,"column":59}},"155":{"start":{"line":428,"column":8},"end":{"line":428,"column":53}},"156":{"start":{"line":433,"column":0},"end":{"line":452,"column":3}},"157":{"start":{"line":434,"column":4},"end":{"line":451,"column":5}},"158":{"start":{"line":435,"column":23},"end":{"line":435,"column":59}},"159":{"start":{"line":437,"column":8},"end":{"line":439,"column":9}},"160":{"start":{"line":438,"column":12},"end":{"line":438,"column":71}},"161":{"start":{"line":442,"column":8},"end":{"line":442,"column":55}},"162":{"start":{"line":445,"column":8},"end":{"line":445,"column":30}},"163":{"start":{"line":447,"column":8},"end":{"line":447,"column":91}},"164":{"start":{"line":449,"column":8},"end":{"line":449,"column":52}},"165":{"start":{"line":450,"column":8},"end":{"line":450,"column":53}},"166":{"start":{"line":454,"column":0},"end":{"line":454,"column":22}}},"fnMap":{"0":{"name":"sendEmail","decl":{"start":{"line":25,"column":15},"end":{"line":25,"column":24}},"loc":{"start":{"line":25,"column":44},"end":{"line":37,"column":1}},"line":25},"1":{"name":"notify","decl":{"start":{"line":39,"column":15},"end":{"line":39,"column":21}},"loc":{"start":{"line":39,"column":74},"end":{"line":51,"column":1}},"line":39},"2":{"name":"(anonymous_2)","decl":{"start":{"line":64,"column":15},"end":{"line":64,"column":16}},"loc":{"start":{"line":64,"column":32},"end":{"line":72,"column":1}},"line":64},"3":{"name":"(anonymous_3)","decl":{"start":{"line":75,"column":36},"end":{"line":75,"column":37}},"loc":{"start":{"line":75,"column":53},"end":{"line":83,"column":1}},"line":75},"4":{"name":"(anonymous_4)","decl":{"start":{"line":86,"column":17},"end":{"line":86,"column":18}},"loc":{"start":{"line":86,"column":37},"end":{"line":121,"column":1}},"line":86},"5":{"name":"(anonymous_5)","decl":{"start":{"line":124,"column":19},"end":{"line":124,"column":20}},"loc":{"start":{"line":124,"column":36},"end":{"line":135,"column":1}},"line":124},"6":{"name":"(anonymous_6)","decl":{"start":{"line":138,"column":26},"end":{"line":138,"column":27}},"loc":{"start":{"line":138,"column":46},"end":{"line":172,"column":1}},"line":138},"7":{"name":"(anonymous_7)","decl":{"start":{"line":175,"column":22},"end":{"line":175,"column":23}},"loc":{"start":{"line":175,"column":39},"end":{"line":186,"column":1}},"line":175},"8":{"name":"(anonymous_8)","decl":{"start":{"line":192,"column":35},"end":{"line":192,"column":36}},"loc":{"start":{"line":192,"column":55},"end":{"line":201,"column":1}},"line":192},"9":{"name":"(anonymous_9)","decl":{"start":{"line":204,"column":26},"end":{"line":204,"column":27}},"loc":{"start":{"line":204,"column":46},"end":{"line":222,"column":1}},"line":204},"10":{"name":"(anonymous_10)","decl":{"start":{"line":225,"column":27},"end":{"line":225,"column":28}},"loc":{"start":{"line":225,"column":47},"end":{"line":277,"column":1}},"line":225},"11":{"name":"(anonymous_11)","decl":{"start":{"line":280,"column":29},"end":{"line":280,"column":30}},"loc":{"start":{"line":280,"column":49},"end":{"line":292,"column":1}},"line":280},"12":{"name":"(anonymous_12)","decl":{"start":{"line":295,"column":28},"end":{"line":295,"column":29}},"loc":{"start":{"line":295,"column":48},"end":{"line":303,"column":1}},"line":295},"13":{"name":"(anonymous_13)","decl":{"start":{"line":306,"column":24},"end":{"line":306,"column":25}},"loc":{"start":{"line":306,"column":44},"end":{"line":326,"column":1}},"line":306},"14":{"name":"(anonymous_14)","decl":{"start":{"line":329,"column":27},"end":{"line":329,"column":28}},"loc":{"start":{"line":329,"column":47},"end":{"line":376,"column":1}},"line":329},"15":{"name":"(anonymous_15)","decl":{"start":{"line":381,"column":34},"end":{"line":381,"column":35}},"loc":{"start":{"line":381,"column":54},"end":{"line":397,"column":1}},"line":381},"16":{"name":"(anonymous_16)","decl":{"start":{"line":385,"column":42},"end":{"line":385,"column":43}},"loc":{"start":{"line":385,"column":47},"end":{"line":385,"column":57}},"line":385},"17":{"name":"(anonymous_17)","decl":{"start":{"line":400,"column":26},"end":{"line":400,"column":27}},"loc":{"start":{"line":400,"column":46},"end":{"line":416,"column":1}},"line":400},"18":{"name":"(anonymous_18)","decl":{"start":{"line":419,"column":28},"end":{"line":419,"column":29}},"loc":{"start":{"line":419,"column":48},"end":{"line":430,"column":1}},"line":419},"19":{"name":"(anonymous_19)","decl":{"start":{"line":433,"column":24},"end":{"line":433,"column":25}},"loc":{"start":{"line":433,"column":44},"end":{"line":452,"column":1}},"line":433}},"branchMap":{"0":{"loc":{"start":{"line":39,"column":57},"end":{"line":39,"column":72}},"type":"default-arg","locations":[{"start":{"line":39,"column":68},"end":{"line":39,"column":72}}],"line":39},"1":{"loc":{"start":{"line":53,"column":0},"end":{"line":61,"column":1}},"type":"if","locations":[{"start":{"line":53,"column":0},"end":{"line":61,"column":1}},{"start":{"line":59,"column":7},"end":{"line":61,"column":1}}],"line":53},"2":{"loc":{"start":{"line":53,"column":4},"end":{"line":53,"column":43}},"type":"binary-expr","locations":[{"start":{"line":53,"column":4},"end":{"line":53,"column":14}},{"start":{"line":53,"column":18},"end":{"line":53,"column":24}},{"start":{"line":53,"column":28},"end":{"line":53,"column":43}}],"line":53},"3":{"loc":{"start":{"line":95,"column":51},"end":{"line":95,"column":76}},"type":"binary-expr","locations":[{"start":{"line":95,"column":51},"end":{"line":95,"column":67}},{"start":{"line":95,"column":71},"end":{"line":95,"column":76}}],"line":95},"4":{"loc":{"start":{"line":108,"column":44},"end":{"line":108,"column":69}},"type":"binary-expr","locations":[{"start":{"line":108,"column":44},"end":{"line":108,"column":60}},{"start":{"line":108,"column":64},"end":{"line":108,"column":69}}],"line":108},"5":{"loc":{"start":{"line":127,"column":8},"end":{"line":129,"column":9}},"type":"if","locations":[{"start":{"line":127,"column":8},"end":{"line":129,"column":9}},{"start":{},"end":{}}],"line":127},"6":{"loc":{"start":{"line":145,"column":28},"end":{"line":145,"column":46}},"type":"binary-expr","locations":[{"start":{"line":145,"column":28},"end":{"line":145,"column":36}},{"start":{"line":145,"column":40},"end":{"line":145,"column":46}}],"line":145},"7":{"loc":{"start":{"line":149,"column":8},"end":{"line":154,"column":9}},"type":"if","locations":[{"start":{"line":149,"column":8},"end":{"line":154,"column":9}},{"start":{"line":152,"column":15},"end":{"line":154,"column":9}}],"line":149},"8":{"loc":{"start":{"line":149,"column":12},"end":{"line":149,"column":61}},"type":"binary-expr","locations":[{"start":{"line":149,"column":12},"end":{"line":149,"column":32}},{"start":{"line":149,"column":36},"end":{"line":149,"column":61}}],"line":149},"9":{"loc":{"start":{"line":157,"column":38},"end":{"line":157,"column":105}},"type":"binary-expr","locations":[{"start":{"line":157,"column":38},"end":{"line":157,"column":51}},{"start":{"line":157,"column":56},"end":{"line":157,"column":104}}],"line":157},"10":{"loc":{"start":{"line":157,"column":56},"end":{"line":157,"column":104}},"type":"cond-expr","locations":[{"start":{"line":157,"column":87},"end":{"line":157,"column":97}},{"start":{"line":157,"column":100},"end":{"line":157,"column":104}}],"line":157},"11":{"loc":{"start":{"line":163,"column":8},"end":{"line":165,"column":9}},"type":"if","locations":[{"start":{"line":163,"column":8},"end":{"line":165,"column":9}},{"start":{},"end":{}}],"line":163},"12":{"loc":{"start":{"line":178,"column":8},"end":{"line":180,"column":9}},"type":"if","locations":[{"start":{"line":178,"column":8},"end":{"line":180,"column":9}},{"start":{},"end":{}}],"line":178},"13":{"loc":{"start":{"line":238,"column":25},"end":{"line":238,"column":56}},"type":"cond-expr","locations":[{"start":{"line":238,"column":34},"end":{"line":238,"column":45}},{"start":{"line":238,"column":48},"end":{"line":238,"column":56}}],"line":238},"14":{"loc":{"start":{"line":239,"column":21},"end":{"line":239,"column":67}},"type":"cond-expr","locations":[{"start":{"line":239,"column":30},"end":{"line":239,"column":53}},{"start":{"line":239,"column":56},"end":{"line":239,"column":67}}],"line":239},"15":{"loc":{"start":{"line":252,"column":8},"end":{"line":271,"column":9}},"type":"if","locations":[{"start":{"line":252,"column":8},"end":{"line":271,"column":9}},{"start":{},"end":{}}],"line":252},"16":{"loc":{"start":{"line":252,"column":12},"end":{"line":252,"column":34}},"type":"binary-expr","locations":[{"start":{"line":252,"column":12},"end":{"line":252,"column":18}},{"start":{"line":252,"column":22},"end":{"line":252,"column":34}}],"line":252},"17":{"loc":{"start":{"line":317,"column":8},"end":{"line":319,"column":9}},"type":"if","locations":[{"start":{"line":317,"column":8},"end":{"line":319,"column":9}},{"start":{},"end":{}}],"line":317},"18":{"loc":{"start":{"line":409,"column":8},"end":{"line":411,"column":9}},"type":"if","locations":[{"start":{"line":409,"column":8},"end":{"line":411,"column":9}},{"start":{},"end":{}}],"line":409},"19":{"loc":{"start":{"line":437,"column":8},"end":{"line":439,"column":9}},"type":"if","locations":[{"start":{"line":437,"column":8},"end":{"line":439,"column":9}},{"start":{},"end":{}}],"line":437}},"s":{"0":1,"1":1,"2":1,"3":1,"4":1,"5":1,"6":1,"7":1,"8":2,"9":2,"10":0,"11":2,"12":2,"13":2,"14":2,"15":1,"16":0,"17":0,"18":0,"19":0,"20":1,"21":1,"22":2,"23":2,"24":1,"25":1,"26":1,"27":1,"28":1,"29":1,"30":1,"31":0,"32":0,"33":1,"34":3,"35":3,"36":2,"37":2,"38":2,"39":1,"40":1,"41":0,"42":0,"43":0,"44":0,"45":0,"46":0,"47":0,"48":1,"49":2,"50":2,"51":2,"52":2,"53":2,"54":2,"55":1,"56":1,"57":1,"58":2,"59":2,"60":2,"61":1,"62":1,"63":0,"64":0,"65":1,"66":2,"67":2,"68":2,"69":1,"70":1,"71":0,"72":0,"73":1,"74":0,"75":0,"76":0,"77":0,"78":1,"79":1,"80":1,"81":1,"82":1,"83":1,"84":1,"85":0,"86":1,"87":0,"88":0,"89":0,"90":0,"91":0,"92":0,"93":0,"94":0,"95":0,"96":0,"97":0,"98":0,"99":0,"100":0,"101":1,"102":0,"103":0,"104":0,"105":0,"106":1,"107":0,"108":0,"109":0,"110":0,"111":0,"112":1,"113":3,"114":3,"115":3,"116":3,"117":2,"118":1,"119":1,"120":1,"121":1,"122":1,"123":0,"124":0,"125":0,"126":0,"127":0,"128":0,"129":0,"130":0,"131":0,"132":0,"133":1,"134":2,"135":2,"136":2,"137":1,"138":1,"139":1,"140":1,"141":1,"142":1,"143":0,"144":0,"145":0,"146":0,"147":0,"148":0,"149":0,"150":1,"151":1,"152":1,"153":1,"154":0,"155":0,"156":1,"157":1,"158":1,"159":1,"160":0,"161":1,"162":1,"163":1,"164":0,"165":0,"166":1},"f":{"0":2,"1":2,"2":2,"3":1,"4":3,"5":0,"6":2,"7":2,"8":0,"9":1,"10":0,"11":0,"12":0,"13":3,"14":0,"15":2,"16":1,"17":0,"18":1,"19":1},"b":{"0":[0],"1":[0,1],"2":[1,1,1],"3":[2,1],"4":[2,1],"5":[0,0],"6":[2,1],"7":[1,1],"8":[2,1],"9":[2,2],"10":[0,2],"11":[1,1],"12":[1,1],"13":[0,0],"14":[0,0],"15":[0,0],"16":[0,0],"17":[1,1],"18":[0,0],"19":[0,1]},"_coverageSchema":"1a1c01bbd47fc00a2c39e90264f33305004495a9","hash":"79a5571592c9112eaaad5c428a59f9cc107b283b"}
,"C:\\Users\\yami2\\OneDrive\\Desktop\\Third Year stuff\\Software Design\\Lucs-Project-Live\\Lucs-Project\\Back-end\\routes\\residents.js": {"path":"C:\\Users\\yami2\\OneDrive\\Desktop\\Third Year stuff\\Software Design\\Lucs-Project-Live\\Lucs-Project\\Back-end\\routes\\residents.js","statementMap":{"0":{"start":{"line":1,"column":16},"end":{"line":1,"column":34}},"1":{"start":{"line":2,"column":15},"end":{"line":2,"column":31}},"2":{"start":{"line":3,"column":37},"end":{"line":3,"column":57}},"3":{"start":{"line":6,"column":0},"end":{"line":13,"column":3}},"4":{"start":{"line":7,"column":2},"end":{"line":12,"column":3}},"5":{"start":{"line":8,"column":22},"end":{"line":8,"column":46}},"6":{"start":{"line":9,"column":4},"end":{"line":9,"column":24}},"7":{"start":{"line":11,"column":4},"end":{"line":11,"column":49}},"8":{"start":{"line":16,"column":0},"end":{"line":23,"column":3}},"9":{"start":{"line":17,"column":2},"end":{"line":22,"column":3}},"10":{"start":{"line":18,"column":24},"end":{"line":18,"column":55}},"11":{"start":{"line":19,"column":4},"end":{"line":19,"column":38}},"12":{"start":{"line":21,"column":4},"end":{"line":21,"column":49}},"13":{"start":{"line":25,"column":0},"end":{"line":49,"column":3}},"14":{"start":{"line":26,"column":4},"end":{"line":48,"column":5}},"15":{"start":{"line":27,"column":27},"end":{"line":27,"column":40}},"16":{"start":{"line":30,"column":34},"end":{"line":37,"column":10}},"17":{"start":{"line":39,"column":8},"end":{"line":41,"column":9}},"18":{"start":{"line":40,"column":12},"end":{"line":40,"column":75}},"19":{"start":{"line":44,"column":8},"end":{"line":44,"column":42}},"20":{"start":{"line":46,"column":8},"end":{"line":46,"column":60}},"21":{"start":{"line":47,"column":8},"end":{"line":47,"column":53}},"22":{"start":{"line":51,"column":0},"end":{"line":89,"column":3}},"23":{"start":{"line":52,"column":4},"end":{"line":88,"column":5}},"24":{"start":{"line":53,"column":39},"end":{"line":53,"column":47}},"25":{"start":{"line":56,"column":25},"end":{"line":56,"column":60}},"26":{"start":{"line":57,"column":21},"end":{"line":57,"column":48}},"27":{"start":{"line":59,"column":8},"end":{"line":63,"column":9}},"28":{"start":{"line":60,"column":12},"end":{"line":62,"column":15}},"29":{"start":{"line":66,"column":37},"end":{"line":68,"column":10}},"30":{"start":{"line":70,"column":8},"end":{"line":72,"column":9}},"31":{"start":{"line":71,"column":12},"end":{"line":71,"column":101}},"32":{"start":{"line":75,"column":32},"end":{"line":78,"column":10}},"33":{"start":{"line":80,"column":8},"end":{"line":83,"column":11}},"34":{"start":{"line":86,"column":8},"end":{"line":86,"column":59}},"35":{"start":{"line":87,"column":8},"end":{"line":87,"column":53}},"36":{"start":{"line":97,"column":0},"end":{"line":126,"column":3}},"37":{"start":{"line":98,"column":4},"end":{"line":125,"column":5}},"38":{"start":{"line":99,"column":39},"end":{"line":99,"column":47}},"39":{"start":{"line":102,"column":8},"end":{"line":104,"column":9}},"40":{"start":{"line":103,"column":12},"end":{"line":103,"column":90}},"41":{"start":{"line":107,"column":28},"end":{"line":112,"column":10}},"42":{"start":{"line":115,"column":8},"end":{"line":120,"column":9}},"43":{"start":{"line":116,"column":12},"end":{"line":116,"column":76}},"44":{"start":{"line":119,"column":12},"end":{"line":119,"column":73}},"45":{"start":{"line":123,"column":8},"end":{"line":123,"column":59}},"46":{"start":{"line":124,"column":8},"end":{"line":124,"column":53}},"47":{"start":{"line":128,"column":0},"end":{"line":128,"column":24}}},"fnMap":{"0":{"name":"(anonymous_0)","decl":{"start":{"line":6,"column":16},"end":{"line":6,"column":17}},"loc":{"start":{"line":6,"column":36},"end":{"line":13,"column":1}},"line":6},"1":{"name":"(anonymous_1)","decl":{"start":{"line":16,"column":17},"end":{"line":16,"column":18}},"loc":{"start":{"line":16,"column":37},"end":{"line":23,"column":1}},"line":16},"2":{"name":"(anonymous_2)","decl":{"start":{"line":25,"column":33},"end":{"line":25,"column":34}},"loc":{"start":{"line":25,"column":53},"end":{"line":49,"column":1}},"line":25},"3":{"name":"(anonymous_3)","decl":{"start":{"line":51,"column":26},"end":{"line":51,"column":27}},"loc":{"start":{"line":51,"column":46},"end":{"line":89,"column":1}},"line":51},"4":{"name":"(anonymous_4)","decl":{"start":{"line":97,"column":30},"end":{"line":97,"column":31}},"loc":{"start":{"line":97,"column":50},"end":{"line":126,"column":1}},"line":97}},"branchMap":{"0":{"loc":{"start":{"line":39,"column":8},"end":{"line":41,"column":9}},"type":"if","locations":[{"start":{"line":39,"column":8},"end":{"line":41,"column":9}},{"start":{},"end":{}}],"line":39},"1":{"loc":{"start":{"line":59,"column":8},"end":{"line":63,"column":9}},"type":"if","locations":[{"start":{"line":59,"column":8},"end":{"line":63,"column":9}},{"start":{},"end":{}}],"line":59},"2":{"loc":{"start":{"line":59,"column":12},"end":{"line":59,"column":30}},"type":"binary-expr","locations":[{"start":{"line":59,"column":12},"end":{"line":59,"column":21}},{"start":{"line":59,"column":25},"end":{"line":59,"column":30}}],"line":59},"3":{"loc":{"start":{"line":70,"column":8},"end":{"line":72,"column":9}},"type":"if","locations":[{"start":{"line":70,"column":8},"end":{"line":72,"column":9}},{"start":{},"end":{}}],"line":70},"4":{"loc":{"start":{"line":102,"column":8},"end":{"line":104,"column":9}},"type":"if","locations":[{"start":{"line":102,"column":8},"end":{"line":104,"column":9}},{"start":{},"end":{}}],"line":102},"5":{"loc":{"start":{"line":102,"column":12},"end":{"line":102,"column":34}},"type":"binary-expr","locations":[{"start":{"line":102,"column":12},"end":{"line":102,"column":23}},{"start":{"line":102,"column":27},"end":{"line":102,"column":34}}],"line":102},"6":{"loc":{"start":{"line":115,"column":8},"end":{"line":120,"column":9}},"type":"if","locations":[{"start":{"line":115,"column":8},"end":{"line":120,"column":9}},{"start":{"line":117,"column":15},"end":{"line":120,"column":9}}],"line":115}},"s":{"0":1,"1":1,"2":1,"3":1,"4":1,"5":1,"6":1,"7":0,"8":1,"9":0,"10":0,"11":0,"12":0,"13":1,"14":2,"15":2,"16":2,"17":2,"18":1,"19":1,"20":0,"21":0,"22":1,"23":3,"24":3,"25":3,"26":3,"27":3,"28":1,"29":2,"30":2,"31":1,"32":1,"33":1,"34":0,"35":0,"36":1,"37":2,"38":2,"39":2,"40":0,"41":2,"42":2,"43":1,"44":1,"45":0,"46":0,"47":1},"f":{"0":1,"1":0,"2":2,"3":3,"4":2},"b":{"0":[1,1],"1":[1,2],"2":[3,2],"3":[1,1],"4":[0,2],"5":[2,2],"6":[1,1]},"_coverageSchema":"1a1c01bbd47fc00a2c39e90264f33305004495a9","hash":"f91866c84b2d9e0cb953335b9a3ddf9b752e73b2"}
,"C:\\Users\\yami2\\OneDrive\\Desktop\\Third Year stuff\\Software Design\\Lucs-Project-Live\\Lucs-Project\\Back-end\\routes\\workers.js": {"path":"C:\\Users\\yami2\\OneDrive\\Desktop\\Third Year stuff\\Software Design\\Lucs-Project-Live\\Lucs-Project\\Back-end\\routes\\workers.js","statementMap":{"0":{"start":{"line":1,"column":16},"end":{"line":1,"column":34}},"1":{"start":{"line":2,"column":15},"end":{"line":2,"column":31}},"2":{"start":{"line":3,"column":26},"end":{"line":3,"column":46}},"3":{"start":{"line":7,"column":0},"end":{"line":17,"column":3}},"4":{"start":{"line":8,"column":4},"end":{"line":16,"column":5}},"5":{"start":{"line":9,"column":24},"end":{"line":11,"column":10}},"6":{"start":{"line":12,"column":8},"end":{"line":12,"column":26}},"7":{"start":{"line":14,"column":8},"end":{"line":14,"column":62}},"8":{"start":{"line":15,"column":8},"end":{"line":15,"column":53}},"9":{"start":{"line":20,"column":0},"end":{"line":30,"column":3}},"10":{"start":{"line":21,"column":4},"end":{"line":29,"column":5}},"11":{"start":{"line":22,"column":23},"end":{"line":24,"column":10}},"12":{"start":{"line":25,"column":8},"end":{"line":25,"column":25}},"13":{"start":{"line":27,"column":8},"end":{"line":27,"column":61}},"14":{"start":{"line":28,"column":8},"end":{"line":28,"column":53}},"15":{"start":{"line":33,"column":0},"end":{"line":51,"column":3}},"16":{"start":{"line":34,"column":27},"end":{"line":34,"column":37}},"17":{"start":{"line":35,"column":27},"end":{"line":35,"column":35}},"18":{"start":{"line":37,"column":4},"end":{"line":39,"column":5}},"19":{"start":{"line":38,"column":8},"end":{"line":38,"column":87}},"20":{"start":{"line":41,"column":4},"end":{"line":50,"column":5}},"21":{"start":{"line":42,"column":26},"end":{"line":45,"column":9}},"22":{"start":{"line":46,"column":8},"end":{"line":46,"column":89}},"23":{"start":{"line":46,"column":27},"end":{"line":46,"column":89}},"24":{"start":{"line":47,"column":8},"end":{"line":47,"column":78}},"25":{"start":{"line":49,"column":8},"end":{"line":49,"column":53}},"26":{"start":{"line":55,"column":0},"end":{"line":73,"column":3}},"27":{"start":{"line":56,"column":4},"end":{"line":72,"column":5}},"28":{"start":{"line":57,"column":31},"end":{"line":57,"column":41}},"29":{"start":{"line":59,"column":26},"end":{"line":62,"column":9}},"30":{"start":{"line":64,"column":8},"end":{"line":66,"column":9}},"31":{"start":{"line":65,"column":12},"end":{"line":65,"column":95}},"32":{"start":{"line":68,"column":8},"end":{"line":68,"column":91}},"33":{"start":{"line":70,"column":8},"end":{"line":70,"column":48}},"34":{"start":{"line":71,"column":8},"end":{"line":71,"column":53}},"35":{"start":{"line":75,"column":0},"end":{"line":84,"column":3}},"36":{"start":{"line":76,"column":4},"end":{"line":83,"column":5}},"37":{"start":{"line":77,"column":22},"end":{"line":77,"column":53}},"38":{"start":{"line":78,"column":8},"end":{"line":78,"column":26}},"39":{"start":{"line":81,"column":8},"end":{"line":81,"column":27}},"40":{"start":{"line":82,"column":8},"end":{"line":82,"column":50}},"41":{"start":{"line":87,"column":0},"end":{"line":95,"column":3}},"42":{"start":{"line":88,"column":4},"end":{"line":94,"column":5}},"43":{"start":{"line":89,"column":26},"end":{"line":89,"column":64}},"44":{"start":{"line":90,"column":8},"end":{"line":90,"column":40}},"45":{"start":{"line":92,"column":8},"end":{"line":92,"column":27}},"46":{"start":{"line":93,"column":8},"end":{"line":93,"column":50}},"47":{"start":{"line":98,"column":0},"end":{"line":109,"column":3}},"48":{"start":{"line":99,"column":4},"end":{"line":108,"column":5}},"49":{"start":{"line":100,"column":21},"end":{"line":100,"column":66}},"50":{"start":{"line":101,"column":8},"end":{"line":103,"column":9}},"51":{"start":{"line":102,"column":12},"end":{"line":102,"column":70}},"52":{"start":{"line":104,"column":8},"end":{"line":104,"column":25}},"53":{"start":{"line":106,"column":8},"end":{"line":106,"column":27}},"54":{"start":{"line":107,"column":8},"end":{"line":107,"column":50}},"55":{"start":{"line":112,"column":0},"end":{"line":123,"column":3}},"56":{"start":{"line":113,"column":4},"end":{"line":122,"column":5}},"57":{"start":{"line":114,"column":22},"end":{"line":114,"column":87}},"58":{"start":{"line":115,"column":8},"end":{"line":117,"column":9}},"59":{"start":{"line":116,"column":12},"end":{"line":116,"column":70}},"60":{"start":{"line":118,"column":8},"end":{"line":118,"column":70}},"61":{"start":{"line":120,"column":8},"end":{"line":120,"column":27}},"62":{"start":{"line":121,"column":8},"end":{"line":121,"column":50}},"63":{"start":{"line":126,"column":0},"end":{"line":145,"column":3}},"64":{"start":{"line":127,"column":4},"end":{"line":144,"column":5}},"65":{"start":{"line":129,"column":23},"end":{"line":129,"column":54}},"66":{"start":{"line":131,"column":8},"end":{"line":131,"column":82}},"67":{"start":{"line":131,"column":21},"end":{"line":131,"column":82}},"68":{"start":{"line":134,"column":8},"end":{"line":136,"column":9}},"69":{"start":{"line":135,"column":12},"end":{"line":135,"column":68}},"70":{"start":{"line":137,"column":8},"end":{"line":139,"column":9}},"71":{"start":{"line":138,"column":12},"end":{"line":138,"column":75}},"72":{"start":{"line":141,"column":8},"end":{"line":141,"column":63}},"73":{"start":{"line":143,"column":8},"end":{"line":143,"column":53}},"74":{"start":{"line":149,"column":4},"end":{"line":165,"column":5}},"75":{"start":{"line":150,"column":25},"end":{"line":157,"column":10}},"76":{"start":{"line":159,"column":8},"end":{"line":162,"column":9}},"77":{"start":{"line":160,"column":12},"end":{"line":160,"column":56}},"78":{"start":{"line":164,"column":8},"end":{"line":164,"column":57}},"79":{"start":{"line":170,"column":4},"end":{"line":170,"column":62}},"80":{"start":{"line":170,"column":55},"end":{"line":170,"column":62}},"81":{"start":{"line":172,"column":4},"end":{"line":189,"column":5}},"82":{"start":{"line":173,"column":25},"end":{"line":181,"column":10}},"83":{"start":{"line":183,"column":8},"end":{"line":186,"column":9}},"84":{"start":{"line":184,"column":12},"end":{"line":184,"column":45}},"85":{"start":{"line":185,"column":12},"end":{"line":185,"column":30}},"86":{"start":{"line":188,"column":8},"end":{"line":188,"column":52}},"87":{"start":{"line":192,"column":0},"end":{"line":192,"column":22}}},"fnMap":{"0":{"name":"(anonymous_0)","decl":{"start":{"line":7,"column":23},"end":{"line":7,"column":24}},"loc":{"start":{"line":7,"column":43},"end":{"line":17,"column":1}},"line":7},"1":{"name":"(anonymous_1)","decl":{"start":{"line":20,"column":22},"end":{"line":20,"column":23}},"loc":{"start":{"line":20,"column":42},"end":{"line":30,"column":1}},"line":20},"2":{"name":"(anonymous_2)","decl":{"start":{"line":33,"column":38},"end":{"line":33,"column":39}},"loc":{"start":{"line":33,"column":58},"end":{"line":51,"column":1}},"line":33},"3":{"name":"(anonymous_3)","decl":{"start":{"line":55,"column":36},"end":{"line":55,"column":37}},"loc":{"start":{"line":55,"column":56},"end":{"line":73,"column":1}},"line":55},"4":{"name":"(anonymous_4)","decl":{"start":{"line":75,"column":16},"end":{"line":75,"column":17}},"loc":{"start":{"line":75,"column":36},"end":{"line":84,"column":1}},"line":75},"5":{"name":"(anonymous_5)","decl":{"start":{"line":87,"column":17},"end":{"line":87,"column":18}},"loc":{"start":{"line":87,"column":37},"end":{"line":95,"column":1}},"line":87},"6":{"name":"(anonymous_6)","decl":{"start":{"line":98,"column":18},"end":{"line":98,"column":19}},"loc":{"start":{"line":98,"column":35},"end":{"line":109,"column":1}},"line":98},"7":{"name":"(anonymous_7)","decl":{"start":{"line":112,"column":22},"end":{"line":112,"column":23}},"loc":{"start":{"line":112,"column":42},"end":{"line":123,"column":1}},"line":112},"8":{"name":"(anonymous_8)","decl":{"start":{"line":126,"column":22},"end":{"line":126,"column":23}},"loc":{"start":{"line":126,"column":42},"end":{"line":145,"column":1}},"line":126},"9":{"name":"updateProgress","decl":{"start":{"line":148,"column":15},"end":{"line":148,"column":29}},"loc":{"start":{"line":148,"column":52},"end":{"line":166,"column":1}},"line":148},"10":{"name":"resolveTask","decl":{"start":{"line":169,"column":15},"end":{"line":169,"column":26}},"loc":{"start":{"line":169,"column":37},"end":{"line":190,"column":1}},"line":169}},"branchMap":{"0":{"loc":{"start":{"line":37,"column":4},"end":{"line":39,"column":5}},"type":"if","locations":[{"start":{"line":37,"column":4},"end":{"line":39,"column":5}},{"start":{},"end":{}}],"line":37},"1":{"loc":{"start":{"line":46,"column":8},"end":{"line":46,"column":89}},"type":"if","locations":[{"start":{"line":46,"column":8},"end":{"line":46,"column":89}},{"start":{},"end":{}}],"line":46},"2":{"loc":{"start":{"line":64,"column":8},"end":{"line":66,"column":9}},"type":"if","locations":[{"start":{"line":64,"column":8},"end":{"line":66,"column":9}},{"start":{},"end":{}}],"line":64},"3":{"loc":{"start":{"line":101,"column":8},"end":{"line":103,"column":9}},"type":"if","locations":[{"start":{"line":101,"column":8},"end":{"line":103,"column":9}},{"start":{},"end":{}}],"line":101},"4":{"loc":{"start":{"line":115,"column":8},"end":{"line":117,"column":9}},"type":"if","locations":[{"start":{"line":115,"column":8},"end":{"line":117,"column":9}},{"start":{},"end":{}}],"line":115},"5":{"loc":{"start":{"line":131,"column":8},"end":{"line":131,"column":82}},"type":"if","locations":[{"start":{"line":131,"column":8},"end":{"line":131,"column":82}},{"start":{},"end":{}}],"line":131},"6":{"loc":{"start":{"line":134,"column":8},"end":{"line":136,"column":9}},"type":"if","locations":[{"start":{"line":134,"column":8},"end":{"line":136,"column":9}},{"start":{},"end":{}}],"line":134},"7":{"loc":{"start":{"line":137,"column":8},"end":{"line":139,"column":9}},"type":"if","locations":[{"start":{"line":137,"column":8},"end":{"line":139,"column":9}},{"start":{},"end":{}}],"line":137},"8":{"loc":{"start":{"line":159,"column":8},"end":{"line":162,"column":9}},"type":"if","locations":[{"start":{"line":159,"column":8},"end":{"line":162,"column":9}},{"start":{},"end":{}}],"line":159},"9":{"loc":{"start":{"line":170,"column":4},"end":{"line":170,"column":62}},"type":"if","locations":[{"start":{"line":170,"column":4},"end":{"line":170,"column":62}},{"start":{},"end":{}}],"line":170},"10":{"loc":{"start":{"line":183,"column":8},"end":{"line":186,"column":9}},"type":"if","locations":[{"start":{"line":183,"column":8},"end":{"line":186,"column":9}},{"start":{},"end":{}}],"line":183}},"s":{"0":1,"1":1,"2":1,"3":1,"4":0,"5":0,"6":0,"7":0,"8":0,"9":1,"10":1,"11":1,"12":1,"13":0,"14":0,"15":1,"16":5,"17":5,"18":5,"19":1,"20":4,"21":4,"22":3,"23":2,"24":1,"25":1,"26":1,"27":2,"28":2,"29":2,"30":1,"31":0,"32":1,"33":1,"34":1,"35":1,"36":1,"37":1,"38":1,"39":0,"40":0,"41":1,"42":2,"43":2,"44":1,"45":1,"46":1,"47":1,"48":2,"49":2,"50":2,"51":1,"52":1,"53":0,"54":0,"55":1,"56":1,"57":1,"58":1,"59":0,"60":1,"61":0,"62":0,"63":1,"64":3,"65":3,"66":3,"67":0,"68":3,"69":1,"70":2,"71":1,"72":1,"73":0,"74":0,"75":0,"76":0,"77":0,"78":0,"79":0,"80":0,"81":0,"82":0,"83":0,"84":0,"85":0,"86":0,"87":1},"f":{"0":0,"1":1,"2":5,"3":2,"4":1,"5":2,"6":2,"7":1,"8":3,"9":0,"10":0},"b":{"0":[1,4],"1":[2,1],"2":[0,1],"3":[1,1],"4":[0,1],"5":[0,3],"6":[1,2],"7":[1,1],"8":[0,0],"9":[0,0],"10":[0,0]},"_coverageSchema":"1a1c01bbd47fc00a2c39e90264f33305004495a9","hash":"b37af71e73ae488ecc82d3ecbfe68342c5aa86eb"}
}
