{"C:\\Users\\Father Fakir\\Desktop\\Textbooks\\SD\\LucsProj\\Lucs-Project\\Back-end\\routes\\allocations.js": {"path":"C:\\Users\\Father Fakir\\Desktop\\Textbooks\\SD\\LucsProj\\Lucs-Project\\Back-end\\routes\\allocations.js","statementMap":{"0":{"start":{"line":1,"column":16},"end":{"line":1,"column":34}},"1":{"start":{"line":2,"column":15},"end":{"line":2,"column":31}},"2":{"start":{"line":3,"column":48},"end":{"line":3,"column":68}},"3":{"start":{"line":10,"column":0},"end":{"line":18,"column":3}},"4":{"start":{"line":11,"column":4},"end":{"line":17,"column":5}},"5":{"start":{"line":12,"column":28},"end":{"line":12,"column":54}},"6":{"start":{"line":13,"column":8},"end":{"line":13,"column":30}},"7":{"start":{"line":15,"column":8},"end":{"line":15,"column":27}},"8":{"start":{"line":16,"column":8},"end":{"line":16,"column":53}},"9":{"start":{"line":21,"column":0},"end":{"line":32,"column":3}},"10":{"start":{"line":22,"column":4},"end":{"line":31,"column":5}},"11":{"start":{"line":23,"column":22},"end":{"line":26,"column":10}},"12":{"start":{"line":27,"column":8},"end":{"line":27,"column":24}},"13":{"start":{"line":29,"column":8},"end":{"line":29,"column":27}},"14":{"start":{"line":30,"column":8},"end":{"line":30,"column":53}},"15":{"start":{"line":35,"column":0},"end":{"line":46,"column":3}},"16":{"start":{"line":36,"column":4},"end":{"line":45,"column":5}},"17":{"start":{"line":37,"column":32},"end":{"line":40,"column":10}},"18":{"start":{"line":41,"column":8},"end":{"line":41,"column":34}},"19":{"start":{"line":43,"column":8},"end":{"line":43,"column":27}},"20":{"start":{"line":44,"column":8},"end":{"line":44,"column":53}},"21":{"start":{"line":53,"column":0},"end":{"line":62,"column":3}},"22":{"start":{"line":54,"column":4},"end":{"line":61,"column":5}},"23":{"start":{"line":56,"column":30},"end":{"line":56,"column":63}},"24":{"start":{"line":57,"column":8},"end":{"line":57,"column":110}},"25":{"start":{"line":59,"column":8},"end":{"line":59,"column":27}},"26":{"start":{"line":60,"column":8},"end":{"line":60,"column":53}},"27":{"start":{"line":65,"column":0},"end":{"line":80,"column":3}},"28":{"start":{"line":66,"column":4},"end":{"line":79,"column":5}},"29":{"start":{"line":68,"column":24},"end":{"line":70,"column":10}},"30":{"start":{"line":72,"column":8},"end":{"line":74,"column":9}},"31":{"start":{"line":73,"column":12},"end":{"line":73,"column":77}},"32":{"start":{"line":75,"column":8},"end":{"line":75,"column":76}},"33":{"start":{"line":77,"column":8},"end":{"line":77,"column":27}},"34":{"start":{"line":78,"column":8},"end":{"line":78,"column":53}},"35":{"start":{"line":82,"column":0},"end":{"line":82,"column":24}}},"fnMap":{"0":{"name":"(anonymous_0)","decl":{"start":{"line":10,"column":16},"end":{"line":10,"column":17}},"loc":{"start":{"line":10,"column":36},"end":{"line":18,"column":1}},"line":10},"1":{"name":"(anonymous_1)","decl":{"start":{"line":21,"column":32},"end":{"line":21,"column":33}},"loc":{"start":{"line":21,"column":52},"end":{"line":32,"column":1}},"line":21},"2":{"name":"(anonymous_2)","decl":{"start":{"line":35,"column":32},"end":{"line":35,"column":33}},"loc":{"start":{"line":35,"column":52},"end":{"line":46,"column":1}},"line":35},"3":{"name":"(anonymous_3)","decl":{"start":{"line":53,"column":17},"end":{"line":53,"column":18}},"loc":{"start":{"line":53,"column":37},"end":{"line":62,"column":1}},"line":53},"4":{"name":"(anonymous_4)","decl":{"start":{"line":65,"column":22},"end":{"line":65,"column":23}},"loc":{"start":{"line":65,"column":42},"end":{"line":80,"column":1}},"line":65}},"branchMap":{"0":{"loc":{"start":{"line":72,"column":8},"end":{"line":74,"column":9}},"type":"if","locations":[{"start":{"line":72,"column":8},"end":{"line":74,"column":9}},{"start":{},"end":{}}],"line":72}},"s":{"0":1,"1":1,"2":1,"3":1,"4":2,"5":2,"6":1,"7":1,"8":1,"9":1,"10":1,"11":1,"12":1,"13":0,"14":0,"15":1,"16":0,"17":0,"18":0,"19":0,"20":0,"21":1,"22":2,"23":2,"24":1,"25":1,"26":1,"27":1,"28":2,"29":2,"30":2,"31":1,"32":1,"33":0,"34":0,"35":1},"f":{"0":2,"1":1,"2":0,"3":2,"4":2},"b":{"0":[1,1]},"_coverageSchema":"1a1c01bbd47fc00a2c39e90264f33305004495a9","hash":"ca4c99dfda20cc299bf3b36d286912d7660e1850"}
,"C:\\Users\\Father Fakir\\Desktop\\Textbooks\\SD\\LucsProj\\Lucs-Project\\Back-end\\routes\\geography.js": {"path":"C:\\Users\\Father Fakir\\Desktop\\Textbooks\\SD\\LucsProj\\Lucs-Project\\Back-end\\routes\\geography.js","statementMap":{"0":{"start":{"line":1,"column":14},"end":{"line":1,"column":32}},"1":{"start":{"line":2,"column":13},"end":{"line":2,"column":29}},"2":{"start":{"line":3,"column":38},"end":{"line":3,"column":58}},"3":{"start":{"line":9,"column":0},"end":{"line":17,"column":3}},"4":{"start":{"line":10,"column":4},"end":{"line":16,"column":5}},"5":{"start":{"line":11,"column":24},"end":{"line":11,"column":48}},"6":{"start":{"line":12,"column":8},"end":{"line":12,"column":28}},"7":{"start":{"line":14,"column":8},"end":{"line":14,"column":27}},"8":{"start":{"line":15,"column":8},"end":{"line":15,"column":50}},"9":{"start":{"line":21,"column":0},"end":{"line":31,"column":3}},"10":{"start":{"line":22,"column":4},"end":{"line":30,"column":5}},"11":{"start":{"line":23,"column":29},"end":{"line":25,"column":10}},"12":{"start":{"line":26,"column":8},"end":{"line":26,"column":33}},"13":{"start":{"line":28,"column":8},"end":{"line":28,"column":27}},"14":{"start":{"line":29,"column":8},"end":{"line":29,"column":50}},"15":{"start":{"line":37,"column":0},"end":{"line":45,"column":3}},"16":{"start":{"line":38,"column":4},"end":{"line":44,"column":5}},"17":{"start":{"line":39,"column":29},"end":{"line":39,"column":57}},"18":{"start":{"line":40,"column":8},"end":{"line":40,"column":33}},"19":{"start":{"line":42,"column":8},"end":{"line":42,"column":27}},"20":{"start":{"line":43,"column":8},"end":{"line":43,"column":50}},"21":{"start":{"line":49,"column":0},"end":{"line":59,"column":3}},"22":{"start":{"line":50,"column":4},"end":{"line":58,"column":5}},"23":{"start":{"line":51,"column":20},"end":{"line":53,"column":10}},"24":{"start":{"line":54,"column":8},"end":{"line":54,"column":24}},"25":{"start":{"line":56,"column":8},"end":{"line":56,"column":27}},"26":{"start":{"line":57,"column":8},"end":{"line":57,"column":50}},"27":{"start":{"line":62,"column":0},"end":{"line":73,"column":3}},"28":{"start":{"line":63,"column":4},"end":{"line":72,"column":5}},"29":{"start":{"line":64,"column":29},"end":{"line":64,"column":71}},"30":{"start":{"line":65,"column":8},"end":{"line":67,"column":9}},"31":{"start":{"line":66,"column":12},"end":{"line":66,"column":79}},"32":{"start":{"line":68,"column":8},"end":{"line":68,"column":31}},"33":{"start":{"line":70,"column":8},"end":{"line":70,"column":27}},"34":{"start":{"line":71,"column":8},"end":{"line":71,"column":53}},"35":{"start":{"line":78,"column":0},"end":{"line":86,"column":3}},"36":{"start":{"line":79,"column":4},"end":{"line":85,"column":5}},"37":{"start":{"line":80,"column":20},"end":{"line":80,"column":40}},"38":{"start":{"line":81,"column":8},"end":{"line":81,"column":24}},"39":{"start":{"line":83,"column":8},"end":{"line":83,"column":27}},"40":{"start":{"line":84,"column":8},"end":{"line":84,"column":50}},"41":{"start":{"line":89,"column":0},"end":{"line":100,"column":3}},"42":{"start":{"line":90,"column":4},"end":{"line":99,"column":5}},"43":{"start":{"line":91,"column":19},"end":{"line":91,"column":53}},"44":{"start":{"line":92,"column":8},"end":{"line":94,"column":9}},"45":{"start":{"line":93,"column":12},"end":{"line":93,"column":68}},"46":{"start":{"line":95,"column":8},"end":{"line":95,"column":23}},"47":{"start":{"line":97,"column":8},"end":{"line":97,"column":27}},"48":{"start":{"line":98,"column":8},"end":{"line":98,"column":50}},"49":{"start":{"line":103,"column":0},"end":{"line":124,"column":3}},"50":{"start":{"line":104,"column":4},"end":{"line":123,"column":5}},"51":{"start":{"line":105,"column":35},"end":{"line":105,"column":55}},"52":{"start":{"line":107,"column":36},"end":{"line":112,"column":10}},"53":{"start":{"line":114,"column":8},"end":{"line":116,"column":9}},"54":{"start":{"line":115,"column":12},"end":{"line":115,"column":71}},"55":{"start":{"line":119,"column":8},"end":{"line":119,"column":48}},"56":{"start":{"line":121,"column":8},"end":{"line":121,"column":27}},"57":{"start":{"line":122,"column":8},"end":{"line":122,"column":53}},"58":{"start":{"line":126,"column":0},"end":{"line":126,"column":22}}},"fnMap":{"0":{"name":"(anonymous_0)","decl":{"start":{"line":9,"column":25},"end":{"line":9,"column":26}},"loc":{"start":{"line":9,"column":41},"end":{"line":17,"column":1}},"line":9},"1":{"name":"(anonymous_1)","decl":{"start":{"line":21,"column":44},"end":{"line":21,"column":45}},"loc":{"start":{"line":21,"column":60},"end":{"line":31,"column":1}},"line":21},"2":{"name":"(anonymous_2)","decl":{"start":{"line":37,"column":29},"end":{"line":37,"column":30}},"loc":{"start":{"line":37,"column":45},"end":{"line":45,"column":1}},"line":37},"3":{"name":"(anonymous_3)","decl":{"start":{"line":49,"column":40},"end":{"line":49,"column":41}},"loc":{"start":{"line":49,"column":56},"end":{"line":59,"column":1}},"line":49},"4":{"name":"(anonymous_4)","decl":{"start":{"line":62,"column":34},"end":{"line":62,"column":35}},"loc":{"start":{"line":62,"column":54},"end":{"line":73,"column":1}},"line":62},"5":{"name":"(anonymous_5)","decl":{"start":{"line":78,"column":21},"end":{"line":78,"column":22}},"loc":{"start":{"line":78,"column":37},"end":{"line":86,"column":1}},"line":78},"6":{"name":"(anonymous_6)","decl":{"start":{"line":89,"column":25},"end":{"line":89,"column":26}},"loc":{"start":{"line":89,"column":41},"end":{"line":100,"column":1}},"line":89},"7":{"name":"(anonymous_7)","decl":{"start":{"line":103,"column":37},"end":{"line":103,"column":38}},"loc":{"start":{"line":103,"column":57},"end":{"line":124,"column":1}},"line":103}},"branchMap":{"0":{"loc":{"start":{"line":65,"column":8},"end":{"line":67,"column":9}},"type":"if","locations":[{"start":{"line":65,"column":8},"end":{"line":67,"column":9}},{"start":{},"end":{}}],"line":65},"1":{"loc":{"start":{"line":92,"column":8},"end":{"line":94,"column":9}},"type":"if","locations":[{"start":{"line":92,"column":8},"end":{"line":94,"column":9}},{"start":{},"end":{}}],"line":92},"2":{"loc":{"start":{"line":114,"column":8},"end":{"line":116,"column":9}},"type":"if","locations":[{"start":{"line":114,"column":8},"end":{"line":116,"column":9}},{"start":{},"end":{}}],"line":114}},"s":{"0":1,"1":1,"2":1,"3":1,"4":2,"5":2,"6":1,"7":1,"8":1,"9":1,"10":1,"11":1,"12":1,"13":0,"14":0,"15":1,"16":0,"17":0,"18":0,"19":0,"20":0,"21":1,"22":0,"23":0,"24":0,"25":0,"26":0,"27":1,"28":0,"29":0,"30":0,"31":0,"32":0,"33":0,"34":0,"35":1,"36":0,"37":0,"38":0,"39":0,"40":0,"41":1,"42":2,"43":2,"44":2,"45":1,"46":1,"47":0,"48":0,"49":1,"50":2,"51":2,"52":2,"53":2,"54":1,"55":1,"56":0,"57":0,"58":1},"f":{"0":2,"1":1,"2":0,"3":0,"4":0,"5":0,"6":2,"7":2},"b":{"0":[0,0],"1":[1,1],"2":[1,1]},"_coverageSchema":"1a1c01bbd47fc00a2c39e90264f33305004495a9","hash":"a580bf02abe17dbf87b254b944da5b8fc114421d"}
,"C:\\Users\\Father Fakir\\Desktop\\Textbooks\\SD\\LucsProj\\Lucs-Project\\Back-end\\routes\\grievances.js": {"path":"C:\\Users\\Father Fakir\\Desktop\\Textbooks\\SD\\LucsProj\\Lucs-Project\\Back-end\\routes\\grievances.js","statementMap":{"0":{"start":{"line":1,"column":16},"end":{"line":1,"column":34}},"1":{"start":{"line":2,"column":15},"end":{"line":2,"column":31}},"2":{"start":{"line":3,"column":46},"end":{"line":3,"column":66}},"3":{"start":{"line":10,"column":0},"end":{"line":18,"column":3}},"4":{"start":{"line":11,"column":4},"end":{"line":17,"column":5}},"5":{"start":{"line":12,"column":27},"end":{"line":12,"column":52}},"6":{"start":{"line":13,"column":8},"end":{"line":13,"column":29}},"7":{"start":{"line":15,"column":8},"end":{"line":15,"column":27}},"8":{"start":{"line":16,"column":8},"end":{"line":16,"column":53}},"9":{"start":{"line":21,"column":0},"end":{"line":31,"column":3}},"10":{"start":{"line":22,"column":4},"end":{"line":30,"column":5}},"11":{"start":{"line":23,"column":27},"end":{"line":25,"column":10}},"12":{"start":{"line":26,"column":8},"end":{"line":26,"column":29}},"13":{"start":{"line":28,"column":8},"end":{"line":28,"column":27}},"14":{"start":{"line":29,"column":8},"end":{"line":29,"column":53}},"15":{"start":{"line":34,"column":0},"end":{"line":44,"column":3}},"16":{"start":{"line":35,"column":4},"end":{"line":43,"column":5}},"17":{"start":{"line":36,"column":27},"end":{"line":38,"column":10}},"18":{"start":{"line":39,"column":8},"end":{"line":39,"column":29}},"19":{"start":{"line":41,"column":8},"end":{"line":41,"column":27}},"20":{"start":{"line":42,"column":8},"end":{"line":42,"column":53}},"21":{"start":{"line":47,"column":0},"end":{"line":58,"column":3}},"22":{"start":{"line":48,"column":4},"end":{"line":57,"column":5}},"23":{"start":{"line":49,"column":26},"end":{"line":49,"column":65}},"24":{"start":{"line":50,"column":8},"end":{"line":52,"column":9}},"25":{"start":{"line":51,"column":12},"end":{"line":51,"column":76}},"26":{"start":{"line":53,"column":8},"end":{"line":53,"column":28}},"27":{"start":{"line":55,"column":8},"end":{"line":55,"column":27}},"28":{"start":{"line":56,"column":8},"end":{"line":56,"column":53}},"29":{"start":{"line":65,"column":0},"end":{"line":74,"column":3}},"30":{"start":{"line":66,"column":4},"end":{"line":73,"column":5}},"31":{"start":{"line":68,"column":29},"end":{"line":68,"column":61}},"32":{"start":{"line":69,"column":8},"end":{"line":69,"column":104}},"33":{"start":{"line":71,"column":8},"end":{"line":71,"column":27}},"34":{"start":{"line":72,"column":8},"end":{"line":72,"column":53}},"35":{"start":{"line":77,"column":0},"end":{"line":92,"column":3}},"36":{"start":{"line":78,"column":4},"end":{"line":91,"column":5}},"37":{"start":{"line":79,"column":30},"end":{"line":82,"column":9}},"38":{"start":{"line":84,"column":8},"end":{"line":86,"column":9}},"39":{"start":{"line":85,"column":12},"end":{"line":85,"column":76}},"40":{"start":{"line":87,"column":8},"end":{"line":87,"column":87}},"41":{"start":{"line":89,"column":8},"end":{"line":89,"column":27}},"42":{"start":{"line":90,"column":8},"end":{"line":90,"column":53}},"43":{"start":{"line":95,"column":0},"end":{"line":106,"column":3}},"44":{"start":{"line":96,"column":4},"end":{"line":105,"column":5}},"45":{"start":{"line":97,"column":24},"end":{"line":97,"column":90}},"46":{"start":{"line":98,"column":8},"end":{"line":100,"column":9}},"47":{"start":{"line":99,"column":12},"end":{"line":99,"column":76}},"48":{"start":{"line":101,"column":8},"end":{"line":101,"column":76}},"49":{"start":{"line":103,"column":8},"end":{"line":103,"column":27}},"50":{"start":{"line":104,"column":8},"end":{"line":104,"column":53}},"51":{"start":{"line":108,"column":0},"end":{"line":108,"column":24}}},"fnMap":{"0":{"name":"(anonymous_0)","decl":{"start":{"line":10,"column":16},"end":{"line":10,"column":17}},"loc":{"start":{"line":10,"column":36},"end":{"line":18,"column":1}},"line":10},"1":{"name":"(anonymous_1)","decl":{"start":{"line":21,"column":36},"end":{"line":21,"column":37}},"loc":{"start":{"line":21,"column":56},"end":{"line":31,"column":1}},"line":21},"2":{"name":"(anonymous_2)","decl":{"start":{"line":34,"column":41},"end":{"line":34,"column":42}},"loc":{"start":{"line":34,"column":61},"end":{"line":44,"column":1}},"line":34},"3":{"name":"(anonymous_3)","decl":{"start":{"line":47,"column":19},"end":{"line":47,"column":20}},"loc":{"start":{"line":47,"column":39},"end":{"line":58,"column":1}},"line":47},"4":{"name":"(anonymous_4)","decl":{"start":{"line":65,"column":17},"end":{"line":65,"column":18}},"loc":{"start":{"line":65,"column":37},"end":{"line":74,"column":1}},"line":65},"5":{"name":"(anonymous_5)","decl":{"start":{"line":77,"column":27},"end":{"line":77,"column":28}},"loc":{"start":{"line":77,"column":47},"end":{"line":92,"column":1}},"line":77},"6":{"name":"(anonymous_6)","decl":{"start":{"line":95,"column":22},"end":{"line":95,"column":23}},"loc":{"start":{"line":95,"column":42},"end":{"line":106,"column":1}},"line":95}},"branchMap":{"0":{"loc":{"start":{"line":50,"column":8},"end":{"line":52,"column":9}},"type":"if","locations":[{"start":{"line":50,"column":8},"end":{"line":52,"column":9}},{"start":{},"end":{}}],"line":50},"1":{"loc":{"start":{"line":84,"column":8},"end":{"line":86,"column":9}},"type":"if","locations":[{"start":{"line":84,"column":8},"end":{"line":86,"column":9}},{"start":{},"end":{}}],"line":84},"2":{"loc":{"start":{"line":98,"column":8},"end":{"line":100,"column":9}},"type":"if","locations":[{"start":{"line":98,"column":8},"end":{"line":100,"column":9}},{"start":{},"end":{}}],"line":98}},"s":{"0":1,"1":1,"2":1,"3":1,"4":2,"5":2,"6":1,"7":1,"8":1,"9":1,"10":1,"11":1,"12":1,"13":0,"14":0,"15":1,"16":0,"17":0,"18":0,"19":0,"20":0,"21":1,"22":2,"23":2,"24":2,"25":1,"26":1,"27":0,"28":0,"29":1,"30":2,"31":2,"32":1,"33":1,"34":1,"35":1,"36":2,"37":2,"38":2,"39":1,"40":1,"41":0,"42":0,"43":1,"44":2,"45":2,"46":2,"47":1,"48":1,"49":0,"50":0,"51":1},"f":{"0":2,"1":1,"2":0,"3":2,"4":2,"5":2,"6":2},"b":{"0":[1,1],"1":[1,1],"2":[1,1]},"_coverageSchema":"1a1c01bbd47fc00a2c39e90264f33305004495a9","hash":"64b280cec7914577f81bfcc9300c0a69d694bae6"}
,"C:\\Users\\Father Fakir\\Desktop\\Textbooks\\SD\\LucsProj\\Lucs-Project\\Back-end\\routes\\reportImages.js": {"path":"C:\\Users\\Father Fakir\\Desktop\\Textbooks\\SD\\LucsProj\\Lucs-Project\\Back-end\\routes\\reportImages.js","statementMap":{"0":{"start":{"line":1,"column":16},"end":{"line":1,"column":34}},"1":{"start":{"line":2,"column":15},"end":{"line":2,"column":31}},"2":{"start":{"line":3,"column":32},"end":{"line":3,"column":52}},"3":{"start":{"line":11,"column":0},"end":{"line":26,"column":3}},"4":{"start":{"line":12,"column":4},"end":{"line":25,"column":5}},"5":{"start":{"line":13,"column":23},"end":{"line":15,"column":10}},"6":{"start":{"line":17,"column":8},"end":{"line":19,"column":9}},"7":{"start":{"line":18,"column":12},"end":{"line":18,"column":89}},"8":{"start":{"line":21,"column":8},"end":{"line":21,"column":25}},"9":{"start":{"line":23,"column":8},"end":{"line":23,"column":27}},"10":{"start":{"line":24,"column":8},"end":{"line":24,"column":53}},"11":{"start":{"line":29,"column":0},"end":{"line":40,"column":3}},"12":{"start":{"line":30,"column":4},"end":{"line":39,"column":5}},"13":{"start":{"line":31,"column":22},"end":{"line":31,"column":63}},"14":{"start":{"line":32,"column":8},"end":{"line":34,"column":9}},"15":{"start":{"line":33,"column":12},"end":{"line":33,"column":72}},"16":{"start":{"line":35,"column":8},"end":{"line":35,"column":24}},"17":{"start":{"line":37,"column":8},"end":{"line":37,"column":27}},"18":{"start":{"line":38,"column":8},"end":{"line":38,"column":53}},"19":{"start":{"line":47,"column":0},"end":{"line":70,"column":3}},"20":{"start":{"line":48,"column":4},"end":{"line":69,"column":5}},"21":{"start":{"line":50,"column":25},"end":{"line":50,"column":44}},"22":{"start":{"line":53,"column":29},"end":{"line":53,"column":60}},"23":{"start":{"line":54,"column":8},"end":{"line":56,"column":9}},"24":{"start":{"line":55,"column":12},"end":{"line":55,"column":95}},"25":{"start":{"line":60,"column":25},"end":{"line":63,"column":10}},"26":{"start":{"line":65,"column":8},"end":{"line":65,"column":91}},"27":{"start":{"line":67,"column":8},"end":{"line":67,"column":27}},"28":{"start":{"line":68,"column":8},"end":{"line":68,"column":53}},"29":{"start":{"line":73,"column":0},"end":{"line":88,"column":3}},"30":{"start":{"line":74,"column":4},"end":{"line":87,"column":5}},"31":{"start":{"line":76,"column":24},"end":{"line":78,"column":10}},"32":{"start":{"line":80,"column":8},"end":{"line":82,"column":9}},"33":{"start":{"line":81,"column":12},"end":{"line":81,"column":72}},"34":{"start":{"line":83,"column":8},"end":{"line":83,"column":72}},"35":{"start":{"line":85,"column":8},"end":{"line":85,"column":27}},"36":{"start":{"line":86,"column":8},"end":{"line":86,"column":53}},"37":{"start":{"line":90,"column":0},"end":{"line":90,"column":24}}},"fnMap":{"0":{"name":"(anonymous_0)","decl":{"start":{"line":11,"column":32},"end":{"line":11,"column":33}},"loc":{"start":{"line":11,"column":52},"end":{"line":26,"column":1}},"line":11},"1":{"name":"(anonymous_1)","decl":{"start":{"line":29,"column":19},"end":{"line":29,"column":20}},"loc":{"start":{"line":29,"column":39},"end":{"line":40,"column":1}},"line":29},"2":{"name":"(anonymous_2)","decl":{"start":{"line":47,"column":33},"end":{"line":47,"column":34}},"loc":{"start":{"line":47,"column":53},"end":{"line":70,"column":1}},"line":47},"3":{"name":"(anonymous_3)","decl":{"start":{"line":73,"column":22},"end":{"line":73,"column":23}},"loc":{"start":{"line":73,"column":42},"end":{"line":88,"column":1}},"line":73}},"branchMap":{"0":{"loc":{"start":{"line":17,"column":8},"end":{"line":19,"column":9}},"type":"if","locations":[{"start":{"line":17,"column":8},"end":{"line":19,"column":9}},{"start":{},"end":{}}],"line":17},"1":{"loc":{"start":{"line":17,"column":12},"end":{"line":17,"column":42}},"type":"binary-expr","locations":[{"start":{"line":17,"column":12},"end":{"line":17,"column":19}},{"start":{"line":17,"column":23},"end":{"line":17,"column":42}}],"line":17},"2":{"loc":{"start":{"line":32,"column":8},"end":{"line":34,"column":9}},"type":"if","locations":[{"start":{"line":32,"column":8},"end":{"line":34,"column":9}},{"start":{},"end":{}}],"line":32},"3":{"loc":{"start":{"line":54,"column":8},"end":{"line":56,"column":9}},"type":"if","locations":[{"start":{"line":54,"column":8},"end":{"line":56,"column":9}},{"start":{},"end":{}}],"line":54},"4":{"loc":{"start":{"line":80,"column":8},"end":{"line":82,"column":9}},"type":"if","locations":[{"start":{"line":80,"column":8},"end":{"line":82,"column":9}},{"start":{},"end":{}}],"line":80}},"s":{"0":1,"1":1,"2":1,"3":1,"4":2,"5":2,"6":2,"7":1,"8":1,"9":0,"10":0,"11":1,"12":2,"13":2,"14":2,"15":1,"16":1,"17":0,"18":0,"19":1,"20":3,"21":3,"22":3,"23":3,"24":1,"25":2,"26":2,"27":0,"28":0,"29":1,"30":2,"31":2,"32":2,"33":1,"34":1,"35":0,"36":0,"37":1},"f":{"0":2,"1":2,"2":3,"3":2},"b":{"0":[1,1],"1":[2,2],"2":[1,1],"3":[1,2],"4":[1,1]},"_coverageSchema":"1a1c01bbd47fc00a2c39e90264f33305004495a9","hash":"eec6c4dd022af7c999e937de84fbc7cecf835b6b"}
,"C:\\Users\\Father Fakir\\Desktop\\Textbooks\\SD\\LucsProj\\Lucs-Project\\Back-end\\routes\\reports.js": {"path":"C:\\Users\\Father Fakir\\Desktop\\Textbooks\\SD\\LucsProj\\Lucs-Project\\Back-end\\routes\\reports.js","statementMap":{"0":{"start":{"line":1,"column":14},"end":{"line":1,"column":32}},"1":{"start":{"line":2,"column":13},"end":{"line":2,"column":29}},"2":{"start":{"line":3,"column":40},"end":{"line":3,"column":60}},"3":{"start":{"line":4,"column":15},"end":{"line":4,"column":35}},"4":{"start":{"line":7,"column":0},"end":{"line":15,"column":3}},"5":{"start":{"line":8,"column":4},"end":{"line":14,"column":5}},"6":{"start":{"line":9,"column":22},"end":{"line":9,"column":44}},"7":{"start":{"line":10,"column":8},"end":{"line":10,"column":26}},"8":{"start":{"line":12,"column":8},"end":{"line":12,"column":27}},"9":{"start":{"line":13,"column":8},"end":{"line":13,"column":50}},"10":{"start":{"line":18,"column":0},"end":{"line":26,"column":3}},"11":{"start":{"line":19,"column":4},"end":{"line":25,"column":5}},"12":{"start":{"line":20,"column":30},"end":{"line":20,"column":94}},"13":{"start":{"line":21,"column":8},"end":{"line":21,"column":34}},"14":{"start":{"line":23,"column":8},"end":{"line":23,"column":27}},"15":{"start":{"line":24,"column":8},"end":{"line":24,"column":50}},"16":{"start":{"line":29,"column":0},"end":{"line":37,"column":3}},"17":{"start":{"line":30,"column":4},"end":{"line":36,"column":5}},"18":{"start":{"line":31,"column":24},"end":{"line":31,"column":53}},"19":{"start":{"line":32,"column":8},"end":{"line":32,"column":87}},"20":{"start":{"line":34,"column":8},"end":{"line":34,"column":27}},"21":{"start":{"line":35,"column":8},"end":{"line":35,"column":50}},"22":{"start":{"line":40,"column":0},"end":{"line":51,"column":3}},"23":{"start":{"line":41,"column":4},"end":{"line":50,"column":5}},"24":{"start":{"line":42,"column":22},"end":{"line":42,"column":58}},"25":{"start":{"line":43,"column":8},"end":{"line":45,"column":9}},"26":{"start":{"line":44,"column":12},"end":{"line":44,"column":70}},"27":{"start":{"line":46,"column":8},"end":{"line":46,"column":25}},"28":{"start":{"line":48,"column":8},"end":{"line":48,"column":27}},"29":{"start":{"line":49,"column":8},"end":{"line":49,"column":50}},"30":{"start":{"line":54,"column":0},"end":{"line":88,"column":3}},"31":{"start":{"line":55,"column":4},"end":{"line":87,"column":5}},"32":{"start":{"line":56,"column":25},"end":{"line":56,"column":38}},"33":{"start":{"line":59,"column":52},"end":{"line":59,"column":60}},"34":{"start":{"line":61,"column":28},"end":{"line":61,"column":46}},"35":{"start":{"line":63,"column":30},"end":{"line":63,"column":32}},"36":{"start":{"line":65,"column":8},"end":{"line":70,"column":9}},"37":{"start":{"line":66,"column":12},"end":{"line":66,"column":43}},"38":{"start":{"line":67,"column":12},"end":{"line":67,"column":45}},"39":{"start":{"line":69,"column":12},"end":{"line":69,"column":51}},"40":{"start":{"line":73,"column":8},"end":{"line":73,"column":106}},"41":{"start":{"line":75,"column":30},"end":{"line":77,"column":10}},"42":{"start":{"line":79,"column":8},"end":{"line":81,"column":9}},"43":{"start":{"line":80,"column":12},"end":{"line":80,"column":73}},"44":{"start":{"line":82,"column":8},"end":{"line":82,"column":80}},"45":{"start":{"line":85,"column":8},"end":{"line":85,"column":27}},"46":{"start":{"line":86,"column":8},"end":{"line":86,"column":53}},"47":{"start":{"line":91,"column":0},"end":{"line":102,"column":3}},"48":{"start":{"line":92,"column":4},"end":{"line":101,"column":5}},"49":{"start":{"line":93,"column":22},"end":{"line":93,"column":76}},"50":{"start":{"line":94,"column":8},"end":{"line":96,"column":9}},"51":{"start":{"line":95,"column":12},"end":{"line":95,"column":70}},"52":{"start":{"line":97,"column":8},"end":{"line":97,"column":70}},"53":{"start":{"line":99,"column":8},"end":{"line":99,"column":27}},"54":{"start":{"line":100,"column":8},"end":{"line":100,"column":50}},"55":{"start":{"line":106,"column":0},"end":{"line":115,"column":3}},"56":{"start":{"line":107,"column":4},"end":{"line":114,"column":5}},"57":{"start":{"line":108,"column":26},"end":{"line":110,"column":10}},"58":{"start":{"line":111,"column":8},"end":{"line":111,"column":28}},"59":{"start":{"line":113,"column":8},"end":{"line":113,"column":53}},"60":{"start":{"line":118,"column":0},"end":{"line":136,"column":3}},"61":{"start":{"line":119,"column":4},"end":{"line":135,"column":5}},"62":{"start":{"line":120,"column":31},"end":{"line":120,"column":39}},"63":{"start":{"line":121,"column":25},"end":{"line":121,"column":38}},"64":{"start":{"line":124,"column":8},"end":{"line":124,"column":58}},"65":{"start":{"line":127,"column":8},"end":{"line":130,"column":10}},"66":{"start":{"line":132,"column":8},"end":{"line":132,"column":71}},"67":{"start":{"line":134,"column":8},"end":{"line":134,"column":53}},"68":{"start":{"line":139,"column":0},"end":{"line":160,"column":3}},"69":{"start":{"line":140,"column":4},"end":{"line":159,"column":5}},"70":{"start":{"line":141,"column":31},"end":{"line":141,"column":39}},"71":{"start":{"line":142,"column":25},"end":{"line":142,"column":38}},"72":{"start":{"line":145,"column":8},"end":{"line":148,"column":11}},"73":{"start":{"line":151,"column":8},"end":{"line":154,"column":10}},"74":{"start":{"line":156,"column":8},"end":{"line":156,"column":48}},"75":{"start":{"line":158,"column":8},"end":{"line":158,"column":53}},"76":{"start":{"line":163,"column":0},"end":{"line":171,"column":3}},"77":{"start":{"line":164,"column":4},"end":{"line":170,"column":5}},"78":{"start":{"line":165,"column":29},"end":{"line":165,"column":37}},"79":{"start":{"line":166,"column":8},"end":{"line":166,"column":82}},"80":{"start":{"line":167,"column":8},"end":{"line":167,"column":48}},"81":{"start":{"line":169,"column":8},"end":{"line":169,"column":53}},"82":{"start":{"line":174,"column":0},"end":{"line":194,"column":3}},"83":{"start":{"line":175,"column":4},"end":{"line":193,"column":5}},"84":{"start":{"line":176,"column":25},"end":{"line":176,"column":38}},"85":{"start":{"line":178,"column":74},"end":{"line":178,"column":82}},"86":{"start":{"line":180,"column":30},"end":{"line":183,"column":9}},"87":{"start":{"line":185,"column":8},"end":{"line":187,"column":9}},"88":{"start":{"line":186,"column":12},"end":{"line":186,"column":92}},"89":{"start":{"line":189,"column":8},"end":{"line":189,"column":88}},"90":{"start":{"line":191,"column":8},"end":{"line":191,"column":48}},"91":{"start":{"line":192,"column":8},"end":{"line":192,"column":53}},"92":{"start":{"line":197,"column":0},"end":{"line":218,"column":3}},"93":{"start":{"line":198,"column":4},"end":{"line":217,"column":5}},"94":{"start":{"line":199,"column":29},"end":{"line":199,"column":39}},"95":{"start":{"line":200,"column":28},"end":{"line":200,"column":89}},"96":{"start":{"line":201,"column":26},"end":{"line":201,"column":58}},"97":{"start":{"line":201,"column":47},"end":{"line":201,"column":57}},"98":{"start":{"line":203,"column":24},"end":{"line":213,"column":10}},"99":{"start":{"line":214,"column":8},"end":{"line":214,"column":26}},"100":{"start":{"line":216,"column":8},"end":{"line":216,"column":53}},"101":{"start":{"line":221,"column":0},"end":{"line":237,"column":3}},"102":{"start":{"line":222,"column":4},"end":{"line":236,"column":5}},"103":{"start":{"line":223,"column":25},"end":{"line":223,"column":38}},"104":{"start":{"line":225,"column":30},"end":{"line":228,"column":9}},"105":{"start":{"line":230,"column":8},"end":{"line":232,"column":9}},"106":{"start":{"line":231,"column":12},"end":{"line":231,"column":73}},"107":{"start":{"line":233,"column":8},"end":{"line":233,"column":79}},"108":{"start":{"line":235,"column":8},"end":{"line":235,"column":53}},"109":{"start":{"line":241,"column":0},"end":{"line":252,"column":3}},"110":{"start":{"line":242,"column":4},"end":{"line":251,"column":5}},"111":{"start":{"line":243,"column":24},"end":{"line":246,"column":10}},"112":{"start":{"line":247,"column":8},"end":{"line":247,"column":26}},"113":{"start":{"line":249,"column":8},"end":{"line":249,"column":59}},"114":{"start":{"line":250,"column":8},"end":{"line":250,"column":53}},"115":{"start":{"line":255,"column":0},"end":{"line":274,"column":3}},"116":{"start":{"line":256,"column":4},"end":{"line":273,"column":5}},"117":{"start":{"line":257,"column":23},"end":{"line":257,"column":59}},"118":{"start":{"line":259,"column":8},"end":{"line":261,"column":9}},"119":{"start":{"line":260,"column":12},"end":{"line":260,"column":71}},"120":{"start":{"line":264,"column":8},"end":{"line":264,"column":55}},"121":{"start":{"line":267,"column":8},"end":{"line":267,"column":30}},"122":{"start":{"line":269,"column":8},"end":{"line":269,"column":91}},"123":{"start":{"line":271,"column":8},"end":{"line":271,"column":52}},"124":{"start":{"line":272,"column":8},"end":{"line":272,"column":53}},"125":{"start":{"line":276,"column":0},"end":{"line":276,"column":22}}},"fnMap":{"0":{"name":"(anonymous_0)","decl":{"start":{"line":7,"column":15},"end":{"line":7,"column":16}},"loc":{"start":{"line":7,"column":32},"end":{"line":15,"column":1}},"line":7},"1":{"name":"(anonymous_1)","decl":{"start":{"line":18,"column":36},"end":{"line":18,"column":37}},"loc":{"start":{"line":18,"column":53},"end":{"line":26,"column":1}},"line":18},"2":{"name":"(anonymous_2)","decl":{"start":{"line":29,"column":17},"end":{"line":29,"column":18}},"loc":{"start":{"line":29,"column":34},"end":{"line":37,"column":1}},"line":29},"3":{"name":"(anonymous_3)","decl":{"start":{"line":40,"column":19},"end":{"line":40,"column":20}},"loc":{"start":{"line":40,"column":36},"end":{"line":51,"column":1}},"line":40},"4":{"name":"(anonymous_4)","decl":{"start":{"line":54,"column":26},"end":{"line":54,"column":27}},"loc":{"start":{"line":54,"column":46},"end":{"line":88,"column":1}},"line":54},"5":{"name":"(anonymous_5)","decl":{"start":{"line":91,"column":22},"end":{"line":91,"column":23}},"loc":{"start":{"line":91,"column":39},"end":{"line":102,"column":1}},"line":91},"6":{"name":"(anonymous_6)","decl":{"start":{"line":106,"column":35},"end":{"line":106,"column":36}},"loc":{"start":{"line":106,"column":55},"end":{"line":115,"column":1}},"line":106},"7":{"name":"(anonymous_7)","decl":{"start":{"line":118,"column":26},"end":{"line":118,"column":27}},"loc":{"start":{"line":118,"column":46},"end":{"line":136,"column":1}},"line":118},"8":{"name":"(anonymous_8)","decl":{"start":{"line":139,"column":27},"end":{"line":139,"column":28}},"loc":{"start":{"line":139,"column":47},"end":{"line":160,"column":1}},"line":139},"9":{"name":"(anonymous_9)","decl":{"start":{"line":163,"column":28},"end":{"line":163,"column":29}},"loc":{"start":{"line":163,"column":48},"end":{"line":171,"column":1}},"line":163},"10":{"name":"(anonymous_10)","decl":{"start":{"line":174,"column":24},"end":{"line":174,"column":25}},"loc":{"start":{"line":174,"column":44},"end":{"line":194,"column":1}},"line":174},"11":{"name":"(anonymous_11)","decl":{"start":{"line":197,"column":34},"end":{"line":197,"column":35}},"loc":{"start":{"line":197,"column":54},"end":{"line":218,"column":1}},"line":197},"12":{"name":"(anonymous_12)","decl":{"start":{"line":201,"column":42},"end":{"line":201,"column":43}},"loc":{"start":{"line":201,"column":47},"end":{"line":201,"column":57}},"line":201},"13":{"name":"(anonymous_13)","decl":{"start":{"line":221,"column":26},"end":{"line":221,"column":27}},"loc":{"start":{"line":221,"column":46},"end":{"line":237,"column":1}},"line":221},"14":{"name":"(anonymous_14)","decl":{"start":{"line":241,"column":28},"end":{"line":241,"column":29}},"loc":{"start":{"line":241,"column":48},"end":{"line":252,"column":1}},"line":241},"15":{"name":"(anonymous_15)","decl":{"start":{"line":255,"column":24},"end":{"line":255,"column":25}},"loc":{"start":{"line":255,"column":44},"end":{"line":274,"column":1}},"line":255}},"branchMap":{"0":{"loc":{"start":{"line":43,"column":8},"end":{"line":45,"column":9}},"type":"if","locations":[{"start":{"line":43,"column":8},"end":{"line":45,"column":9}},{"start":{},"end":{}}],"line":43},"1":{"loc":{"start":{"line":61,"column":28},"end":{"line":61,"column":46}},"type":"binary-expr","locations":[{"start":{"line":61,"column":28},"end":{"line":61,"column":36}},{"start":{"line":61,"column":40},"end":{"line":61,"column":46}}],"line":61},"2":{"loc":{"start":{"line":65,"column":8},"end":{"line":70,"column":9}},"type":"if","locations":[{"start":{"line":65,"column":8},"end":{"line":70,"column":9}},{"start":{"line":68,"column":15},"end":{"line":70,"column":9}}],"line":65},"3":{"loc":{"start":{"line":65,"column":12},"end":{"line":65,"column":61}},"type":"binary-expr","locations":[{"start":{"line":65,"column":12},"end":{"line":65,"column":32}},{"start":{"line":65,"column":36},"end":{"line":65,"column":61}}],"line":65},"4":{"loc":{"start":{"line":73,"column":38},"end":{"line":73,"column":105}},"type":"binary-expr","locations":[{"start":{"line":73,"column":38},"end":{"line":73,"column":51}},{"start":{"line":73,"column":56},"end":{"line":73,"column":104}}],"line":73},"5":{"loc":{"start":{"line":73,"column":56},"end":{"line":73,"column":104}},"type":"cond-expr","locations":[{"start":{"line":73,"column":87},"end":{"line":73,"column":97}},{"start":{"line":73,"column":100},"end":{"line":73,"column":104}}],"line":73},"6":{"loc":{"start":{"line":79,"column":8},"end":{"line":81,"column":9}},"type":"if","locations":[{"start":{"line":79,"column":8},"end":{"line":81,"column":9}},{"start":{},"end":{}}],"line":79},"7":{"loc":{"start":{"line":94,"column":8},"end":{"line":96,"column":9}},"type":"if","locations":[{"start":{"line":94,"column":8},"end":{"line":96,"column":9}},{"start":{},"end":{}}],"line":94},"8":{"loc":{"start":{"line":185,"column":8},"end":{"line":187,"column":9}},"type":"if","locations":[{"start":{"line":185,"column":8},"end":{"line":187,"column":9}},{"start":{},"end":{}}],"line":185},"9":{"loc":{"start":{"line":230,"column":8},"end":{"line":232,"column":9}},"type":"if","locations":[{"start":{"line":230,"column":8},"end":{"line":232,"column":9}},{"start":{},"end":{}}],"line":230},"10":{"loc":{"start":{"line":259,"column":8},"end":{"line":261,"column":9}},"type":"if","locations":[{"start":{"line":259,"column":8},"end":{"line":261,"column":9}},{"start":{},"end":{}}],"line":259}},"s":{"0":1,"1":1,"2":1,"3":1,"4":1,"5":2,"6":2,"7":1,"8":1,"9":1,"10":1,"11":1,"12":1,"13":1,"14":0,"15":0,"16":1,"17":3,"18":3,"19":2,"20":1,"21":1,"22":1,"23":0,"24":0,"25":0,"26":0,"27":0,"28":0,"29":0,"30":1,"31":2,"32":2,"33":2,"34":2,"35":2,"36":2,"37":1,"38":1,"39":1,"40":2,"41":2,"42":2,"43":1,"44":1,"45":0,"46":0,"47":1,"48":2,"49":2,"50":2,"51":1,"52":1,"53":0,"54":0,"55":1,"56":0,"57":0,"58":0,"59":0,"60":1,"61":1,"62":1,"63":1,"64":1,"65":1,"66":1,"67":0,"68":1,"69":0,"70":0,"71":0,"72":0,"73":0,"74":0,"75":0,"76":1,"77":0,"78":0,"79":0,"80":0,"81":0,"82":1,"83":3,"84":3,"85":3,"86":3,"87":2,"88":1,"89":1,"90":1,"91":1,"92":1,"93":2,"94":2,"95":2,"96":1,"97":1,"98":1,"99":1,"100":1,"101":1,"102":0,"103":0,"104":0,"105":0,"106":0,"107":0,"108":0,"109":1,"110":1,"111":1,"112":1,"113":0,"114":0,"115":1,"116":1,"117":1,"118":1,"119":0,"120":1,"121":1,"122":1,"123":0,"124":0,"125":1},"f":{"0":2,"1":1,"2":3,"3":0,"4":2,"5":2,"6":0,"7":1,"8":0,"9":0,"10":3,"11":2,"12":1,"13":0,"14":1,"15":1},"b":{"0":[0,0],"1":[2,1],"2":[1,1],"3":[2,1],"4":[2,2],"5":[0,2],"6":[1,1],"7":[1,1],"8":[1,1],"9":[0,0],"10":[0,1]},"_coverageSchema":"1a1c01bbd47fc00a2c39e90264f33305004495a9","hash":"aad6a72722b713bf79b983f8b6566423d27cc2b2"}
,"C:\\Users\\Father Fakir\\Desktop\\Textbooks\\SD\\LucsProj\\Lucs-Project\\Back-end\\routes\\residents.js": {"path":"C:\\Users\\Father Fakir\\Desktop\\Textbooks\\SD\\LucsProj\\Lucs-Project\\Back-end\\routes\\residents.js","statementMap":{"0":{"start":{"line":1,"column":16},"end":{"line":1,"column":34}},"1":{"start":{"line":2,"column":15},"end":{"line":2,"column":31}},"2":{"start":{"line":3,"column":37},"end":{"line":3,"column":57}},"3":{"start":{"line":6,"column":0},"end":{"line":13,"column":3}},"4":{"start":{"line":7,"column":2},"end":{"line":12,"column":3}},"5":{"start":{"line":8,"column":22},"end":{"line":8,"column":46}},"6":{"start":{"line":9,"column":4},"end":{"line":9,"column":24}},"7":{"start":{"line":11,"column":4},"end":{"line":11,"column":49}},"8":{"start":{"line":16,"column":0},"end":{"line":23,"column":3}},"9":{"start":{"line":17,"column":2},"end":{"line":22,"column":3}},"10":{"start":{"line":18,"column":24},"end":{"line":18,"column":55}},"11":{"start":{"line":19,"column":4},"end":{"line":19,"column":38}},"12":{"start":{"line":21,"column":4},"end":{"line":21,"column":49}},"13":{"start":{"line":25,"column":0},"end":{"line":49,"column":3}},"14":{"start":{"line":26,"column":4},"end":{"line":48,"column":5}},"15":{"start":{"line":27,"column":27},"end":{"line":27,"column":40}},"16":{"start":{"line":30,"column":34},"end":{"line":37,"column":10}},"17":{"start":{"line":39,"column":8},"end":{"line":41,"column":9}},"18":{"start":{"line":40,"column":12},"end":{"line":40,"column":75}},"19":{"start":{"line":44,"column":8},"end":{"line":44,"column":42}},"20":{"start":{"line":46,"column":8},"end":{"line":46,"column":60}},"21":{"start":{"line":47,"column":8},"end":{"line":47,"column":53}},"22":{"start":{"line":51,"column":0},"end":{"line":89,"column":3}},"23":{"start":{"line":52,"column":4},"end":{"line":88,"column":5}},"24":{"start":{"line":53,"column":39},"end":{"line":53,"column":47}},"25":{"start":{"line":56,"column":25},"end":{"line":56,"column":60}},"26":{"start":{"line":57,"column":21},"end":{"line":57,"column":48}},"27":{"start":{"line":59,"column":8},"end":{"line":63,"column":9}},"28":{"start":{"line":60,"column":12},"end":{"line":62,"column":15}},"29":{"start":{"line":66,"column":37},"end":{"line":68,"column":10}},"30":{"start":{"line":70,"column":8},"end":{"line":72,"column":9}},"31":{"start":{"line":71,"column":12},"end":{"line":71,"column":101}},"32":{"start":{"line":75,"column":32},"end":{"line":78,"column":10}},"33":{"start":{"line":80,"column":8},"end":{"line":83,"column":11}},"34":{"start":{"line":86,"column":8},"end":{"line":86,"column":59}},"35":{"start":{"line":87,"column":8},"end":{"line":87,"column":53}},"36":{"start":{"line":97,"column":0},"end":{"line":126,"column":3}},"37":{"start":{"line":98,"column":4},"end":{"line":125,"column":5}},"38":{"start":{"line":99,"column":39},"end":{"line":99,"column":47}},"39":{"start":{"line":102,"column":8},"end":{"line":104,"column":9}},"40":{"start":{"line":103,"column":12},"end":{"line":103,"column":90}},"41":{"start":{"line":107,"column":28},"end":{"line":112,"column":10}},"42":{"start":{"line":115,"column":8},"end":{"line":120,"column":9}},"43":{"start":{"line":116,"column":12},"end":{"line":116,"column":76}},"44":{"start":{"line":119,"column":12},"end":{"line":119,"column":73}},"45":{"start":{"line":123,"column":8},"end":{"line":123,"column":59}},"46":{"start":{"line":124,"column":8},"end":{"line":124,"column":53}},"47":{"start":{"line":128,"column":0},"end":{"line":128,"column":24}}},"fnMap":{"0":{"name":"(anonymous_0)","decl":{"start":{"line":6,"column":16},"end":{"line":6,"column":17}},"loc":{"start":{"line":6,"column":36},"end":{"line":13,"column":1}},"line":6},"1":{"name":"(anonymous_1)","decl":{"start":{"line":16,"column":17},"end":{"line":16,"column":18}},"loc":{"start":{"line":16,"column":37},"end":{"line":23,"column":1}},"line":16},"2":{"name":"(anonymous_2)","decl":{"start":{"line":25,"column":33},"end":{"line":25,"column":34}},"loc":{"start":{"line":25,"column":53},"end":{"line":49,"column":1}},"line":25},"3":{"name":"(anonymous_3)","decl":{"start":{"line":51,"column":26},"end":{"line":51,"column":27}},"loc":{"start":{"line":51,"column":46},"end":{"line":89,"column":1}},"line":51},"4":{"name":"(anonymous_4)","decl":{"start":{"line":97,"column":30},"end":{"line":97,"column":31}},"loc":{"start":{"line":97,"column":50},"end":{"line":126,"column":1}},"line":97}},"branchMap":{"0":{"loc":{"start":{"line":39,"column":8},"end":{"line":41,"column":9}},"type":"if","locations":[{"start":{"line":39,"column":8},"end":{"line":41,"column":9}},{"start":{},"end":{}}],"line":39},"1":{"loc":{"start":{"line":59,"column":8},"end":{"line":63,"column":9}},"type":"if","locations":[{"start":{"line":59,"column":8},"end":{"line":63,"column":9}},{"start":{},"end":{}}],"line":59},"2":{"loc":{"start":{"line":59,"column":12},"end":{"line":59,"column":30}},"type":"binary-expr","locations":[{"start":{"line":59,"column":12},"end":{"line":59,"column":21}},{"start":{"line":59,"column":25},"end":{"line":59,"column":30}}],"line":59},"3":{"loc":{"start":{"line":70,"column":8},"end":{"line":72,"column":9}},"type":"if","locations":[{"start":{"line":70,"column":8},"end":{"line":72,"column":9}},{"start":{},"end":{}}],"line":70},"4":{"loc":{"start":{"line":102,"column":8},"end":{"line":104,"column":9}},"type":"if","locations":[{"start":{"line":102,"column":8},"end":{"line":104,"column":9}},{"start":{},"end":{}}],"line":102},"5":{"loc":{"start":{"line":102,"column":12},"end":{"line":102,"column":34}},"type":"binary-expr","locations":[{"start":{"line":102,"column":12},"end":{"line":102,"column":23}},{"start":{"line":102,"column":27},"end":{"line":102,"column":34}}],"line":102},"6":{"loc":{"start":{"line":115,"column":8},"end":{"line":120,"column":9}},"type":"if","locations":[{"start":{"line":115,"column":8},"end":{"line":120,"column":9}},{"start":{"line":117,"column":15},"end":{"line":120,"column":9}}],"line":115}},"s":{"0":1,"1":1,"2":1,"3":1,"4":1,"5":1,"6":1,"7":0,"8":1,"9":0,"10":0,"11":0,"12":0,"13":1,"14":2,"15":2,"16":2,"17":2,"18":1,"19":1,"20":0,"21":0,"22":1,"23":3,"24":3,"25":3,"26":3,"27":3,"28":1,"29":2,"30":2,"31":1,"32":1,"33":1,"34":0,"35":0,"36":1,"37":2,"38":2,"39":2,"40":0,"41":2,"42":2,"43":1,"44":1,"45":0,"46":0,"47":1},"f":{"0":1,"1":0,"2":2,"3":3,"4":2},"b":{"0":[1,1],"1":[1,2],"2":[3,2],"3":[1,1],"4":[0,2],"5":[2,2],"6":[1,1]},"_coverageSchema":"1a1c01bbd47fc00a2c39e90264f33305004495a9","hash":"038daa9c329a622f49b38539276f9d10e7fc87d1"}
,"C:\\Users\\Father Fakir\\Desktop\\Textbooks\\SD\\LucsProj\\Lucs-Project\\Back-end\\routes\\workers.js": {"path":"C:\\Users\\Father Fakir\\Desktop\\Textbooks\\SD\\LucsProj\\Lucs-Project\\Back-end\\routes\\workers.js","statementMap":{"0":{"start":{"line":1,"column":16},"end":{"line":1,"column":34}},"1":{"start":{"line":2,"column":15},"end":{"line":2,"column":31}},"2":{"start":{"line":3,"column":26},"end":{"line":3,"column":46}},"3":{"start":{"line":8,"column":0},"end":{"line":18,"column":3}},"4":{"start":{"line":9,"column":4},"end":{"line":17,"column":5}},"5":{"start":{"line":10,"column":24},"end":{"line":12,"column":10}},"6":{"start":{"line":13,"column":8},"end":{"line":13,"column":26}},"7":{"start":{"line":15,"column":8},"end":{"line":15,"column":62}},"8":{"start":{"line":16,"column":8},"end":{"line":16,"column":53}},"9":{"start":{"line":22,"column":0},"end":{"line":32,"column":3}},"10":{"start":{"line":23,"column":4},"end":{"line":31,"column":5}},"11":{"start":{"line":24,"column":23},"end":{"line":26,"column":10}},"12":{"start":{"line":27,"column":8},"end":{"line":27,"column":25}},"13":{"start":{"line":29,"column":8},"end":{"line":29,"column":61}},"14":{"start":{"line":30,"column":8},"end":{"line":30,"column":53}},"15":{"start":{"line":36,"column":0},"end":{"line":54,"column":3}},"16":{"start":{"line":37,"column":27},"end":{"line":37,"column":37}},"17":{"start":{"line":38,"column":27},"end":{"line":38,"column":35}},"18":{"start":{"line":40,"column":4},"end":{"line":42,"column":5}},"19":{"start":{"line":41,"column":8},"end":{"line":41,"column":87}},"20":{"start":{"line":44,"column":4},"end":{"line":53,"column":5}},"21":{"start":{"line":45,"column":26},"end":{"line":48,"column":9}},"22":{"start":{"line":49,"column":8},"end":{"line":49,"column":89}},"23":{"start":{"line":49,"column":27},"end":{"line":49,"column":89}},"24":{"start":{"line":50,"column":8},"end":{"line":50,"column":78}},"25":{"start":{"line":52,"column":8},"end":{"line":52,"column":53}},"26":{"start":{"line":58,"column":0},"end":{"line":76,"column":3}},"27":{"start":{"line":59,"column":4},"end":{"line":75,"column":5}},"28":{"start":{"line":60,"column":31},"end":{"line":60,"column":41}},"29":{"start":{"line":62,"column":26},"end":{"line":65,"column":9}},"30":{"start":{"line":67,"column":8},"end":{"line":69,"column":9}},"31":{"start":{"line":68,"column":12},"end":{"line":68,"column":95}},"32":{"start":{"line":71,"column":8},"end":{"line":71,"column":91}},"33":{"start":{"line":73,"column":8},"end":{"line":73,"column":48}},"34":{"start":{"line":74,"column":8},"end":{"line":74,"column":53}},"35":{"start":{"line":78,"column":0},"end":{"line":87,"column":3}},"36":{"start":{"line":79,"column":4},"end":{"line":86,"column":5}},"37":{"start":{"line":80,"column":22},"end":{"line":80,"column":53}},"38":{"start":{"line":81,"column":8},"end":{"line":81,"column":26}},"39":{"start":{"line":84,"column":8},"end":{"line":84,"column":27}},"40":{"start":{"line":85,"column":8},"end":{"line":85,"column":50}},"41":{"start":{"line":90,"column":0},"end":{"line":98,"column":3}},"42":{"start":{"line":91,"column":4},"end":{"line":97,"column":5}},"43":{"start":{"line":92,"column":26},"end":{"line":92,"column":64}},"44":{"start":{"line":93,"column":8},"end":{"line":93,"column":40}},"45":{"start":{"line":95,"column":8},"end":{"line":95,"column":27}},"46":{"start":{"line":96,"column":8},"end":{"line":96,"column":50}},"47":{"start":{"line":101,"column":0},"end":{"line":112,"column":3}},"48":{"start":{"line":102,"column":4},"end":{"line":111,"column":5}},"49":{"start":{"line":103,"column":21},"end":{"line":103,"column":66}},"50":{"start":{"line":104,"column":8},"end":{"line":106,"column":9}},"51":{"start":{"line":105,"column":12},"end":{"line":105,"column":70}},"52":{"start":{"line":107,"column":8},"end":{"line":107,"column":25}},"53":{"start":{"line":109,"column":8},"end":{"line":109,"column":27}},"54":{"start":{"line":110,"column":8},"end":{"line":110,"column":50}},"55":{"start":{"line":115,"column":0},"end":{"line":126,"column":3}},"56":{"start":{"line":116,"column":4},"end":{"line":125,"column":5}},"57":{"start":{"line":117,"column":22},"end":{"line":117,"column":87}},"58":{"start":{"line":118,"column":8},"end":{"line":120,"column":9}},"59":{"start":{"line":119,"column":12},"end":{"line":119,"column":70}},"60":{"start":{"line":121,"column":8},"end":{"line":121,"column":70}},"61":{"start":{"line":123,"column":8},"end":{"line":123,"column":27}},"62":{"start":{"line":124,"column":8},"end":{"line":124,"column":50}},"63":{"start":{"line":129,"column":0},"end":{"line":148,"column":3}},"64":{"start":{"line":130,"column":4},"end":{"line":147,"column":5}},"65":{"start":{"line":132,"column":23},"end":{"line":132,"column":54}},"66":{"start":{"line":134,"column":8},"end":{"line":134,"column":82}},"67":{"start":{"line":134,"column":21},"end":{"line":134,"column":82}},"68":{"start":{"line":137,"column":8},"end":{"line":139,"column":9}},"69":{"start":{"line":138,"column":12},"end":{"line":138,"column":68}},"70":{"start":{"line":140,"column":8},"end":{"line":142,"column":9}},"71":{"start":{"line":141,"column":12},"end":{"line":141,"column":75}},"72":{"start":{"line":144,"column":8},"end":{"line":144,"column":63}},"73":{"start":{"line":146,"column":8},"end":{"line":146,"column":53}},"74":{"start":{"line":152,"column":4},"end":{"line":168,"column":5}},"75":{"start":{"line":153,"column":25},"end":{"line":160,"column":10}},"76":{"start":{"line":162,"column":8},"end":{"line":165,"column":9}},"77":{"start":{"line":163,"column":12},"end":{"line":163,"column":56}},"78":{"start":{"line":167,"column":8},"end":{"line":167,"column":57}},"79":{"start":{"line":173,"column":4},"end":{"line":173,"column":62}},"80":{"start":{"line":173,"column":55},"end":{"line":173,"column":62}},"81":{"start":{"line":175,"column":4},"end":{"line":192,"column":5}},"82":{"start":{"line":176,"column":25},"end":{"line":184,"column":10}},"83":{"start":{"line":186,"column":8},"end":{"line":189,"column":9}},"84":{"start":{"line":187,"column":12},"end":{"line":187,"column":45}},"85":{"start":{"line":188,"column":12},"end":{"line":188,"column":30}},"86":{"start":{"line":191,"column":8},"end":{"line":191,"column":52}},"87":{"start":{"line":195,"column":0},"end":{"line":195,"column":22}}},"fnMap":{"0":{"name":"(anonymous_0)","decl":{"start":{"line":8,"column":23},"end":{"line":8,"column":24}},"loc":{"start":{"line":8,"column":43},"end":{"line":18,"column":1}},"line":8},"1":{"name":"(anonymous_1)","decl":{"start":{"line":22,"column":22},"end":{"line":22,"column":23}},"loc":{"start":{"line":22,"column":42},"end":{"line":32,"column":1}},"line":22},"2":{"name":"(anonymous_2)","decl":{"start":{"line":36,"column":38},"end":{"line":36,"column":39}},"loc":{"start":{"line":36,"column":58},"end":{"line":54,"column":1}},"line":36},"3":{"name":"(anonymous_3)","decl":{"start":{"line":58,"column":36},"end":{"line":58,"column":37}},"loc":{"start":{"line":58,"column":56},"end":{"line":76,"column":1}},"line":58},"4":{"name":"(anonymous_4)","decl":{"start":{"line":78,"column":16},"end":{"line":78,"column":17}},"loc":{"start":{"line":78,"column":36},"end":{"line":87,"column":1}},"line":78},"5":{"name":"(anonymous_5)","decl":{"start":{"line":90,"column":17},"end":{"line":90,"column":18}},"loc":{"start":{"line":90,"column":37},"end":{"line":98,"column":1}},"line":90},"6":{"name":"(anonymous_6)","decl":{"start":{"line":101,"column":18},"end":{"line":101,"column":19}},"loc":{"start":{"line":101,"column":35},"end":{"line":112,"column":1}},"line":101},"7":{"name":"(anonymous_7)","decl":{"start":{"line":115,"column":22},"end":{"line":115,"column":23}},"loc":{"start":{"line":115,"column":42},"end":{"line":126,"column":1}},"line":115},"8":{"name":"(anonymous_8)","decl":{"start":{"line":129,"column":22},"end":{"line":129,"column":23}},"loc":{"start":{"line":129,"column":42},"end":{"line":148,"column":1}},"line":129},"9":{"name":"updateProgress","decl":{"start":{"line":151,"column":15},"end":{"line":151,"column":29}},"loc":{"start":{"line":151,"column":52},"end":{"line":169,"column":1}},"line":151},"10":{"name":"resolveTask","decl":{"start":{"line":172,"column":15},"end":{"line":172,"column":26}},"loc":{"start":{"line":172,"column":37},"end":{"line":193,"column":1}},"line":172}},"branchMap":{"0":{"loc":{"start":{"line":40,"column":4},"end":{"line":42,"column":5}},"type":"if","locations":[{"start":{"line":40,"column":4},"end":{"line":42,"column":5}},{"start":{},"end":{}}],"line":40},"1":{"loc":{"start":{"line":49,"column":8},"end":{"line":49,"column":89}},"type":"if","locations":[{"start":{"line":49,"column":8},"end":{"line":49,"column":89}},{"start":{},"end":{}}],"line":49},"2":{"loc":{"start":{"line":67,"column":8},"end":{"line":69,"column":9}},"type":"if","locations":[{"start":{"line":67,"column":8},"end":{"line":69,"column":9}},{"start":{},"end":{}}],"line":67},"3":{"loc":{"start":{"line":104,"column":8},"end":{"line":106,"column":9}},"type":"if","locations":[{"start":{"line":104,"column":8},"end":{"line":106,"column":9}},{"start":{},"end":{}}],"line":104},"4":{"loc":{"start":{"line":118,"column":8},"end":{"line":120,"column":9}},"type":"if","locations":[{"start":{"line":118,"column":8},"end":{"line":120,"column":9}},{"start":{},"end":{}}],"line":118},"5":{"loc":{"start":{"line":134,"column":8},"end":{"line":134,"column":82}},"type":"if","locations":[{"start":{"line":134,"column":8},"end":{"line":134,"column":82}},{"start":{},"end":{}}],"line":134},"6":{"loc":{"start":{"line":137,"column":8},"end":{"line":139,"column":9}},"type":"if","locations":[{"start":{"line":137,"column":8},"end":{"line":139,"column":9}},{"start":{},"end":{}}],"line":137},"7":{"loc":{"start":{"line":140,"column":8},"end":{"line":142,"column":9}},"type":"if","locations":[{"start":{"line":140,"column":8},"end":{"line":142,"column":9}},{"start":{},"end":{}}],"line":140},"8":{"loc":{"start":{"line":162,"column":8},"end":{"line":165,"column":9}},"type":"if","locations":[{"start":{"line":162,"column":8},"end":{"line":165,"column":9}},{"start":{},"end":{}}],"line":162},"9":{"loc":{"start":{"line":173,"column":4},"end":{"line":173,"column":62}},"type":"if","locations":[{"start":{"line":173,"column":4},"end":{"line":173,"column":62}},{"start":{},"end":{}}],"line":173},"10":{"loc":{"start":{"line":186,"column":8},"end":{"line":189,"column":9}},"type":"if","locations":[{"start":{"line":186,"column":8},"end":{"line":189,"column":9}},{"start":{},"end":{}}],"line":186}},"s":{"0":1,"1":1,"2":1,"3":1,"4":0,"5":0,"6":0,"7":0,"8":0,"9":1,"10":1,"11":1,"12":1,"13":0,"14":0,"15":1,"16":5,"17":5,"18":5,"19":1,"20":4,"21":4,"22":3,"23":2,"24":1,"25":1,"26":1,"27":2,"28":2,"29":2,"30":1,"31":0,"32":1,"33":1,"34":1,"35":1,"36":1,"37":1,"38":1,"39":0,"40":0,"41":1,"42":2,"43":2,"44":1,"45":1,"46":1,"47":1,"48":2,"49":2,"50":2,"51":1,"52":1,"53":0,"54":0,"55":1,"56":1,"57":1,"58":1,"59":0,"60":1,"61":0,"62":0,"63":1,"64":3,"65":3,"66":3,"67":0,"68":3,"69":1,"70":2,"71":1,"72":1,"73":0,"74":0,"75":0,"76":0,"77":0,"78":0,"79":0,"80":0,"81":0,"82":0,"83":0,"84":0,"85":0,"86":0,"87":1},"f":{"0":0,"1":1,"2":5,"3":2,"4":1,"5":2,"6":2,"7":1,"8":3,"9":0,"10":0},"b":{"0":[1,4],"1":[2,1],"2":[0,1],"3":[1,1],"4":[0,1],"5":[0,3],"6":[1,2],"7":[1,1],"8":[0,0],"9":[0,0],"10":[0,0]},"_coverageSchema":"1a1c01bbd47fc00a2c39e90264f33305004495a9","hash":"3840954adf9295cc5f2b8014e4df0f0d9ab4cf0a"}
}
