TN:
SF:routes\allocations.js
FN:10,(anonymous_0)
FN:21,(anonymous_1)
FN:35,(anonymous_2)
FN:53,(anonymous_3)
FN:65,(anonymous_4)
FNF:5
FNH:4
FNDA:2,(anonymous_0)
FNDA:1,(anonymous_1)
FNDA:0,(anonymous_2)
FNDA:2,(anonymous_3)
FNDA:2,(anonymous_4)
DA:1,1
DA:2,1
DA:3,1
DA:10,1
DA:11,2
DA:12,2
DA:13,1
DA:15,1
DA:16,1
DA:21,1
DA:22,1
DA:23,1
DA:27,1
DA:29,0
DA:30,0
DA:35,1
DA:36,0
DA:37,0
DA:41,0
DA:43,0
DA:44,0
DA:53,1
DA:54,2
DA:56,2
DA:57,1
DA:59,1
DA:60,1
DA:65,1
DA:66,2
DA:68,2
DA:72,2
DA:73,1
DA:75,1
DA:77,0
DA:78,0
DA:82,1
LF:36
LH:27
BRDA:72,0,0,1
BRDA:72,0,1,1
BRF:2
BRH:2
end_of_record
TN:
SF:routes\geography.js
FN:9,(anonymous_0)
FN:21,(anonymous_1)
FN:37,(anonymous_2)
FN:49,(anonymous_3)
FN:62,(anonymous_4)
FN:78,(anonymous_5)
FN:89,(anonymous_6)
FN:103,(anonymous_7)
FNF:8
FNH:4
FNDA:2,(anonymous_0)
FNDA:1,(anonymous_1)
FNDA:0,(anonymous_2)
FNDA:0,(anonymous_3)
FNDA:0,(anonymous_4)
FNDA:0,(anonymous_5)
FNDA:2,(anonymous_6)
FNDA:2,(anonymous_7)
DA:1,1
DA:2,1
DA:3,1
DA:9,1
DA:10,2
DA:11,2
DA:12,1
DA:14,1
DA:15,1
DA:21,1
DA:22,1
DA:23,1
DA:26,1
DA:28,0
DA:29,0
DA:37,1
DA:38,0
DA:39,0
DA:40,0
DA:42,0
DA:43,0
DA:49,1
DA:50,0
DA:51,0
DA:54,0
DA:56,0
DA:57,0
DA:62,1
DA:63,0
DA:64,0
DA:65,0
DA:66,0
DA:68,0
DA:70,0
DA:71,0
DA:78,1
DA:79,0
DA:80,0
DA:81,0
DA:83,0
DA:84,0
DA:89,1
DA:90,2
DA:91,2
DA:92,2
DA:93,1
DA:95,1
DA:97,0
DA:98,0
DA:103,1
DA:104,2
DA:105,2
DA:107,2
DA:114,2
DA:115,1
DA:119,1
DA:121,0
DA:122,0
DA:126,1
LF:59
LH:31
BRDA:65,0,0,0
BRDA:65,0,1,0
BRDA:92,1,0,1
BRDA:92,1,1,1
BRDA:114,2,0,1
BRDA:114,2,1,1
BRF:6
BRH:4
end_of_record
TN:
SF:routes\grievances.js
FN:10,(anonymous_0)
FN:21,(anonymous_1)
FN:34,(anonymous_2)
FN:47,(anonymous_3)
FN:65,(anonymous_4)
FN:77,(anonymous_5)
FN:95,(anonymous_6)
FNF:7
FNH:6
FNDA:2,(anonymous_0)
FNDA:1,(anonymous_1)
FNDA:0,(anonymous_2)
FNDA:2,(anonymous_3)
FNDA:2,(anonymous_4)
FNDA:2,(anonymous_5)
FNDA:2,(anonymous_6)
DA:1,1
DA:2,1
DA:3,1
DA:10,1
DA:11,2
DA:12,2
DA:13,1
DA:15,1
DA:16,1
DA:21,1
DA:22,1
DA:23,1
DA:26,1
DA:28,0
DA:29,0
DA:34,1
DA:35,0
DA:36,0
DA:39,0
DA:41,0
DA:42,0
DA:47,1
DA:48,2
DA:49,2
DA:50,2
DA:51,1
DA:53,1
DA:55,0
DA:56,0
DA:65,1
DA:66,2
DA:68,2
DA:69,1
DA:71,1
DA:72,1
DA:77,1
DA:78,2
DA:79,2
DA:84,2
DA:85,1
DA:87,1
DA:89,0
DA:90,0
DA:95,1
DA:96,2
DA:97,2
DA:98,2
DA:99,1
DA:101,1
DA:103,0
DA:104,0
DA:108,1
LF:52
LH:39
BRDA:50,0,0,1
BRDA:50,0,1,1
BRDA:84,1,0,1
BRDA:84,1,1,1
BRDA:98,2,0,1
BRDA:98,2,1,1
BRF:6
BRH:6
end_of_record
TN:
SF:routes\reportImages.js
FN:11,(anonymous_0)
FN:29,(anonymous_1)
FN:47,(anonymous_2)
FN:73,(anonymous_3)
FNF:4
FNH:4
FNDA:2,(anonymous_0)
FNDA:2,(anonymous_1)
FNDA:3,(anonymous_2)
FNDA:2,(anonymous_3)
DA:1,1
DA:2,1
DA:3,1
DA:11,1
DA:12,2
DA:13,2
DA:17,2
DA:18,1
DA:21,1
DA:23,0
DA:24,0
DA:29,1
DA:30,2
DA:31,2
DA:32,2
DA:33,1
DA:35,1
DA:37,0
DA:38,0
DA:47,1
DA:48,3
DA:50,3
DA:53,3
DA:54,3
DA:55,1
DA:60,2
DA:65,2
DA:67,0
DA:68,0
DA:73,1
DA:74,2
DA:76,2
DA:80,2
DA:81,1
DA:83,1
DA:85,0
DA:86,0
DA:90,1
LF:38
LH:30
BRDA:17,0,0,1
BRDA:17,0,1,1
BRDA:17,1,0,2
BRDA:17,1,1,2
BRDA:32,2,0,1
BRDA:32,2,1,1
BRDA:54,3,0,1
BRDA:54,3,1,2
BRDA:80,4,0,1
BRDA:80,4,1,1
BRF:10
BRH:10
end_of_record
TN:
SF:routes\reports.js
FN:7,(anonymous_0)
FN:18,(anonymous_1)
FN:29,(anonymous_2)
FN:40,(anonymous_3)
FN:54,(anonymous_4)
FN:91,(anonymous_5)
FN:106,(anonymous_6)
FN:118,(anonymous_7)
FN:139,(anonymous_8)
FN:163,(anonymous_9)
FN:174,(anonymous_10)
FN:197,(anonymous_11)
FN:201,(anonymous_12)
FN:221,(anonymous_13)
FN:241,(anonymous_14)
FN:255,(anonymous_15)
FNF:16
FNH:11
FNDA:2,(anonymous_0)
FNDA:1,(anonymous_1)
FNDA:3,(anonymous_2)
FNDA:0,(anonymous_3)
FNDA:2,(anonymous_4)
FNDA:2,(anonymous_5)
FNDA:0,(anonymous_6)
FNDA:1,(anonymous_7)
FNDA:0,(anonymous_8)
FNDA:0,(anonymous_9)
FNDA:3,(anonymous_10)
FNDA:2,(anonymous_11)
FNDA:1,(anonymous_12)
FNDA:0,(anonymous_13)
FNDA:1,(anonymous_14)
FNDA:1,(anonymous_15)
DA:1,1
DA:2,1
DA:3,1
DA:4,1
DA:7,1
DA:8,2
DA:9,2
DA:10,1
DA:12,1
DA:13,1
DA:18,1
DA:19,1
DA:20,1
DA:21,1
DA:23,0
DA:24,0
DA:29,1
DA:30,3
DA:31,3
DA:32,2
DA:34,1
DA:35,1
DA:40,1
DA:41,0
DA:42,0
DA:43,0
DA:44,0
DA:46,0
DA:48,0
DA:49,0
DA:54,1
DA:55,2
DA:56,2
DA:59,2
DA:61,2
DA:63,2
DA:65,2
DA:66,1
DA:67,1
DA:69,1
DA:73,2
DA:75,2
DA:79,2
DA:80,1
DA:82,1
DA:85,0
DA:86,0
DA:91,1
DA:92,2
DA:93,2
DA:94,2
DA:95,1
DA:97,1
DA:99,0
DA:100,0
DA:106,1
DA:107,0
DA:108,0
DA:111,0
DA:113,0
DA:118,1
DA:119,1
DA:120,1
DA:121,1
DA:124,1
DA:127,1
DA:132,1
DA:134,0
DA:139,1
DA:140,0
DA:141,0
DA:142,0
DA:145,0
DA:151,0
DA:156,0
DA:158,0
DA:163,1
DA:164,0
DA:165,0
DA:166,0
DA:167,0
DA:169,0
DA:174,1
DA:175,3
DA:176,3
DA:178,3
DA:180,3
DA:185,2
DA:186,1
DA:189,1
DA:191,1
DA:192,1
DA:197,1
DA:198,2
DA:199,2
DA:200,2
DA:201,1
DA:203,1
DA:214,1
DA:216,1
DA:221,1
DA:222,0
DA:223,0
DA:225,0
DA:230,0
DA:231,0
DA:233,0
DA:235,0
DA:241,1
DA:242,1
DA:243,1
DA:247,1
DA:249,0
DA:250,0
DA:255,1
DA:256,1
DA:257,1
DA:259,1
DA:260,0
DA:264,1
DA:267,1
DA:269,1
DA:271,0
DA:272,0
DA:276,1
LF:125
LH:83
BRDA:43,0,0,0
BRDA:43,0,1,0
BRDA:61,1,0,2
BRDA:61,1,1,1
BRDA:65,2,0,1
BRDA:65,2,1,1
BRDA:65,3,0,2
BRDA:65,3,1,1
BRDA:73,4,0,2
BRDA:73,4,1,2
BRDA:73,5,0,0
BRDA:73,5,1,2
BRDA:79,6,0,1
BRDA:79,6,1,1
BRDA:94,7,0,1
BRDA:94,7,1,1
BRDA:185,8,0,1
BRDA:185,8,1,1
BRDA:230,9,0,0
BRDA:230,9,1,0
BRDA:259,10,0,0
BRDA:259,10,1,1
BRF:22
BRH:16
end_of_record
TN:
SF:routes\residents.js
FN:6,(anonymous_0)
FN:16,(anonymous_1)
FN:25,(anonymous_2)
FN:51,(anonymous_3)
FN:97,(anonymous_4)
FNF:5
FNH:4
FNDA:1,(anonymous_0)
FNDA:0,(anonymous_1)
FNDA:2,(anonymous_2)
FNDA:3,(anonymous_3)
FNDA:2,(anonymous_4)
DA:1,1
DA:2,1
DA:3,1
DA:6,1
DA:7,1
DA:8,1
DA:9,1
DA:11,0
DA:16,1
DA:17,0
DA:18,0
DA:19,0
DA:21,0
DA:25,1
DA:26,2
DA:27,2
DA:30,2
DA:39,2
DA:40,1
DA:44,1
DA:46,0
DA:47,0
DA:51,1
DA:52,3
DA:53,3
DA:56,3
DA:57,3
DA:59,3
DA:60,1
DA:66,2
DA:70,2
DA:71,1
DA:75,1
DA:80,1
DA:86,0
DA:87,0
DA:97,1
DA:98,2
DA:99,2
DA:102,2
DA:103,0
DA:107,2
DA:115,2
DA:116,1
DA:119,1
DA:123,0
DA:124,0
DA:128,1
LF:48
LH:36
BRDA:39,0,0,1
BRDA:39,0,1,1
BRDA:59,1,0,1
BRDA:59,1,1,2
BRDA:59,2,0,3
BRDA:59,2,1,2
BRDA:70,3,0,1
BRDA:70,3,1,1
BRDA:102,4,0,0
BRDA:102,4,1,2
BRDA:102,5,0,2
BRDA:102,5,1,2
BRDA:115,6,0,1
BRDA:115,6,1,1
BRF:14
BRH:13
end_of_record
TN:
SF:routes\workers.js
FN:8,(anonymous_0)
FN:22,(anonymous_1)
FN:36,(anonymous_2)
FN:58,(anonymous_3)
FN:78,(anonymous_4)
FN:90,(anonymous_5)
FN:101,(anonymous_6)
FN:115,(anonymous_7)
FN:129,(anonymous_8)
FN:151,updateProgress
FN:172,resolveTask
FNF:11
FNH:8
FNDA:0,(anonymous_0)
FNDA:1,(anonymous_1)
FNDA:5,(anonymous_2)
FNDA:2,(anonymous_3)
FNDA:1,(anonymous_4)
FNDA:2,(anonymous_5)
FNDA:2,(anonymous_6)
FNDA:1,(anonymous_7)
FNDA:3,(anonymous_8)
FNDA:0,updateProgress
FNDA:0,resolveTask
DA:1,1
DA:2,1
DA:3,1
DA:8,1
DA:9,0
DA:10,0
DA:13,0
DA:15,0
DA:16,0
DA:22,1
DA:23,1
DA:24,1
DA:27,1
DA:29,0
DA:30,0
DA:36,1
DA:37,5
DA:38,5
DA:40,5
DA:41,1
DA:44,4
DA:45,4
DA:49,3
DA:50,1
DA:52,1
DA:58,1
DA:59,2
DA:60,2
DA:62,2
DA:67,1
DA:68,0
DA:71,1
DA:73,1
DA:74,1
DA:78,1
DA:79,1
DA:80,1
DA:81,1
DA:84,0
DA:85,0
DA:90,1
DA:91,2
DA:92,2
DA:93,1
DA:95,1
DA:96,1
DA:101,1
DA:102,2
DA:103,2
DA:104,2
DA:105,1
DA:107,1
DA:109,0
DA:110,0
DA:115,1
DA:116,1
DA:117,1
DA:118,1
DA:119,0
DA:121,1
DA:123,0
DA:124,0
DA:129,1
DA:130,3
DA:132,3
DA:134,3
DA:137,3
DA:138,1
DA:140,2
DA:141,1
DA:144,1
DA:146,0
DA:152,0
DA:153,0
DA:162,0
DA:163,0
DA:167,0
DA:173,0
DA:175,0
DA:176,0
DA:186,0
DA:187,0
DA:188,0
DA:191,0
DA:195,1
LF:85
LH:57
BRDA:40,0,0,1
BRDA:40,0,1,4
BRDA:49,1,0,2
BRDA:49,1,1,1
BRDA:67,2,0,0
BRDA:67,2,1,1
BRDA:104,3,0,1
BRDA:104,3,1,1
BRDA:118,4,0,0
BRDA:118,4,1,1
BRDA:134,5,0,0
BRDA:134,5,1,3
BRDA:137,6,0,1
BRDA:137,6,1,2
BRDA:140,7,0,1
BRDA:140,7,1,1
BRDA:162,8,0,0
BRDA:162,8,1,0
BRDA:173,9,0,0
BRDA:173,9,1,0
BRDA:186,10,0,0
BRDA:186,10,1,0
BRF:22
BRH:13
end_of_record
