TN:
SF:routes\allocations.js
FN:10,(anonymous_0)
FN:21,(anonymous_1)
FN:35,(anonymous_2)
FN:53,(anonymous_3)
FN:65,(anonymous_4)
FNF:5
FNH:4
FNDA:2,(anonymous_0)
FNDA:1,(anonymous_1)
FNDA:0,(anonymous_2)
FNDA:2,(anonymous_3)
FNDA:2,(anonymous_4)
DA:1,1
DA:2,1
DA:3,1
DA:10,1
DA:11,2
DA:12,2
DA:13,1
DA:15,1
DA:16,1
DA:21,1
DA:22,1
DA:23,1
DA:27,1
DA:29,0
DA:30,0
DA:35,1
DA:36,0
DA:37,0
DA:41,0
DA:43,0
DA:44,0
DA:53,1
DA:54,2
DA:56,2
DA:57,1
DA:59,1
DA:60,1
DA:65,1
DA:66,2
DA:68,2
DA:72,2
DA:73,1
DA:75,1
DA:77,0
DA:78,0
DA:82,1
LF:36
LH:27
BRDA:72,0,0,1
BRDA:72,0,1,1
BRF:2
BRH:2
end_of_record
TN:
SF:routes\geography.js
FN:9,(anonymous_0)
FN:21,(anonymous_1)
FN:37,(anonymous_2)
FN:49,(anonymous_3)
FN:62,(anonymous_4)
FN:78,(anonymous_5)
FN:89,(anonymous_6)
FN:103,(anonymous_7)
FNF:8
FNH:4
FNDA:2,(anonymous_0)
FNDA:1,(anonymous_1)
FNDA:0,(anonymous_2)
FNDA:0,(anonymous_3)
FNDA:0,(anonymous_4)
FNDA:0,(anonymous_5)
FNDA:2,(anonymous_6)
FNDA:2,(anonymous_7)
DA:1,1
DA:2,1
DA:3,1
DA:9,1
DA:10,2
DA:11,2
DA:12,1
DA:14,1
DA:15,1
DA:21,1
DA:22,1
DA:23,1
DA:26,1
DA:28,0
DA:29,0
DA:37,1
DA:38,0
DA:39,0
DA:40,0
DA:42,0
DA:43,0
DA:49,1
DA:50,0
DA:51,0
DA:54,0
DA:56,0
DA:57,0
DA:62,1
DA:63,0
DA:64,0
DA:65,0
DA:66,0
DA:68,0
DA:70,0
DA:71,0
DA:78,1
DA:79,0
DA:80,0
DA:81,0
DA:83,0
DA:84,0
DA:89,1
DA:90,2
DA:91,2
DA:92,2
DA:93,1
DA:95,1
DA:97,0
DA:98,0
DA:103,1
DA:104,2
DA:105,2
DA:107,2
DA:114,2
DA:115,1
DA:119,1
DA:121,0
DA:122,0
DA:126,1
LF:59
LH:31
BRDA:65,0,0,0
BRDA:65,0,1,0
BRDA:92,1,0,1
BRDA:92,1,1,1
BRDA:114,2,0,1
BRDA:114,2,1,1
BRF:6
BRH:4
end_of_record
TN:
SF:routes\grievances.js
FN:10,(anonymous_0)
FN:21,(anonymous_1)
FN:34,(anonymous_2)
FN:47,(anonymous_3)
FN:65,(anonymous_4)
FN:77,(anonymous_5)
FN:95,(anonymous_6)
FNF:7
FNH:6
FNDA:2,(anonymous_0)
FNDA:1,(anonymous_1)
FNDA:0,(anonymous_2)
FNDA:2,(anonymous_3)
FNDA:2,(anonymous_4)
FNDA:2,(anonymous_5)
FNDA:2,(anonymous_6)
DA:1,1
DA:2,1
DA:3,1
DA:10,1
DA:11,2
DA:12,2
DA:13,1
DA:15,1
DA:16,1
DA:21,1
DA:22,1
DA:23,1
DA:26,1
DA:28,0
DA:29,0
DA:34,1
DA:35,0
DA:36,0
DA:39,0
DA:41,0
DA:42,0
DA:47,1
DA:48,2
DA:49,2
DA:50,2
DA:51,1
DA:53,1
DA:55,0
DA:56,0
DA:65,1
DA:66,2
DA:68,2
DA:69,1
DA:71,1
DA:72,1
DA:77,1
DA:78,2
DA:79,2
DA:84,2
DA:85,1
DA:87,1
DA:89,0
DA:90,0
DA:95,1
DA:96,2
DA:97,2
DA:98,2
DA:99,1
DA:101,1
DA:103,0
DA:104,0
DA:108,1
LF:52
LH:39
BRDA:50,0,0,1
BRDA:50,0,1,1
BRDA:84,1,0,1
BRDA:84,1,1,1
BRDA:98,2,0,1
BRDA:98,2,1,1
BRF:6
BRH:6
end_of_record
TN:
SF:routes\notifications.js
FN:8,(anonymous_0)
FN:20,(anonymous_1)
FN:33,(anonymous_2)
FN:47,(anonymous_3)
FN:61,(anonymous_4)
FN:74,(anonymous_5)
FN:87,(anonymous_6)
FN:98,createNotification
FNF:8
FNH:7
FNDA:3,(anonymous_0)
FNDA:2,(anonymous_1)
FNDA:3,(anonymous_2)
FNDA:4,(anonymous_3)
FNDA:2,(anonymous_4)
FNDA:3,(anonymous_5)
FNDA:3,(anonymous_6)
FNDA:0,createNotification
DA:1,1
DA:2,1
DA:3,1
DA:8,1
DA:9,3
DA:10,3
DA:13,2
DA:15,1
DA:20,1
DA:21,2
DA:22,2
DA:26,1
DA:28,1
DA:33,1
DA:34,3
DA:35,3
DA:38,2
DA:40,1
DA:47,1
DA:48,4
DA:49,4
DA:54,3
DA:56,1
DA:61,1
DA:62,2
DA:63,2
DA:67,1
DA:69,1
DA:74,1
DA:75,3
DA:76,3
DA:79,2
DA:80,1
DA:82,1
DA:87,1
DA:88,3
DA:89,3
DA:90,3
DA:91,2
DA:93,1
DA:99,0
DA:100,0
DA:108,0
DA:112,1
DA:113,1
LF:45
LH:42
BRDA:79,0,0,1
BRDA:79,0,1,1
BRDA:98,1,0,0
BRF:3
BRH:2
end_of_record
TN:
SF:routes\reportImages.js
FN:11,(anonymous_0)
FN:29,(anonymous_1)
FN:47,(anonymous_2)
FN:73,(anonymous_3)
FNF:4
FNH:4
FNDA:2,(anonymous_0)
FNDA:2,(anonymous_1)
FNDA:3,(anonymous_2)
FNDA:2,(anonymous_3)
DA:1,1
DA:2,1
DA:3,1
DA:11,1
DA:12,2
DA:13,2
DA:17,2
DA:18,1
DA:21,1
DA:23,0
DA:24,0
DA:29,1
DA:30,2
DA:31,2
DA:32,2
DA:33,1
DA:35,1
DA:37,0
DA:38,0
DA:47,1
DA:48,3
DA:50,3
DA:53,3
DA:54,3
DA:55,1
DA:60,2
DA:65,2
DA:67,0
DA:68,0
DA:73,1
DA:74,2
DA:76,2
DA:80,2
DA:81,1
DA:83,1
DA:85,0
DA:86,0
DA:90,1
LF:38
LH:30
BRDA:17,0,0,1
BRDA:17,0,1,1
BRDA:17,1,0,2
BRDA:17,1,1,2
BRDA:32,2,0,1
BRDA:32,2,1,1
BRDA:54,3,0,1
BRDA:54,3,1,2
BRDA:80,4,0,1
BRDA:80,4,1,1
BRF:10
BRH:10
end_of_record
TN:
SF:routes\reports.js
FN:25,sendEmail
FN:39,notify
FN:64,(anonymous_2)
FN:75,(anonymous_3)
FN:86,(anonymous_4)
FN:124,(anonymous_5)
FN:138,(anonymous_6)
FN:175,(anonymous_7)
FN:192,(anonymous_8)
FN:204,(anonymous_9)
FN:225,(anonymous_10)
FN:280,(anonymous_11)
FN:295,(anonymous_12)
FN:306,(anonymous_13)
FN:329,(anonymous_14)
FN:381,(anonymous_15)
FN:385,(anonymous_16)
FN:400,(anonymous_17)
FN:419,(anonymous_18)
FN:433,(anonymous_19)
FNF:20
FNH:13
FNDA:2,sendEmail
FNDA:2,notify
FNDA:2,(anonymous_2)
FNDA:1,(anonymous_3)
FNDA:3,(anonymous_4)
FNDA:0,(anonymous_5)
FNDA:2,(anonymous_6)
FNDA:2,(anonymous_7)
FNDA:0,(anonymous_8)
FNDA:1,(anonymous_9)
FNDA:0,(anonymous_10)
FNDA:0,(anonymous_11)
FNDA:0,(anonymous_12)
FNDA:3,(anonymous_13)
FNDA:0,(anonymous_14)
FNDA:2,(anonymous_15)
FNDA:1,(anonymous_16)
FNDA:0,(anonymous_17)
FNDA:1,(anonymous_18)
FNDA:1,(anonymous_19)
DA:1,1
DA:2,1
DA:3,1
DA:4,1
DA:5,1
DA:7,1
DA:10,1
DA:22,1
DA:26,2
DA:27,2
DA:33,0
DA:35,2
DA:40,2
DA:41,2
DA:49,2
DA:53,1
DA:54,0
DA:55,0
DA:57,0
DA:58,0
DA:60,1
DA:64,1
DA:65,2
DA:66,2
DA:67,1
DA:69,1
DA:70,1
DA:75,1
DA:76,1
DA:77,1
DA:78,1
DA:80,0
DA:81,0
DA:86,1
DA:87,3
DA:88,3
DA:91,2
DA:99,2
DA:117,2
DA:119,1
DA:124,1
DA:125,0
DA:126,0
DA:127,0
DA:128,0
DA:130,0
DA:132,0
DA:133,0
DA:138,1
DA:139,2
DA:140,2
DA:143,2
DA:145,2
DA:147,2
DA:149,2
DA:150,1
DA:151,1
DA:153,1
DA:157,2
DA:159,2
DA:163,2
DA:164,1
DA:166,1
DA:169,0
DA:170,0
DA:175,1
DA:176,2
DA:177,2
DA:178,2
DA:179,1
DA:181,1
DA:183,0
DA:184,0
DA:192,1
DA:193,0
DA:194,0
DA:197,0
DA:199,0
DA:204,1
DA:205,1
DA:206,1
DA:207,1
DA:210,1
DA:213,1
DA:218,1
DA:220,0
DA:225,1
DA:226,0
DA:227,0
DA:228,0
DA:230,0
DA:231,0
DA:237,0
DA:238,0
DA:239,0
DA:242,0
DA:251,0
DA:252,0
DA:253,0
DA:273,0
DA:275,0
DA:280,1
DA:281,0
DA:282,0
DA:288,0
DA:290,0
DA:295,1
DA:296,0
DA:297,0
DA:298,0
DA:299,0
DA:301,0
DA:306,1
DA:307,3
DA:308,3
DA:310,3
DA:312,3
DA:317,2
DA:318,1
DA:321,1
DA:323,1
DA:324,1
DA:329,1
DA:330,0
DA:331,0
DA:332,0
DA:334,0
DA:335,0
DA:344,0
DA:353,0
DA:371,0
DA:372,0
DA:374,0
DA:381,1
DA:382,2
DA:383,2
DA:384,2
DA:385,1
DA:388,1
DA:393,1
DA:395,1
DA:400,1
DA:401,0
DA:402,0
DA:404,0
DA:409,0
DA:410,0
DA:412,0
DA:414,0
DA:419,1
DA:420,1
DA:421,1
DA:425,1
DA:427,0
DA:428,0
DA:433,1
DA:434,1
DA:435,1
DA:437,1
DA:438,0
DA:442,1
DA:445,1
DA:447,1
DA:449,0
DA:450,0
DA:454,1
LF:166
LH:98
BRDA:39,0,0,0
BRDA:53,1,0,0
BRDA:53,1,1,1
BRDA:53,2,0,1
BRDA:53,2,1,1
BRDA:53,2,2,1
BRDA:95,3,0,2
BRDA:95,3,1,1
BRDA:108,4,0,2
BRDA:108,4,1,1
BRDA:127,5,0,0
BRDA:127,5,1,0
BRDA:145,6,0,2
BRDA:145,6,1,1
BRDA:149,7,0,1
BRDA:149,7,1,1
BRDA:149,8,0,2
BRDA:149,8,1,1
BRDA:157,9,0,2
BRDA:157,9,1,2
BRDA:157,10,0,0
BRDA:157,10,1,2
BRDA:163,11,0,1
BRDA:163,11,1,1
BRDA:178,12,0,1
BRDA:178,12,1,1
BRDA:238,13,0,0
BRDA:238,13,1,0
BRDA:239,14,0,0
BRDA:239,14,1,0
BRDA:252,15,0,0
BRDA:252,15,1,0
BRDA:252,16,0,0
BRDA:252,16,1,0
BRDA:317,17,0,1
BRDA:317,17,1,1
BRDA:409,18,0,0
BRDA:409,18,1,0
BRDA:437,19,0,0
BRDA:437,19,1,1
BRF:40
BRH:24
end_of_record
TN:
SF:routes\residents.js
FN:6,(anonymous_0)
FN:16,(anonymous_1)
FN:25,(anonymous_2)
FN:51,(anonymous_3)
FN:97,(anonymous_4)
FNF:5
FNH:4
FNDA:1,(anonymous_0)
FNDA:0,(anonymous_1)
FNDA:2,(anonymous_2)
FNDA:3,(anonymous_3)
FNDA:2,(anonymous_4)
DA:1,1
DA:2,1
DA:3,1
DA:6,1
DA:7,1
DA:8,1
DA:9,1
DA:11,0
DA:16,1
DA:17,0
DA:18,0
DA:19,0
DA:21,0
DA:25,1
DA:26,2
DA:27,2
DA:30,2
DA:39,2
DA:40,1
DA:44,1
DA:46,0
DA:47,0
DA:51,1
DA:52,3
DA:53,3
DA:56,3
DA:57,3
DA:59,3
DA:60,1
DA:66,2
DA:70,2
DA:71,1
DA:75,1
DA:80,1
DA:86,0
DA:87,0
DA:97,1
DA:98,2
DA:99,2
DA:102,2
DA:103,0
DA:107,2
DA:115,2
DA:116,1
DA:119,1
DA:123,0
DA:124,0
DA:128,1
LF:48
LH:36
BRDA:39,0,0,1
BRDA:39,0,1,1
BRDA:59,1,0,1
BRDA:59,1,1,2
BRDA:59,2,0,3
BRDA:59,2,1,2
BRDA:70,3,0,1
BRDA:70,3,1,1
BRDA:102,4,0,0
BRDA:102,4,1,2
BRDA:102,5,0,2
BRDA:102,5,1,2
BRDA:115,6,0,1
BRDA:115,6,1,1
BRF:14
BRH:13
end_of_record
TN:
SF:routes\workers.js
FN:7,(anonymous_0)
FN:20,(anonymous_1)
FN:33,(anonymous_2)
FN:55,(anonymous_3)
FN:75,(anonymous_4)
FN:87,(anonymous_5)
FN:98,(anonymous_6)
FN:112,(anonymous_7)
FN:126,(anonymous_8)
FN:148,updateProgress
FN:169,resolveTask
FNF:11
FNH:8
FNDA:0,(anonymous_0)
FNDA:1,(anonymous_1)
FNDA:5,(anonymous_2)
FNDA:2,(anonymous_3)
FNDA:1,(anonymous_4)
FNDA:2,(anonymous_5)
FNDA:2,(anonymous_6)
FNDA:1,(anonymous_7)
FNDA:3,(anonymous_8)
FNDA:0,updateProgress
FNDA:0,resolveTask
DA:1,1
DA:2,1
DA:3,1
DA:7,1
DA:8,0
DA:9,0
DA:12,0
DA:14,0
DA:15,0
DA:20,1
DA:21,1
DA:22,1
DA:25,1
DA:27,0
DA:28,0
DA:33,1
DA:34,5
DA:35,5
DA:37,5
DA:38,1
DA:41,4
DA:42,4
DA:46,3
DA:47,1
DA:49,1
DA:55,1
DA:56,2
DA:57,2
DA:59,2
DA:64,1
DA:65,0
DA:68,1
DA:70,1
DA:71,1
DA:75,1
DA:76,1
DA:77,1
DA:78,1
DA:81,0
DA:82,0
DA:87,1
DA:88,2
DA:89,2
DA:90,1
DA:92,1
DA:93,1
DA:98,1
DA:99,2
DA:100,2
DA:101,2
DA:102,1
DA:104,1
DA:106,0
DA:107,0
DA:112,1
DA:113,1
DA:114,1
DA:115,1
DA:116,0
DA:118,1
DA:120,0
DA:121,0
DA:126,1
DA:127,3
DA:129,3
DA:131,3
DA:134,3
DA:135,1
DA:137,2
DA:138,1
DA:141,1
DA:143,0
DA:149,0
DA:150,0
DA:159,0
DA:160,0
DA:164,0
DA:170,0
DA:172,0
DA:173,0
DA:183,0
DA:184,0
DA:185,0
DA:188,0
DA:192,1
LF:85
LH:57
BRDA:37,0,0,1
BRDA:37,0,1,4
BRDA:46,1,0,2
BRDA:46,1,1,1
BRDA:64,2,0,0
BRDA:64,2,1,1
BRDA:101,3,0,1
BRDA:101,3,1,1
BRDA:115,4,0,0
BRDA:115,4,1,1
BRDA:131,5,0,0
BRDA:131,5,1,3
BRDA:134,6,0,1
BRDA:134,6,1,2
BRDA:137,7,0,1
BRDA:137,7,1,1
BRDA:159,8,0,0
BRDA:159,8,1,0
BRDA:170,9,0,0
BRDA:170,9,1,0
BRDA:183,10,0,0
BRDA:183,10,1,0
BRF:22
BRH:13
end_of_record
