TN:
SF:Back-end\routes\allocations.js
FN:10,(anonymous_0)
FN:21,(anonymous_1)
FN:35,(anonymous_2)
FN:53,(anonymous_3)
FN:65,(anonymous_4)
FNF:5
FNH:4
FNDA:2,(anonymous_0)
FNDA:1,(anonymous_1)
FNDA:0,(anonymous_2)
FNDA:2,(anonymous_3)
FNDA:2,(anonymous_4)
DA:1,1
DA:2,1
DA:3,1
DA:10,1
DA:11,2
DA:12,2
DA:13,1
DA:15,1
DA:16,1
DA:21,1
DA:22,1
DA:23,1
DA:27,1
DA:29,0
DA:30,0
DA:35,1
DA:36,0
DA:37,0
DA:41,0
DA:43,0
DA:44,0
DA:53,1
DA:54,2
DA:56,2
DA:57,1
DA:59,1
DA:60,1
DA:65,1
DA:66,2
DA:68,2
DA:72,2
DA:73,1
DA:75,1
DA:77,0
DA:78,0
DA:82,1
LF:36
LH:27
BRDA:72,0,0,1
BRDA:72,0,1,1
BRF:2
BRH:2
end_of_record
TN:
SF:Back-end\routes\geography.js
FN:9,(anonymous_0)
FN:21,(anonymous_1)
FN:37,(anonymous_2)
FN:49,(anonymous_3)
FN:62,(anonymous_4)
FN:78,(anonymous_5)
FN:89,(anonymous_6)
FN:103,(anonymous_7)
FNF:8
FNH:4
FNDA:2,(anonymous_0)
FNDA:1,(anonymous_1)
FNDA:0,(anonymous_2)
FNDA:0,(anonymous_3)
FNDA:0,(anonymous_4)
FNDA:0,(anonymous_5)
FNDA:2,(anonymous_6)
FNDA:2,(anonymous_7)
DA:1,1
DA:2,1
DA:3,1
DA:9,1
DA:10,2
DA:11,2
DA:12,1
DA:14,1
DA:15,1
DA:21,1
DA:22,1
DA:23,1
DA:26,1
DA:28,0
DA:29,0
DA:37,1
DA:38,0
DA:39,0
DA:40,0
DA:42,0
DA:43,0
DA:49,1
DA:50,0
DA:51,0
DA:54,0
DA:56,0
DA:57,0
DA:62,1
DA:63,0
DA:64,0
DA:65,0
DA:66,0
DA:68,0
DA:70,0
DA:71,0
DA:78,1
DA:79,0
DA:80,0
DA:81,0
DA:83,0
DA:84,0
DA:89,1
DA:90,2
DA:91,2
DA:92,2
DA:93,1
DA:95,1
DA:97,0
DA:98,0
DA:103,1
DA:104,2
DA:105,2
DA:107,2
DA:114,2
DA:115,1
DA:119,1
DA:121,0
DA:122,0
DA:126,1
LF:59
LH:31
BRDA:65,0,0,0
BRDA:65,0,1,0
BRDA:92,1,0,1
BRDA:92,1,1,1
BRDA:114,2,0,1
BRDA:114,2,1,1
BRF:6
BRH:4
end_of_record
TN:
SF:Back-end\routes\grievances.js
FN:10,(anonymous_0)
FN:21,(anonymous_1)
FN:34,(anonymous_2)
FN:47,(anonymous_3)
FN:65,(anonymous_4)
FN:77,(anonymous_5)
FN:95,(anonymous_6)
FNF:7
FNH:6
FNDA:2,(anonymous_0)
FNDA:1,(anonymous_1)
FNDA:0,(anonymous_2)
FNDA:2,(anonymous_3)
FNDA:2,(anonymous_4)
FNDA:2,(anonymous_5)
FNDA:2,(anonymous_6)
DA:1,1
DA:2,1
DA:3,1
DA:10,1
DA:11,2
DA:12,2
DA:13,1
DA:15,1
DA:16,1
DA:21,1
DA:22,1
DA:23,1
DA:26,1
DA:28,0
DA:29,0
DA:34,1
DA:35,0
DA:36,0
DA:39,0
DA:41,0
DA:42,0
DA:47,1
DA:48,2
DA:49,2
DA:50,2
DA:51,1
DA:53,1
DA:55,0
DA:56,0
DA:65,1
DA:66,2
DA:68,2
DA:69,1
DA:71,1
DA:72,1
DA:77,1
DA:78,2
DA:79,2
DA:84,2
DA:85,1
DA:87,1
DA:89,0
DA:90,0
DA:95,1
DA:96,2
DA:97,2
DA:98,2
DA:99,1
DA:101,1
DA:103,0
DA:104,0
DA:108,1
LF:52
LH:39
BRDA:50,0,0,1
BRDA:50,0,1,1
BRDA:84,1,0,1
BRDA:84,1,1,1
BRDA:98,2,0,1
BRDA:98,2,1,1
BRF:6
BRH:6
end_of_record
TN:
SF:Back-end\routes\reportImages.js
FN:11,(anonymous_0)
FN:29,(anonymous_1)
FN:47,(anonymous_2)
FN:73,(anonymous_3)
FNF:4
FNH:4
FNDA:2,(anonymous_0)
FNDA:2,(anonymous_1)
FNDA:2,(anonymous_2)
FNDA:2,(anonymous_3)
DA:1,1
DA:2,1
DA:3,1
DA:11,1
DA:12,2
DA:13,2
DA:17,2
DA:18,1
DA:21,1
DA:23,0
DA:24,0
DA:29,1
DA:30,2
DA:31,2
DA:32,2
DA:33,1
DA:35,1
DA:37,0
DA:38,0
DA:47,1
DA:48,2
DA:50,2
DA:53,2
DA:54,2
DA:55,1
DA:60,1
DA:65,1
DA:67,0
DA:68,0
DA:73,1
DA:74,2
DA:76,2
DA:80,2
DA:81,1
DA:83,1
DA:85,0
DA:86,0
DA:90,1
LF:38
LH:30
BRDA:17,0,0,1
BRDA:17,0,1,1
BRDA:17,1,0,2
BRDA:17,1,1,2
BRDA:32,2,0,1
BRDA:32,2,1,1
BRDA:54,3,0,1
BRDA:54,3,1,1
BRDA:80,4,0,1
BRDA:80,4,1,1
BRF:10
BRH:10
end_of_record
TN:
SF:Back-end\routes\reports.js
FN:6,(anonymous_0)
FN:17,(anonymous_1)
FN:28,(anonymous_2)
FN:39,(anonymous_3)
FN:53,(anonymous_4)
FN:70,(anonymous_5)
FN:85,(anonymous_6)
FN:97,(anonymous_7)
FN:118,(anonymous_8)
FN:142,(anonymous_9)
FN:152,(anonymous_10)
FN:170,(anonymous_11)
FN:184,(anonymous_12)
FNF:13
FNH:5
FNDA:2,(anonymous_0)
FNDA:1,(anonymous_1)
FNDA:2,(anonymous_2)
FNDA:0,(anonymous_3)
FNDA:2,(anonymous_4)
FNDA:2,(anonymous_5)
FNDA:0,(anonymous_6)
FNDA:0,(anonymous_7)
FNDA:0,(anonymous_8)
FNDA:0,(anonymous_9)
FNDA:0,(anonymous_10)
FNDA:0,(anonymous_11)
FNDA:0,(anonymous_12)
DA:1,1
DA:2,1
DA:3,1
DA:6,1
DA:7,2
DA:8,2
DA:9,1
DA:11,1
DA:12,1
DA:17,1
DA:18,1
DA:19,1
DA:20,1
DA:22,0
DA:23,0
DA:28,1
DA:29,2
DA:30,2
DA:31,1
DA:33,1
DA:34,1
DA:39,1
DA:40,0
DA:41,0
DA:42,0
DA:43,0
DA:45,0
DA:47,0
DA:48,0
DA:53,1
DA:54,2
DA:56,2
DA:58,2
DA:59,2
DA:60,1
DA:62,1
DA:64,0
DA:65,0
DA:70,1
DA:71,2
DA:72,2
DA:73,2
DA:74,1
DA:76,1
DA:78,0
DA:79,0
DA:85,1
DA:86,0
DA:87,0
DA:90,0
DA:92,0
DA:97,1
DA:98,0
DA:99,0
DA:100,0
DA:103,0
DA:106,0
DA:111,0
DA:113,0
DA:118,1
DA:119,0
DA:120,0
DA:121,0
DA:124,0
DA:130,0
DA:135,0
DA:137,0
DA:142,1
DA:143,0
DA:144,0
DA:147,0
DA:152,0
DA:155,0
DA:162,0
DA:164,0
DA:170,1
DA:171,0
DA:172,0
DA:176,0
DA:178,0
DA:179,0
DA:184,1
DA:185,0
DA:186,0
DA:188,0
DA:189,0
DA:193,0
DA:196,0
DA:198,0
DA:200,0
DA:201,0
DA:205,1
LF:92
LH:40
BRDA:42,0,0,0
BRDA:42,0,1,0
BRDA:59,1,0,1
BRDA:59,1,1,1
BRDA:73,2,0,1
BRDA:73,2,1,1
BRDA:188,3,0,0
BRDA:188,3,1,0
BRF:8
BRH:4
end_of_record
TN:
SF:Back-end\routes\residents.js
FN:6,(anonymous_0)
FN:16,(anonymous_1)
FN:25,(anonymous_2)
FN:51,(anonymous_3)
FN:97,(anonymous_4)
FNF:5
FNH:4
FNDA:1,(anonymous_0)
FNDA:0,(anonymous_1)
FNDA:2,(anonymous_2)
FNDA:3,(anonymous_3)
FNDA:2,(anonymous_4)
DA:1,1
DA:2,1
DA:3,1
DA:6,1
DA:7,1
DA:8,1
DA:9,1
DA:11,0
DA:16,1
DA:17,0
DA:18,0
DA:19,0
DA:21,0
DA:25,1
DA:26,2
DA:27,2
DA:30,2
DA:39,2
DA:40,1
DA:44,1
DA:46,0
DA:47,0
DA:51,1
DA:52,3
DA:53,3
DA:56,3
DA:57,3
DA:59,3
DA:60,1
DA:66,2
DA:70,2
DA:71,1
DA:75,1
DA:80,1
DA:86,0
DA:87,0
DA:97,1
DA:98,2
DA:99,2
DA:102,2
DA:103,0
DA:107,2
DA:115,2
DA:116,1
DA:119,1
DA:123,0
DA:124,0
DA:128,1
LF:48
LH:36
BRDA:39,0,0,1
BRDA:39,0,1,1
BRDA:59,1,0,1
BRDA:59,1,1,2
BRDA:59,2,0,3
BRDA:59,2,1,2
BRDA:70,3,0,1
BRDA:70,3,1,1
BRDA:102,4,0,0
BRDA:102,4,1,2
BRDA:102,5,0,2
BRDA:102,5,1,2
BRDA:115,6,0,1
BRDA:115,6,1,1
BRF:14
BRH:13
end_of_record
TN:
SF:Back-end\routes\workers.js
FN:8,(anonymous_0)
FN:22,(anonymous_1)
FN:36,(anonymous_2)
FN:58,(anonymous_3)
FN:78,(anonymous_4)
FN:90,(anonymous_5)
FN:101,(anonymous_6)
FN:115,(anonymous_7)
FN:129,(anonymous_8)
FNF:9
FNH:5
FNDA:0,(anonymous_0)
FNDA:0,(anonymous_1)
FNDA:0,(anonymous_2)
FNDA:0,(anonymous_3)
FNDA:1,(anonymous_4)
FNDA:2,(anonymous_5)
FNDA:2,(anonymous_6)
FNDA:1,(anonymous_7)
FNDA:3,(anonymous_8)
DA:1,1
DA:2,1
DA:3,1
DA:8,1
DA:9,0
DA:10,0
DA:13,0
DA:15,0
DA:16,0
DA:22,1
DA:23,0
DA:24,0
DA:27,0
DA:29,0
DA:30,0
DA:36,1
DA:37,0
DA:38,0
DA:40,0
DA:41,0
DA:44,0
DA:45,0
DA:49,0
DA:50,0
DA:52,0
DA:58,1
DA:59,0
DA:60,0
DA:62,0
DA:67,0
DA:68,0
DA:71,0
DA:73,0
DA:74,0
DA:78,1
DA:79,1
DA:80,1
DA:81,1
DA:84,0
DA:85,0
DA:90,1
DA:91,2
DA:92,2
DA:93,1
DA:95,1
DA:96,1
DA:101,1
DA:102,2
DA:103,2
DA:104,2
DA:105,1
DA:107,1
DA:109,0
DA:110,0
DA:115,1
DA:116,1
DA:117,1
DA:118,1
DA:119,0
DA:121,1
DA:123,0
DA:124,0
DA:129,1
DA:130,3
DA:132,3
DA:134,3
DA:137,3
DA:138,1
DA:140,2
DA:141,1
DA:144,1
DA:146,0
DA:150,1
LF:73
LH:38
BRDA:40,0,0,0
BRDA:40,0,1,0
BRDA:49,1,0,0
BRDA:49,1,1,0
BRDA:67,2,0,0
BRDA:67,2,1,0
BRDA:104,3,0,1
BRDA:104,3,1,1
BRDA:118,4,0,0
BRDA:118,4,1,1
BRDA:134,5,0,0
BRDA:134,5,1,3
BRDA:137,6,0,1
BRDA:137,6,1,2
BRDA:140,7,0,1
BRDA:140,7,1,1
BRF:16
BRH:8
end_of_record
TN:
SF:Front-end\NittyGritty\WardPage.js
FN:10,(anonymous_0)
FN:25,(anonymous_1)
FN:37,(anonymous_2)
FN:38,(anonymous_3)
FN:49,(anonymous_4)
FN:54,(anonymous_5)
FN:61,(anonymous_6)
FN:75,(anonymous_7)
FN:80,(anonymous_8)
FN:97,fetchWardReports
FN:116,fetchWardDetails
FN:135,renderStats
FN:136,(anonymous_12)
FN:137,(anonymous_13)
FN:143,renderTable
FN:152,(anonymous_15)
FN:193,(anonymous_16)
FN:202,openIssueModal
FN:203,(anonymous_18)
FN:266,(anonymous_19)
FN:267,(anonymous_20)
FN:268,(anonymous_21)
FNF:22
FNH:10
FNDA:0,(anonymous_0)
FNDA:0,(anonymous_1)
FNDA:0,(anonymous_2)
FNDA:0,(anonymous_3)
FNDA:0,(anonymous_4)
FNDA:0,(anonymous_5)
FNDA:0,(anonymous_6)
FNDA:0,(anonymous_7)
FNDA:0,(anonymous_8)
FNDA:1,fetchWardReports
FNDA:2,fetchWardDetails
FNDA:1,renderStats
FNDA:3,(anonymous_12)
FNDA:3,(anonymous_13)
FNDA:2,renderTable
FNDA:3,(anonymous_15)
FNDA:0,(anonymous_16)
FNDA:2,openIssueModal
FNDA:2,(anonymous_18)
FNDA:0,(anonymous_19)
FNDA:2,(anonymous_20)
FNDA:0,(anonymous_21)
DA:4,1
DA:5,1
DA:10,1
DA:12,0
DA:13,0
DA:16,0
DA:17,0
DA:18,0
DA:22,0
DA:25,0
DA:26,0
DA:30,0
DA:31,0
DA:34,0
DA:37,0
DA:38,0
DA:39,0
DA:44,0
DA:45,0
DA:46,0
DA:48,0
DA:49,0
DA:51,0
DA:54,0
DA:56,0
DA:61,0
DA:62,0
DA:64,0
DA:65,0
DA:66,0
DA:68,0
DA:69,0
DA:71,0
DA:72,0
DA:73,0
DA:75,0
DA:76,0
DA:78,0
DA:79,0
DA:80,0
DA:81,0
DA:82,0
DA:83,0
DA:87,0
DA:88,0
DA:89,0
DA:98,1
DA:99,1
DA:100,1
DA:103,0
DA:105,0
DA:106,0
DA:109,1
DA:110,1
DA:117,2
DA:118,2
DA:119,2
DA:121,2
DA:123,2
DA:124,2
DA:127,0
DA:128,0
DA:136,3
DA:137,3
DA:139,1
DA:140,1
DA:144,2
DA:145,2
DA:147,2
DA:148,1
DA:149,1
DA:152,1
DA:153,3
DA:154,3
DA:156,3
DA:157,1
DA:158,2
DA:159,1
DA:161,1
DA:164,3
DA:172,3
DA:173,3
DA:175,3
DA:177,3
DA:179,3
DA:180,3
DA:193,3
DA:195,3
DA:203,2
DA:204,2
DA:206,2
DA:207,2
DA:209,2
DA:211,2
DA:212,2
DA:214,2
DA:215,2
DA:216,2
DA:217,0
DA:218,2
DA:219,2
DA:221,0
DA:223,2
DA:225,2
DA:226,2
DA:228,2
DA:229,6
DA:230,6
DA:237,2
DA:238,2
DA:240,2
DA:242,1
DA:243,1
DA:244,1
DA:245,1
DA:248,1
DA:249,1
DA:250,1
DA:251,1
DA:254,2
DA:258,1
DA:259,1
DA:266,0
DA:267,2
DA:268,0
LF:125
LH:73
BRDA:16,0,0,0
BRDA:16,0,1,0
BRDA:39,1,0,0
BRDA:39,1,1,0
BRDA:48,2,0,0
BRDA:48,2,1,0
BRDA:48,3,0,0
BRDA:48,3,1,0
BRDA:48,3,2,0
BRDA:62,4,0,0
BRDA:62,4,1,0
BRDA:71,5,0,0
BRDA:71,5,1,0
BRDA:76,6,0,0
BRDA:76,6,1,0
BRDA:100,7,0,1
BRDA:100,7,1,0
BRDA:119,8,0,0
BRDA:119,8,1,2
BRDA:123,9,0,1
BRDA:123,9,1,1
BRDA:136,10,0,3
BRDA:136,10,1,0
BRDA:137,11,0,3
BRDA:137,11,1,0
BRDA:147,12,0,1
BRDA:147,12,1,1
BRDA:154,13,0,3
BRDA:154,13,1,0
BRDA:156,14,0,1
BRDA:156,14,1,2
BRDA:156,15,0,3
BRDA:156,15,1,2
BRDA:158,16,0,1
BRDA:158,16,1,1
BRDA:172,17,0,3
BRDA:172,17,1,0
BRDA:173,18,0,3
BRDA:173,18,1,0
BRDA:175,19,0,3
BRDA:175,19,1,0
BRDA:184,20,0,3
BRDA:184,20,1,0
BRDA:187,21,0,3
BRDA:187,21,1,0
BRDA:204,22,0,0
BRDA:204,22,1,2
BRDA:209,23,0,2
BRDA:209,23,1,0
BRDA:211,24,0,2
BRDA:211,24,1,0
BRDA:212,25,0,2
BRDA:212,25,1,0
BRDA:214,26,0,2
BRDA:214,26,1,0
BRDA:216,27,0,0
BRDA:216,27,1,2
BRDA:216,28,0,2
BRDA:216,28,1,2
BRDA:218,29,0,2
BRDA:218,29,1,0
BRDA:238,30,0,2
BRDA:238,30,1,1
BRDA:240,31,0,1
BRDA:240,31,1,1
BRDA:258,32,0,1
BRDA:258,32,1,0
BRDA:258,33,0,1
BRDA:258,33,1,1
BRF:69
BRH:36
end_of_record
